0	0.00339289	PlugwisePC.exe	IRP_MJ_WRITE	VCP0	SUCCESS	Length 30: 05 05 03 03 30 30 32 33 30 30 30 44 36 46 30 30 30 31 41 32 30 46 39 37 42 46 35 37 0D 0A 	
1	0.00001397	PlugwisePC.exe	IOCTL_SERIAL_WAIT_ON_MASK	VCP0	SUCCESS		
2	0.03826660	PlugwisePC.exe	IOCTL_SERIAL_WAIT_ON_MASK	VCP0	SUCCESS		
3	0.00000335	PlugwisePC.exe	IOCTL_SERIAL_GET_COMMSTATUS	VCP0	SUCCESS		
4	0.00000251	PlugwisePC.exe	IOCTL_SERIAL_GET_COMMSTATUS	VCP0	SUCCESS		
5	0.00000475	PlugwisePC.exe	IRP_MJ_READ	VCP0	SUCCESS	Length 132: 05 05 03 03 30 30 30 30 30 31 38 43 30 30 43 31 31 32 43 42 0D 0A 23 20 41 50 53 52 65 71 75 65 73 74 4E 6F 64 65 49 6E 66 6F 3A 20 53 6F 75 72 63 65 20 4D 41 43 3A 20 30 30 30 44 36 46 30 30 30 31 41 35 39 45 44 43 23 20 41 50 53 52 65 71 75 65 73 74 4E 6F 64 65 49 6E 66 6F 3A 20 44 65 73 74 69 6E 61 74 69 6F 6E 20 4D 41 43 3A 20 0D 0A 30 30 30 44 36 46 30 30 30 31 41 32 30 46 39 37 0D 0A 83 	
6	0.00000335	PlugwisePC.exe	IOCTL_SERIAL_GET_COMMSTATUS	VCP0	SUCCESS		
7	0.00002291	PlugwisePC.exe	IOCTL_SERIAL_WAIT_ON_MASK	VCP0	SUCCESS		
8	0.06223808	PlugwisePC.exe	IOCTL_SERIAL_WAIT_ON_MASK	VCP0	SUCCESS		
9	0.00000559	PlugwisePC.exe	IOCTL_SERIAL_GET_COMMSTATUS	VCP0	SUCCESS		
10	0.00000447	PlugwisePC.exe	IOCTL_SERIAL_GET_COMMSTATUS	VCP0	SUCCESS		
11	0.00000754	PlugwisePC.exe	IRP_MJ_READ	VCP0	SUCCESS	Length 76: 05 05 03 03 30 30 32 34 30 31 38 43 30 30 30 44 36 46 30 30 30 31 41 32 30 46 39 37 31 31 30 42 30 39 32 31 30 30 30 35 39 44 46 38 30 31 38 35 36 35 33 39 30 37 30 31 34 30 32 34 34 45 30 38 34 34 43 32 30 32 45 36 38 38 0D 0A 	
12	0.00000670	PlugwisePC.exe	IOCTL_SERIAL_GET_COMMSTATUS	VCP0	SUCCESS		
13	0.00404660	PlugwisePC.exe	IRP_MJ_WRITE	VCP0	SUCCESS	Length 54: 05 05 03 03 30 30 31 36 30 30 30 44 36 46 30 30 30 31 41 32 30 46 39 37 31 31 30 42 30 39 32 31 30 30 30 34 34 30 30 30 30 45 33 39 31 33 30 34 44 35 45 31 0D 0A 	
14	0.01540028	PlugwisePC.exe	IOCTL_SERIAL_WAIT_ON_MASK	VCP0	SUCCESS		
15	0.00000615	PlugwisePC.exe	IOCTL_SERIAL_GET_COMMSTATUS	VCP0	SUCCESS		
16	0.00000447	PlugwisePC.exe	IOCTL_SERIAL_GET_COMMSTATUS	VCP0	SUCCESS		
17	0.00000726	PlugwisePC.exe	IRP_MJ_READ	VCP0	SUCCESS	Length 22: 05 05 03 03 30 30 30 30 30 31 38 44 30 30 43 31 37 35 31 46 0D 0A 	
18	0.04837319	PlugwisePC.exe	IOCTL_SERIAL_WAIT_ON_MASK	VCP0	SUCCESS		
19	0.00000587	PlugwisePC.exe	IOCTL_SERIAL_GET_COMMSTATUS	VCP0	SUCCESS		
20	0.00000447	PlugwisePC.exe	IOCTL_SERIAL_GET_COMMSTATUS	VCP0	SUCCESS		
21	0.00000782	PlugwisePC.exe	IRP_MJ_READ	VCP0	SUCCESS	Length 1: 83 	
22	0.03372552	PlugwisePC.exe	IOCTL_SERIAL_WAIT_ON_MASK	VCP0	SUCCESS		
23	0.00000615	PlugwisePC.exe	IOCTL_SERIAL_GET_COMMSTATUS	VCP0	SUCCESS		
24	0.00000447	PlugwisePC.exe	IOCTL_SERIAL_GET_COMMSTATUS	VCP0	SUCCESS		
25	0.00000782	PlugwisePC.exe	IRP_MJ_READ	VCP0	SUCCESS	Length 38: 05 05 03 03 30 30 30 30 30 31 38 44 30 30 44 37 30 30 30 44 36 46 30 30 30 31 41 32 30 46 39 37 46 34 30 32 0D 0A 	
26	0.00295149	PlugwisePC.exe	IRP_MJ_WRITE	VCP0	SUCCESS	Length 30: 05 05 03 03 30 30 32 33 30 30 30 44 36 46 30 30 30 31 41 32 30 46 39 37 42 46 35 37 0D 0A 	
27	0.00002291	PlugwisePC.exe	IOCTL_SERIAL_WAIT_ON_MASK	VCP0	SUCCESS		
28	0.01591599	PlugwisePC.exe	IOCTL_SERIAL_WAIT_ON_MASK	VCP0	SUCCESS		
29	0.00000559	PlugwisePC.exe	IOCTL_SERIAL_GET_COMMSTATUS	VCP0	SUCCESS		
30	0.00000475	PlugwisePC.exe	IOCTL_SERIAL_GET_COMMSTATUS	VCP0	SUCCESS		
31	0.00000726	PlugwisePC.exe	IRP_MJ_READ	VCP0	SUCCESS	Length 132: 05 05 03 03 30 30 30 30 30 31 38 45 30 30 43 31 44 46 34 45 0D 0A 23 20 41 50 53 52 65 71 75 65 73 74 4E 6F 64 65 49 6E 66 6F 3A 20 53 6F 75 72 63 65 20 4D 41 43 3A 20 30 30 30 44 36 46 30 30 30 31 41 35 39 45 44 43 23 20 41 50 53 52 65 71 75 65 73 74 4E 6F 64 65 49 6E 66 6F 3A 20 44 65 73 74 69 6E 61 74 69 6F 6E 20 4D 41 43 3A 20 0D 0A 30 30 30 44 36 46 30 30 30 31 41 32 30 46 39 37 0D 0A 83 	
32	0.00000670	PlugwisePC.exe	IOCTL_SERIAL_GET_COMMSTATUS	VCP0	SUCCESS		
33	0.02075208	PlugwisePC.exe	IOCTL_SERIAL_WAIT_ON_MASK	VCP0	SUCCESS		
34	0.00000670	PlugwisePC.exe	IOCTL_SERIAL_GET_COMMSTATUS	VCP0	SUCCESS		
35	0.00000475	PlugwisePC.exe	IOCTL_SERIAL_GET_COMMSTATUS	VCP0	SUCCESS		
36	0.00000726	PlugwisePC.exe	IRP_MJ_READ	VCP0	SUCCESS	Length 4: 05 05 03 03 	
37	0.00002319	PlugwisePC.exe	IOCTL_SERIAL_WAIT_ON_MASK	VCP0	SUCCESS		
38	18.68817517	PlugwisePC.exe	IOCTL_SERIAL_WAIT_ON_MASK	VCP0	SUCCESS		
39	0.00000587	PlugwisePC.exe	IOCTL_SERIAL_GET_COMMSTATUS	VCP0	SUCCESS		
40	0.00000531	PlugwisePC.exe	IOCTL_SERIAL_GET_COMMSTATUS	VCP0	SUCCESS		
41	0.00000782	PlugwisePC.exe	IRP_MJ_READ	VCP0	SUCCESS	Length 72: 30 30 32 34 30 31 38 45 30 30 30 44 36 46 30 30 30 31 41 32 30 46 39 37 31 31 30 42 30 39 32 31 30 30 30 34 34 30 30 30 30 31 38 35 36 35 33 39 30 37 30 31 34 30 32 34 34 45 30 38 34 34 43 32 30 32 42 30 45 45 0D 0A 	
42	0.00000670	PlugwisePC.exe	IOCTL_SERIAL_GET_COMMSTATUS	VCP0	SUCCESS		
43	0.00345994	PlugwisePC.exe	IRP_MJ_WRITE	VCP0	SUCCESS	Length 30: 05 05 03 03 30 30 32 33 30 30 30 44 36 46 30 30 30 31 41 35 39 45 44 43 33 32 42 32 0D 0A 	
44	0.02004752	PlugwisePC.exe	IOCTL_SERIAL_WAIT_ON_MASK	VCP0	SUCCESS		
45	0.00000643	PlugwisePC.exe	IOCTL_SERIAL_GET_COMMSTATUS	VCP0	SUCCESS		
46	0.00000447	PlugwisePC.exe	IOCTL_SERIAL_GET_COMMSTATUS	VCP0	SUCCESS		
47	0.00000810	PlugwisePC.exe	IRP_MJ_READ	VCP0	SUCCESS	Length 34: 05 05 03 03 30 30 30 30 30 31 38 46 30 30 43 31 33 31 39 43 0D 0A 05 05 03 03 30 30 32 34 30 31 38 46 	
48	0.00002291	PlugwisePC.exe	IOCTL_SERIAL_WAIT_ON_MASK	VCP0	SUCCESS		
49	0.00000615	PlugwisePC.exe	IOCTL_SERIAL_GET_COMMSTATUS	VCP0	SUCCESS		
50	0.00000475	PlugwisePC.exe	IOCTL_SERIAL_GET_COMMSTATUS	VCP0	SUCCESS		
51	0.00000754	PlugwisePC.exe	IRP_MJ_READ	VCP0	SUCCESS	Length 65: 30 30 30 44 36 46 30 30 30 31 41 35 39 45 44 43 30 30 30 30 30 30 30 30 30 30 30 30 30 30 30 30 30 30 38 30 36 35 33 39 30 37 30 30 38 35 31 31 34 45 30 38 34 32 42 42 30 30 42 39 37 45 0D 0A 83 	
52	0.00001034	PlugwisePC.exe	IOCTL_SERIAL_GET_COMMSTATUS	VCP0	SUCCESS		
53	0.09617507	PlugwisePC.exe	IOCTL_SERIAL_WAIT_ON_MASK	VCP0	SUCCESS		
54	0.00293501	PlugwisePC.exe	IRP_MJ_WRITE	VCP0	SUCCESS	Length 30: 05 05 03 03 30 30 32 33 30 30 30 44 36 46 30 30 30 31 41 34 30 30 45 32 30 35 45 42 0D 0A 	
55	0.00002347	PlugwisePC.exe	IOCTL_SERIAL_WAIT_ON_MASK	VCP0	SUCCESS		
56	0.02895675	PlugwisePC.exe	IOCTL_SERIAL_WAIT_ON_MASK	VCP0	SUCCESS		
57	0.00000615	PlugwisePC.exe	IOCTL_SERIAL_GET_COMMSTATUS	VCP0	SUCCESS		
58	0.00000447	PlugwisePC.exe	IOCTL_SERIAL_GET_COMMSTATUS	VCP0	SUCCESS		
59	0.00000782	PlugwisePC.exe	IRP_MJ_READ	VCP0	SUCCESS	Length 132: 05 05 03 03 30 30 30 30 30 31 39 30 30 30 43 31 41 34 33 46 0D 0A 23 20 41 50 53 52 65 71 75 65 73 74 4E 6F 64 65 49 6E 66 6F 3A 20 53 6F 75 72 63 65 20 4D 41 43 3A 20 30 30 30 44 36 46 30 30 30 31 41 35 39 45 44 43 23 20 41 50 53 52 65 71 75 65 73 74 4E 6F 64 65 49 6E 66 6F 3A 20 44 65 73 74 69 6E 61 74 69 6F 6E 20 4D 41 43 3A 20 0D 0A 30 30 30 44 36 46 30 30 30 31 41 34 30 30 45 32 0D 0A 83 	
60	0.00000643	PlugwisePC.exe	IOCTL_SERIAL_GET_COMMSTATUS	VCP0	SUCCESS		
61	0.02084203	PlugwisePC.exe	IOCTL_SERIAL_WAIT_ON_MASK	VCP0	SUCCESS		
62	0.00000615	PlugwisePC.exe	IOCTL_SERIAL_GET_COMMSTATUS	VCP0	SUCCESS		
63	0.00000447	PlugwisePC.exe	IOCTL_SERIAL_GET_COMMSTATUS	VCP0	SUCCESS		
64	0.00000726	PlugwisePC.exe	IRP_MJ_READ	VCP0	SUCCESS	Length 10: 05 05 03 03 30 30 32 34 30 31 	
65	0.00002291	PlugwisePC.exe	IOCTL_SERIAL_WAIT_ON_MASK	VCP0	SUCCESS		
66	0.07983557	PlugwisePC.exe	IOCTL_SERIAL_WAIT_ON_MASK	VCP0	SUCCESS		
67	0.00000559	PlugwisePC.exe	IOCTL_SERIAL_GET_COMMSTATUS	VCP0	SUCCESS		
68	0.00000475	PlugwisePC.exe	IOCTL_SERIAL_GET_COMMSTATUS	VCP0	SUCCESS		
69	0.00000726	PlugwisePC.exe	IRP_MJ_READ	VCP0	SUCCESS	Length 66: 39 30 30 30 30 44 36 46 30 30 30 31 41 34 30 30 45 32 31 31 30 42 30 39 32 31 30 30 30 35 39 45 33 38 30 31 38 35 36 35 33 39 30 37 30 31 34 30 32 34 34 45 30 38 34 34 43 32 30 32 45 31 43 37 0D 0A 	
70	0.00000698	PlugwisePC.exe	IOCTL_SERIAL_GET_COMMSTATUS	VCP0	SUCCESS		
71	0.00464361	PlugwisePC.exe	IRP_MJ_WRITE	VCP0	SUCCESS	Length 30: 05 05 03 03 30 30 31 32 30 30 30 44 36 46 30 30 30 31 41 34 30 30 45 32 31 35 37 42 0D 0A 	
72	0.03457953	PlugwisePC.exe	IOCTL_SERIAL_WAIT_ON_MASK	VCP0	SUCCESS		
73	0.00000587	PlugwisePC.exe	IOCTL_SERIAL_GET_COMMSTATUS	VCP0	SUCCESS		
74	0.00000447	PlugwisePC.exe	IOCTL_SERIAL_GET_COMMSTATUS	VCP0	SUCCESS		
75	0.00000754	PlugwisePC.exe	IRP_MJ_READ	VCP0	SUCCESS	Length 23: 05 05 03 03 30 30 30 30 30 31 39 31 30 30 43 31 30 45 36 45 0D 0A 83 	
76	0.01606824	PlugwisePC.exe	IOCTL_SERIAL_WAIT_ON_MASK	VCP0	SUCCESS		
77	0.00000615	PlugwisePC.exe	IOCTL_SERIAL_GET_COMMSTATUS	VCP0	SUCCESS		
78	0.00000475	PlugwisePC.exe	IOCTL_SERIAL_GET_COMMSTATUS	VCP0	SUCCESS		
79	0.00000726	PlugwisePC.exe	IRP_MJ_READ	VCP0	SUCCESS	Length 49: 05 05 03 03 30 30 31 33 30 31 39 31 30 30 30 44 36 46 30 30 30 31 41 34 30 30 45 32 30 30 30 30 30 30 30 30 30 30 30 30 30 30 31 42 46 46 46 46 46 	
80	0.00260704	PlugwisePC.exe	IRP_MJ_WRITE	VCP0	SUCCESS	Length 32: 05 05 03 03 30 30 35 38 30 30 30 44 36 46 30 30 30 31 41 32 30 46 39 37 30 30 37 44 43 30 0D 0A 	
81	0.04512836	PlugwisePC.exe	IOCTL_SERIAL_WAIT_ON_MASK	VCP0	SUCCESS		
82	0.00000615	PlugwisePC.exe	IOCTL_SERIAL_GET_COMMSTATUS	VCP0	SUCCESS		
83	0.00000475	PlugwisePC.exe	IOCTL_SERIAL_GET_COMMSTATUS	VCP0	SUCCESS		
84	0.00000726	PlugwisePC.exe	IRP_MJ_READ	VCP0	SUCCESS	Length 36: 46 41 30 30 30 30 37 30 34 43 31 0D 0A 05 05 03 03 30 30 30 30 30 31 39 32 30 30 43 31 45 30 42 43 0D 0A 83 	
85	0.00242629	PlugwisePC.exe	IRP_MJ_WRITE	VCP0	SUCCESS	Length 30: 05 05 03 03 30 30 32 33 30 30 30 44 36 46 30 30 30 31 41 34 30 32 31 46 39 31 30 35 0D 0A 	
86	0.02368038	PlugwisePC.exe	IOCTL_SERIAL_WAIT_ON_MASK	VCP0	SUCCESS		
87	0.00000587	PlugwisePC.exe	IOCTL_SERIAL_GET_COMMSTATUS	VCP0	SUCCESS		
88	0.00000475	PlugwisePC.exe	IOCTL_SERIAL_GET_COMMSTATUS	VCP0	SUCCESS		
89	0.00000754	PlugwisePC.exe	IRP_MJ_READ	VCP0	SUCCESS	Length 57: 05 05 03 03 30 30 30 30 30 31 39 33 30 30 43 31 34 41 45 44 0D 0A 23 20 41 50 53 52 65 71 75 65 73 74 4E 6F 64 65 49 6E 66 6F 3A 20 53 6F 75 72 63 65 20 4D 41 43 3A 20 30 	
90	0.00002263	PlugwisePC.exe	IOCTL_SERIAL_WAIT_ON_MASK	VCP0	SUCCESS		
91	0.03690776	PlugwisePC.exe	IOCTL_SERIAL_WAIT_ON_MASK	VCP0	SUCCESS		
92	0.00000559	PlugwisePC.exe	IOCTL_SERIAL_GET_COMMSTATUS	VCP0	SUCCESS		
93	0.00000447	PlugwisePC.exe	IOCTL_SERIAL_GET_COMMSTATUS	VCP0	SUCCESS		
94	0.00000754	PlugwisePC.exe	IRP_MJ_READ	VCP0	SUCCESS	Length 113: 30 30 44 36 46 30 30 30 31 41 35 39 45 44 43 23 20 41 50 53 52 65 71 75 65 73 74 4E 6F 64 65 49 6E 66 6F 3A 20 44 65 73 74 69 6E 61 74 69 6F 6E 20 4D 41 43 3A 20 0D 0A 30 30 30 44 36 46 30 30 30 31 41 34 30 32 31 46 0D 0A 83 05 05 03 03 30 30 30 30 30 31 39 32 30 30 46 39 30 30 30 44 36 46 30 30 30 31 41 32 30 46 39 37 43 38 42 33 0D 0A 	
95	0.00000670	PlugwisePC.exe	IOCTL_SERIAL_GET_COMMSTATUS	VCP0	SUCCESS		
96	0.00002263	PlugwisePC.exe	IOCTL_SERIAL_WAIT_ON_MASK	VCP0	SUCCESS		
97	0.08008504	PlugwisePC.exe	IOCTL_SERIAL_WAIT_ON_MASK	VCP0	SUCCESS		
98	0.00000559	PlugwisePC.exe	IOCTL_SERIAL_GET_COMMSTATUS	VCP0	SUCCESS		
99	0.00000447	PlugwisePC.exe	IOCTL_SERIAL_GET_COMMSTATUS	VCP0	SUCCESS		
100	0.00000754	PlugwisePC.exe	IRP_MJ_READ	VCP0	SUCCESS	Length 76: 05 05 03 03 30 30 32 34 30 31 39 33 30 30 30 44 36 46 30 30 30 31 41 34 30 32 31 46 31 31 30 42 30 39 32 31 30 30 30 37 30 43 34 30 30 31 38 35 36 35 33 39 30 37 30 31 34 30 32 34 34 45 30 38 34 34 43 32 30 32 45 41 30 39 0D 0A 	
101	0.00000698	PlugwisePC.exe	IOCTL_SERIAL_GET_COMMSTATUS	VCP0	SUCCESS		
102	0.00281013	PlugwisePC.exe	IRP_MJ_WRITE	VCP0	SUCCESS	Length 30: 05 05 03 03 30 30 31 32 30 30 30 44 36 46 30 30 30 31 41 34 30 32 31 46 38 31 39 35 0D 0A 	
103	0.01525473	PlugwisePC.exe	IOCTL_SERIAL_WAIT_ON_MASK	VCP0	SUCCESS		
104	0.00000615	PlugwisePC.exe	IOCTL_SERIAL_GET_COMMSTATUS	VCP0	SUCCESS		
105	0.00000447	PlugwisePC.exe	IOCTL_SERIAL_GET_COMMSTATUS	VCP0	SUCCESS		
106	0.00000726	PlugwisePC.exe	IRP_MJ_READ	VCP0	SUCCESS	Length 23: 05 05 03 03 30 30 30 30 30 31 39 34 30 30 43 31 32 44 33 39 0D 0A 83 	
107	0.01608501	PlugwisePC.exe	IOCTL_SERIAL_WAIT_ON_MASK	VCP0	SUCCESS		
108	0.00000615	PlugwisePC.exe	IOCTL_SERIAL_GET_COMMSTATUS	VCP0	SUCCESS		
109	0.00000475	PlugwisePC.exe	IOCTL_SERIAL_GET_COMMSTATUS	VCP0	SUCCESS		
110	0.00000754	PlugwisePC.exe	IRP_MJ_READ	VCP0	SUCCESS	Length 10: 05 05 03 03 30 30 31 33 30 31 	
111	0.01480914	PlugwisePC.exe	IOCTL_SERIAL_WAIT_ON_MASK	VCP0	SUCCESS		
112	0.00000615	PlugwisePC.exe	IOCTL_SERIAL_GET_COMMSTATUS	VCP0	SUCCESS		
113	0.00000447	PlugwisePC.exe	IOCTL_SERIAL_GET_COMMSTATUS	VCP0	SUCCESS		
114	0.00001006	PlugwisePC.exe	IRP_MJ_READ	VCP0	SUCCESS	Length 52: 39 34 30 30 30 44 36 46 30 30 30 31 41 34 30 32 31 46 30 30 30 31 30 30 30 41 30 30 30 30 31 33 36 38 30 30 30 30 30 30 30 30 30 30 30 34 31 45 32 39 0D 0A 	
115	0.00403515	PlugwisePC.exe	IRP_MJ_WRITE	VCP0	SUCCESS	Length 30: 05 05 03 03 30 30 32 33 30 30 30 44 36 46 30 30 30 31 41 34 30 32 32 33 45 41 36 34 0D 0A 	
116	0.02405222	PlugwisePC.exe	IOCTL_SERIAL_WAIT_ON_MASK	VCP0	SUCCESS		
117	0.00000615	PlugwisePC.exe	IOCTL_SERIAL_GET_COMMSTATUS	VCP0	SUCCESS		
118	0.00000475	PlugwisePC.exe	IOCTL_SERIAL_GET_COMMSTATUS	VCP0	SUCCESS		
119	0.00000726	PlugwisePC.exe	IRP_MJ_READ	VCP0	SUCCESS	Length 10: 05 05 03 03 30 30 30 30 30 31 	
120	0.00000922	PlugwisePC.exe	IOCTL_SERIAL_GET_COMMSTATUS	VCP0	SUCCESS		
121	0.00000447	PlugwisePC.exe	IOCTL_SERIAL_GET_COMMSTATUS	VCP0	SUCCESS		
122	0.00000726	PlugwisePC.exe	IRP_MJ_READ	VCP0	SUCCESS	Length 122: 39 35 30 30 43 31 38 37 36 38 0D 0A 23 20 41 50 53 52 65 71 75 65 73 74 4E 6F 64 65 49 6E 66 6F 3A 20 53 6F 75 72 63 65 20 4D 41 43 3A 20 30 30 30 44 36 46 30 30 30 31 41 35 39 45 44 43 23 20 41 50 53 52 65 71 75 65 73 74 4E 6F 64 65 49 6E 66 6F 3A 20 44 65 73 74 69 6E 61 74 69 6F 6E 20 4D 41 43 3A 20 0D 0A 30 30 30 44 36 46 30 30 30 31 41 34 30 32 32 33 0D 0A 83 	
123	0.00002179	PlugwisePC.exe	IOCTL_SERIAL_WAIT_ON_MASK	VCP0	SUCCESS		
124	0.03522710	PlugwisePC.exe	IOCTL_SERIAL_WAIT_ON_MASK	VCP0	SUCCESS		
125	0.00000670	PlugwisePC.exe	IOCTL_SERIAL_GET_COMMSTATUS	VCP0	SUCCESS		
126	0.00002263	PlugwisePC.exe	IOCTL_SERIAL_WAIT_ON_MASK	VCP0	SUCCESS		
127	0.07966543	PlugwisePC.exe	IOCTL_SERIAL_WAIT_ON_MASK	VCP0	SUCCESS		
128	0.00000587	PlugwisePC.exe	IOCTL_SERIAL_GET_COMMSTATUS	VCP0	SUCCESS		
129	0.00000475	PlugwisePC.exe	IOCTL_SERIAL_GET_COMMSTATUS	VCP0	SUCCESS		
130	0.00000754	PlugwisePC.exe	IRP_MJ_READ	VCP0	SUCCESS	Length 76: 05 05 03 03 30 30 32 34 30 31 39 35 30 30 30 44 36 46 30 30 30 31 41 34 30 32 32 33 31 31 30 42 30 39 32 31 30 30 30 37 30 46 33 30 30 31 38 35 36 35 33 39 30 37 30 31 34 30 32 34 34 45 30 38 34 34 43 32 30 32 42 38 39 38 0D 0A 	
131	0.00003660	PlugwisePC.exe	IOCTL_SERIAL_GET_COMMSTATUS	VCP0	SUCCESS		
132	0.00266710	PlugwisePC.exe	IRP_MJ_WRITE	VCP0	SUCCESS	Length 30: 05 05 03 03 30 30 31 32 30 30 30 44 36 46 30 30 30 31 41 34 30 32 32 33 46 41 46 34 0D 0A 	
133	0.03725893	PlugwisePC.exe	IOCTL_SERIAL_WAIT_ON_MASK	VCP0	SUCCESS		
134	0.00000643	PlugwisePC.exe	IOCTL_SERIAL_GET_COMMSTATUS	VCP0	SUCCESS		
135	0.00000447	PlugwisePC.exe	IOCTL_SERIAL_GET_COMMSTATUS	VCP0	SUCCESS		
136	0.00000782	PlugwisePC.exe	IRP_MJ_READ	VCP0	SUCCESS	Length 23: 05 05 03 03 30 30 30 30 30 31 39 36 30 30 43 31 36 39 42 41 0D 0A 83 	
137	0.01602327	PlugwisePC.exe	IOCTL_SERIAL_WAIT_ON_MASK	VCP0	SUCCESS		
138	0.00000587	PlugwisePC.exe	IOCTL_SERIAL_GET_COMMSTATUS	VCP0	SUCCESS		
139	0.00000475	PlugwisePC.exe	IOCTL_SERIAL_GET_COMMSTATUS	VCP0	SUCCESS		
140	0.00000726	PlugwisePC.exe	IRP_MJ_READ	VCP0	SUCCESS	Length 62: 05 05 03 03 30 30 31 33 30 31 39 36 30 30 30 44 36 46 30 30 30 31 41 34 30 32 32 33 30 30 33 46 30 31 46 38 30 30 30 33 44 35 30 36 30 30 30 30 30 30 30 30 30 30 31 31 35 43 45 41 0D 0A 	
141	0.00134347	PlugwisePC.exe	IRP_MJ_WRITE	VCP0	SUCCESS	Length 30: 05 05 03 03 30 30 32 33 30 30 30 44 36 46 30 30 30 31 41 34 30 32 32 41 42 34 42 31 0D 0A 	
142	0.02374352	PlugwisePC.exe	IOCTL_SERIAL_WAIT_ON_MASK	VCP0	SUCCESS		
143	0.00000587	PlugwisePC.exe	IOCTL_SERIAL_GET_COMMSTATUS	VCP0	SUCCESS		
144	0.00000475	PlugwisePC.exe	IOCTL_SERIAL_GET_COMMSTATUS	VCP0	SUCCESS		
145	0.00000782	PlugwisePC.exe	IRP_MJ_READ	VCP0	SUCCESS	Length 59: 05 05 03 03 30 30 30 30 30 31 39 37 30 30 43 31 43 33 45 42 0D 0A 23 20 41 50 53 52 65 71 75 65 73 74 4E 6F 64 65 49 6E 66 6F 3A 20 53 6F 75 72 63 65 20 4D 41 43 3A 20 30 30 30 	
146	0.00002347	PlugwisePC.exe	IOCTL_SERIAL_WAIT_ON_MASK	VCP0	SUCCESS		
147	0.02787365	PlugwisePC.exe	IOCTL_SERIAL_WAIT_ON_MASK	VCP0	SUCCESS		
148	0.00000754	PlugwisePC.exe	IOCTL_SERIAL_GET_COMMSTATUS	VCP0	SUCCESS		
149	0.00000615	PlugwisePC.exe	IOCTL_SERIAL_GET_COMMSTATUS	VCP0	SUCCESS		
150	0.00000894	PlugwisePC.exe	IRP_MJ_READ	VCP0	SUCCESS	Length 73: 44 36 46 30 30 30 31 41 35 39 45 44 43 23 20 41 50 53 52 65 71 75 65 73 74 4E 6F 64 65 49 6E 66 6F 3A 20 44 65 73 74 69 6E 61 74 69 6F 6E 20 4D 41 43 3A 20 0D 0A 30 30 30 44 36 46 30 30 30 31 41 34 30 32 32 41 0D 0A 83 	
151	0.00000754	PlugwisePC.exe	IOCTL_SERIAL_GET_COMMSTATUS	VCP0	SUCCESS		
152	0.01700942	PlugwisePC.exe	IOCTL_SERIAL_WAIT_ON_MASK	VCP0	SUCCESS		
153	0.00011566	PlugwisePC.exe	IOCTL_SERIAL_GET_COMMSTATUS	VCP0	SUCCESS		
154	0.00009303	PlugwisePC.exe	IOCTL_SERIAL_GET_COMMSTATUS	VCP0	SUCCESS		
155	0.00007962	PlugwisePC.exe	IRP_MJ_READ	VCP0	SUCCESS	Length 16: 05 05 03 03 30 30 32 34 30 31 39 37 30 30 30 44 	
156	0.07962548	PlugwisePC.exe	IOCTL_SERIAL_WAIT_ON_MASK	VCP0	SUCCESS		
157	0.00000503	PlugwisePC.exe	IOCTL_SERIAL_GET_COMMSTATUS	VCP0	SUCCESS		
158	0.00000391	PlugwisePC.exe	IOCTL_SERIAL_GET_COMMSTATUS	VCP0	SUCCESS		
159	0.00000643	PlugwisePC.exe	IRP_MJ_READ	VCP0	SUCCESS	Length 60: 36 46 30 30 30 31 41 34 30 32 32 41 31 31 30 42 30 39 32 31 30 30 30 35 39 44 31 30 30 31 38 35 36 35 33 39 30 37 30 31 34 30 32 34 34 45 30 38 34 34 43 32 30 32 39 42 33 30 0D 0A 	
160	0.00189661	PlugwisePC.exe	IRP_MJ_WRITE	VCP0	SUCCESS	Length 30: 05 05 03 03 30 30 31 32 30 30 30 44 36 46 30 30 30 31 41 34 30 32 32 41 41 34 32 31 0D 0A 	
161	0.07664577	PlugwisePC.exe	IOCTL_SERIAL_WAIT_ON_MASK	VCP0	SUCCESS		
162	0.00000615	PlugwisePC.exe	IOCTL_SERIAL_GET_COMMSTATUS	VCP0	SUCCESS		
163	0.00000447	PlugwisePC.exe	IOCTL_SERIAL_GET_COMMSTATUS	VCP0	SUCCESS		
164	0.00000754	PlugwisePC.exe	IRP_MJ_READ	VCP0	SUCCESS	Length 23: 05 05 03 03 30 30 30 30 30 31 39 38 30 30 43 31 41 36 31 32 0D 0A 83 	
165	0.03544724	PlugwisePC.exe	IOCTL_SERIAL_WAIT_ON_MASK	VCP0	SUCCESS		
166	0.00001425	PlugwisePC.exe	IOCTL_SERIAL_GET_COMMSTATUS	VCP0	SUCCESS		
167	0.00001201	PlugwisePC.exe	IOCTL_SERIAL_GET_COMMSTATUS	VCP0	SUCCESS		
168	0.00001369	PlugwisePC.exe	IRP_MJ_READ	VCP0	SUCCESS	Length 62: 05 05 03 03 30 30 31 33 30 31 39 38 30 30 30 44 36 46 30 30 30 31 41 34 30 32 32 41 30 30 30 31 30 30 30 35 30 30 30 30 30 38 35 30 30 30 30 30 30 30 30 30 30 30 30 41 36 44 46 44 0D 0A 	
169	0.00285008	PlugwisePC.exe	IRP_MJ_WRITE	VCP0	SUCCESS	Length 30: 05 05 03 03 30 30 32 33 30 30 30 44 36 46 30 30 30 31 41 34 30 34 41 35 36 35 30 38 0D 0A 	
170	0.00002291	PlugwisePC.exe	IOCTL_SERIAL_WAIT_ON_MASK	VCP0	SUCCESS		
171	0.01650629	PlugwisePC.exe	IOCTL_SERIAL_WAIT_ON_MASK	VCP0	SUCCESS		
172	0.00000587	PlugwisePC.exe	IOCTL_SERIAL_GET_COMMSTATUS	VCP0	SUCCESS		
173	0.00000447	PlugwisePC.exe	IOCTL_SERIAL_GET_COMMSTATUS	VCP0	SUCCESS		
174	0.00000754	PlugwisePC.exe	IRP_MJ_READ	VCP0	SUCCESS	Length 132: 05 05 03 03 30 30 30 30 30 31 39 39 30 30 43 31 30 43 34 33 0D 0A 23 20 41 50 53 52 65 71 75 65 73 74 4E 6F 64 65 49 6E 66 6F 3A 20 53 6F 75 72 63 65 20 4D 41 43 3A 20 30 30 30 44 36 46 30 30 30 31 41 35 39 45 44 43 23 20 41 50 53 52 65 71 75 65 73 74 4E 6F 64 65 49 6E 66 6F 3A 20 44 65 73 74 69 6E 61 74 69 6F 6E 20 4D 41 43 3A 20 0D 0A 30 30 30 44 36 46 30 30 30 31 41 34 30 34 41 35 0D 0A 83 	
175	0.00000643	PlugwisePC.exe	IOCTL_SERIAL_GET_COMMSTATUS	VCP0	SUCCESS		
176	0.01736059	PlugwisePC.exe	IOCTL_SERIAL_WAIT_ON_MASK	VCP0	SUCCESS		
177	0.00000587	PlugwisePC.exe	IOCTL_SERIAL_GET_COMMSTATUS	VCP0	SUCCESS		
178	0.00000475	PlugwisePC.exe	IOCTL_SERIAL_GET_COMMSTATUS	VCP0	SUCCESS		
179	0.00000726	PlugwisePC.exe	IRP_MJ_READ	VCP0	SUCCESS	Length 43: 05 05 03 03 30 30 32 34 30 31 39 39 30 30 30 44 36 46 30 30 30 31 41 34 30 34 41 35 31 31 30 42 30 39 32 31 30 30 30 34 44 46 34 	
180	0.08045380	PlugwisePC.exe	IOCTL_SERIAL_WAIT_ON_MASK	VCP0	SUCCESS		
181	0.00000643	PlugwisePC.exe	IOCTL_SERIAL_GET_COMMSTATUS	VCP0	SUCCESS		
182	0.00000447	PlugwisePC.exe	IOCTL_SERIAL_GET_COMMSTATUS	VCP0	SUCCESS		
183	0.00000754	PlugwisePC.exe	IRP_MJ_READ	VCP0	SUCCESS	Length 33: 30 30 31 38 35 36 35 33 39 30 37 30 31 34 30 32 34 34 45 30 38 34 34 43 32 30 32 32 46 46 33 0D 0A 	
184	0.00388820	PlugwisePC.exe	IRP_MJ_WRITE	VCP0	SUCCESS	Length 30: 05 05 03 03 30 30 31 32 30 30 30 44 36 46 30 30 30 31 41 34 30 34 41 35 37 35 39 38 0D 0A 	
185	0.03648089	PlugwisePC.exe	IOCTL_SERIAL_WAIT_ON_MASK	VCP0	SUCCESS		
186	0.00000615	PlugwisePC.exe	IOCTL_SERIAL_GET_COMMSTATUS	VCP0	SUCCESS		
187	0.00000503	PlugwisePC.exe	IOCTL_SERIAL_GET_COMMSTATUS	VCP0	SUCCESS		
188	0.00000782	PlugwisePC.exe	IRP_MJ_READ	VCP0	SUCCESS	Length 23: 05 05 03 03 30 30 30 30 30 31 39 41 30 30 43 31 31 33 45 38 0D 0A 83 	
189	0.00000866	PlugwisePC.exe	IOCTL_SERIAL_GET_COMMSTATUS	VCP0	SUCCESS		
190	0.00000447	PlugwisePC.exe	IOCTL_SERIAL_GET_COMMSTATUS	VCP0	SUCCESS		
191	0.00000754	PlugwisePC.exe	IRP_MJ_READ	VCP0	SUCCESS	Length 62: 05 05 03 03 30 30 31 33 30 31 39 41 30 30 30 44 36 46 30 30 30 31 41 34 30 34 41 35 30 30 30 30 30 30 30 30 30 30 30 30 30 30 30 30 46 46 46 42 35 31 45 35 30 30 30 42 45 32 43 37 0D 0A 	
192	0.01649064	PlugwisePC.exe	IOCTL_SERIAL_WAIT_ON_MASK	VCP0	SUCCESS		
193	0.00244417	PlugwisePC.exe	IRP_MJ_WRITE	VCP0	SUCCESS	Length 30: 05 05 03 03 30 30 32 33 30 30 30 44 36 46 30 30 30 31 41 34 30 35 33 31 37 43 38 37 0D 0A 	
194	0.01986202	PlugwisePC.exe	IOCTL_SERIAL_WAIT_ON_MASK	VCP0	SUCCESS		
195	0.00000559	PlugwisePC.exe	IOCTL_SERIAL_GET_COMMSTATUS	VCP0	SUCCESS		
196	0.00000363	PlugwisePC.exe	IOCTL_SERIAL_GET_COMMSTATUS	VCP0	SUCCESS		
197	0.00000643	PlugwisePC.exe	IRP_MJ_READ	VCP0	SUCCESS	Length 22: 05 05 03 03 30 30 30 30 30 31 39 42 30 30 43 31 46 44 33 41 0D 0A 	
198	0.00007655	PlugwisePC.exe	IOCTL_SERIAL_WAIT_ON_MASK	VCP0	SUCCESS		
199	0.06304377	PlugwisePC.exe	IOCTL_SERIAL_WAIT_ON_MASK	VCP0	SUCCESS		
200	0.00000698	PlugwisePC.exe	IOCTL_SERIAL_GET_COMMSTATUS	VCP0	SUCCESS		
201	0.00000391	PlugwisePC.exe	IOCTL_SERIAL_GET_COMMSTATUS	VCP0	SUCCESS		
202	0.00000670	PlugwisePC.exe	IRP_MJ_READ	VCP0	SUCCESS	Length 110: 23 20 41 50 53 52 65 71 75 65 73 74 4E 6F 64 65 49 6E 66 6F 3A 20 53 6F 75 72 63 65 20 4D 41 43 3A 20 30 30 30 44 36 46 30 30 30 31 41 35 39 45 44 43 23 20 41 50 53 52 65 71 75 65 73 74 4E 6F 64 65 49 6E 66 6F 3A 20 44 65 73 74 69 6E 61 74 69 6F 6E 20 4D 41 43 3A 20 0D 0A 30 30 30 44 36 46 30 30 30 31 41 34 30 35 33 31 0D 0A 83 	
203	0.00000615	PlugwisePC.exe	IOCTL_SERIAL_GET_COMMSTATUS	VCP0	SUCCESS		
204	0.01643198	PlugwisePC.exe	IOCTL_SERIAL_WAIT_ON_MASK	VCP0	SUCCESS		
205	0.00000615	PlugwisePC.exe	IOCTL_SERIAL_GET_COMMSTATUS	VCP0	SUCCESS		
206	0.00000447	PlugwisePC.exe	IOCTL_SERIAL_GET_COMMSTATUS	VCP0	SUCCESS		
207	0.00000726	PlugwisePC.exe	IRP_MJ_READ	VCP0	SUCCESS	Length 51: 05 05 03 03 30 30 32 34 30 31 39 42 30 30 30 44 36 46 30 30 30 31 41 34 30 35 33 31 31 31 30 42 30 39 32 31 30 30 30 35 39 45 33 38 30 31 38 35 36 35 33 	
208	0.07933578	PlugwisePC.exe	IOCTL_SERIAL_WAIT_ON_MASK	VCP0	SUCCESS		
209	0.00000587	PlugwisePC.exe	IOCTL_SERIAL_GET_COMMSTATUS	VCP0	SUCCESS		
210	0.00000447	PlugwisePC.exe	IOCTL_SERIAL_GET_COMMSTATUS	VCP0	SUCCESS		
211	0.00000726	PlugwisePC.exe	IRP_MJ_READ	VCP0	SUCCESS	Length 25: 39 30 37 30 31 34 30 32 34 34 45 30 38 34 34 43 32 30 32 36 34 38 39 0D 0A 	
212	0.00379601	PlugwisePC.exe	IRP_MJ_WRITE	VCP0	SUCCESS	Length 30: 05 05 03 03 30 30 31 32 30 30 30 44 36 46 30 30 30 31 41 34 30 35 33 31 36 43 31 37 0D 0A 	
213	0.06698226	PlugwisePC.exe	IOCTL_SERIAL_WAIT_ON_MASK	VCP0	SUCCESS		
214	0.00000615	PlugwisePC.exe	IOCTL_SERIAL_GET_COMMSTATUS	VCP0	SUCCESS		
215	0.00000447	PlugwisePC.exe	IOCTL_SERIAL_GET_COMMSTATUS	VCP0	SUCCESS		
216	0.00000726	PlugwisePC.exe	IRP_MJ_READ	VCP0	SUCCESS	Length 23: 05 05 03 03 30 30 30 30 30 31 39 43 30 30 43 31 35 37 36 42 0D 0A 83 	
217	0.01455464	PlugwisePC.exe	IOCTL_SERIAL_WAIT_ON_MASK	VCP0	SUCCESS		
218	0.00000615	PlugwisePC.exe	IOCTL_SERIAL_GET_COMMSTATUS	VCP0	SUCCESS		
219	0.00000447	PlugwisePC.exe	IOCTL_SERIAL_GET_COMMSTATUS	VCP0	SUCCESS		
220	0.00000838	PlugwisePC.exe	IRP_MJ_READ	VCP0	SUCCESS	Length 58: 05 05 03 03 30 30 31 33 30 31 39 43 30 30 30 44 36 46 30 30 30 31 41 34 30 35 33 31 30 30 30 30 46 46 46 46 30 30 30 30 36 31 31 42 46 46 46 42 39 39 38 44 30 30 30 41 38 36 	
221	0.04420702	PlugwisePC.exe	IOCTL_SERIAL_WAIT_ON_MASK	VCP0	SUCCESS		
222	0.00000615	PlugwisePC.exe	IOCTL_SERIAL_GET_COMMSTATUS	VCP0	SUCCESS		
223	0.00000447	PlugwisePC.exe	IOCTL_SERIAL_GET_COMMSTATUS	VCP0	SUCCESS		
224	0.00000754	PlugwisePC.exe	IRP_MJ_READ	VCP0	SUCCESS	Length 4: 39 46 0D 0A 	
225	0.00423685	PlugwisePC.exe	IRP_MJ_WRITE	VCP0	SUCCESS	Length 30: 05 05 03 03 30 30 32 33 30 30 30 44 36 46 30 30 30 31 41 34 30 35 36 39 30 32 37 41 0D 0A 	
226	0.00002291	PlugwisePC.exe	IOCTL_SERIAL_WAIT_ON_MASK	VCP0	SUCCESS		
227	0.10382074	PlugwisePC.exe	IOCTL_SERIAL_WAIT_ON_MASK	VCP0	SUCCESS		
228	0.00000531	PlugwisePC.exe	IOCTL_SERIAL_GET_COMMSTATUS	VCP0	SUCCESS		
229	0.00000475	PlugwisePC.exe	IOCTL_SERIAL_GET_COMMSTATUS	VCP0	SUCCESS		
230	0.00000754	PlugwisePC.exe	IRP_MJ_READ	VCP0	SUCCESS	Length 132: 05 05 03 03 30 30 30 30 30 31 39 44 30 30 43 31 33 30 42 46 0D 0A 23 20 41 50 53 52 65 71 75 65 73 74 4E 6F 64 65 49 6E 66 6F 3A 20 53 6F 75 72 63 65 20 4D 41 43 3A 20 30 30 30 44 36 46 30 30 30 31 41 35 39 45 44 43 23 20 41 50 53 52 65 71 75 65 73 74 4E 6F 64 65 49 6E 66 6F 3A 20 44 65 73 74 69 6E 61 74 69 6F 6E 20 4D 41 43 3A 20 0D 0A 30 30 30 44 36 46 30 30 30 31 41 34 30 35 36 39 0D 0A 83 	
231	0.00000670	PlugwisePC.exe	IOCTL_SERIAL_GET_COMMSTATUS	VCP0	SUCCESS		
232	0.00002291	PlugwisePC.exe	IOCTL_SERIAL_WAIT_ON_MASK	VCP0	SUCCESS		
233	0.06317088	PlugwisePC.exe	IOCTL_SERIAL_WAIT_ON_MASK	VCP0	SUCCESS		
234	0.00000587	PlugwisePC.exe	IOCTL_SERIAL_GET_COMMSTATUS	VCP0	SUCCESS		
235	0.00000475	PlugwisePC.exe	IOCTL_SERIAL_GET_COMMSTATUS	VCP0	SUCCESS		
236	0.00000726	PlugwisePC.exe	IRP_MJ_READ	VCP0	SUCCESS	Length 76: 05 05 03 03 30 30 32 34 30 31 39 44 30 30 30 44 36 46 30 30 30 31 41 34 30 35 36 39 31 31 30 42 30 39 32 31 30 30 30 35 39 45 33 30 30 31 38 35 36 35 33 39 30 37 30 31 34 30 32 34 34 45 30 38 34 34 43 32 30 32 30 43 35 30 0D 0A 	
237	0.00000698	PlugwisePC.exe	IOCTL_SERIAL_GET_COMMSTATUS	VCP0	SUCCESS		
238	0.00209133	PlugwisePC.exe	IRP_MJ_WRITE	VCP0	SUCCESS	Length 30: 05 05 03 03 30 30 31 32 30 30 30 44 36 46 30 30 30 31 41 34 30 35 36 39 31 32 45 41 0D 0A 	
239	0.08223336	PlugwisePC.exe	IOCTL_SERIAL_WAIT_ON_MASK	VCP0	SUCCESS		
240	0.00000363	PlugwisePC.exe	IOCTL_SERIAL_GET_COMMSTATUS	VCP0	SUCCESS		
241	0.00000223	PlugwisePC.exe	IOCTL_SERIAL_GET_COMMSTATUS	VCP0	SUCCESS		
242	0.00000447	PlugwisePC.exe	IRP_MJ_READ	VCP0	SUCCESS	Length 23: 05 05 03 03 30 30 30 30 30 31 39 45 30 30 43 31 39 41 45 45 0D 0A 83 	
243	0.01401267	PlugwisePC.exe	IOCTL_SERIAL_WAIT_ON_MASK	VCP0	SUCCESS		
244	0.00003380	PlugwisePC.exe	IOCTL_SERIAL_GET_COMMSTATUS	VCP0	SUCCESS		
245	0.00000475	PlugwisePC.exe	IOCTL_SERIAL_GET_COMMSTATUS	VCP0	SUCCESS		
246	0.00000754	PlugwisePC.exe	IRP_MJ_READ	VCP0	SUCCESS	Length 56: 05 05 03 03 30 30 31 33 30 31 39 45 30 30 30 44 36 46 30 30 30 31 41 34 30 35 36 39 30 30 30 31 30 30 30 33 30 30 30 30 42 31 41 33 46 46 46 46 46 46 46 37 30 30 30 41 	
247	0.00000838	PlugwisePC.exe	IOCTL_SERIAL_GET_COMMSTATUS	VCP0	SUCCESS		
248	0.00000475	PlugwisePC.exe	IOCTL_SERIAL_GET_COMMSTATUS	VCP0	SUCCESS		
249	0.00000754	PlugwisePC.exe	IRP_MJ_READ	VCP0	SUCCESS	Length 6: 44 39 31 46 0D 0A 	
250	0.03740000	PlugwisePC.exe	IOCTL_SERIAL_WAIT_ON_MASK	VCP0	SUCCESS		
251	0.00274532	PlugwisePC.exe	IRP_MJ_WRITE	VCP0	SUCCESS	Length 30: 05 05 03 03 30 30 32 33 30 30 30 44 36 46 30 30 30 31 41 35 41 33 37 32 41 43 31 30 0D 0A 	
252	0.00002263	PlugwisePC.exe	IOCTL_SERIAL_WAIT_ON_MASK	VCP0	SUCCESS		
253	0.08723427	PlugwisePC.exe	IOCTL_SERIAL_WAIT_ON_MASK	VCP0	SUCCESS		
254	0.00000559	PlugwisePC.exe	IOCTL_SERIAL_GET_COMMSTATUS	VCP0	SUCCESS		
255	0.00000475	PlugwisePC.exe	IOCTL_SERIAL_GET_COMMSTATUS	VCP0	SUCCESS		
256	0.00000726	PlugwisePC.exe	IRP_MJ_READ	VCP0	SUCCESS	Length 132: 05 05 03 03 30 30 30 30 30 31 39 46 30 30 43 31 37 34 33 43 0D 0A 23 20 41 50 53 52 65 71 75 65 73 74 4E 6F 64 65 49 6E 66 6F 3A 20 53 6F 75 72 63 65 20 4D 41 43 3A 20 30 30 30 44 36 46 30 30 30 31 41 35 39 45 44 43 23 20 41 50 53 52 65 71 75 65 73 74 4E 6F 64 65 49 6E 66 6F 3A 20 44 65 73 74 69 6E 61 74 69 6F 6E 20 4D 41 43 3A 20 0D 0A 30 30 30 44 36 46 30 30 30 31 41 35 41 33 37 32 0D 0A 83 	
257	0.00000698	PlugwisePC.exe	IOCTL_SERIAL_GET_COMMSTATUS	VCP0	SUCCESS		
258	0.00002458	PlugwisePC.exe	IOCTL_SERIAL_WAIT_ON_MASK	VCP0	SUCCESS		
259	0.06341281	PlugwisePC.exe	IOCTL_SERIAL_WAIT_ON_MASK	VCP0	SUCCESS		
260	0.00000643	PlugwisePC.exe	IOCTL_SERIAL_GET_COMMSTATUS	VCP0	SUCCESS		
261	0.00000475	PlugwisePC.exe	IOCTL_SERIAL_GET_COMMSTATUS	VCP0	SUCCESS		
262	0.00000810	PlugwisePC.exe	IRP_MJ_READ	VCP0	SUCCESS	Length 76: 05 05 03 03 30 30 32 34 30 31 39 46 30 30 30 44 36 46 30 30 30 31 41 35 41 33 37 32 31 31 30 42 30 39 32 31 30 30 30 35 39 45 33 38 30 31 38 35 36 35 33 39 30 37 30 30 37 33 32 35 34 45 30 38 34 33 41 39 30 31 36 41 42 34 0D 0A 	
263	0.00000643	PlugwisePC.exe	IOCTL_SERIAL_GET_COMMSTATUS	VCP0	SUCCESS		
264	0.00156500	PlugwisePC.exe	IRP_MJ_WRITE	VCP0	SUCCESS	Length 30: 05 05 03 03 30 30 31 32 30 30 30 44 36 46 30 30 30 31 41 35 41 33 37 32 42 43 38 30 0D 0A 	
265	0.01929798	PlugwisePC.exe	IOCTL_SERIAL_WAIT_ON_MASK	VCP0	SUCCESS		
266	0.00000615	PlugwisePC.exe	IOCTL_SERIAL_GET_COMMSTATUS	VCP0	SUCCESS		
267	0.00000447	PlugwisePC.exe	IOCTL_SERIAL_GET_COMMSTATUS	VCP0	SUCCESS		
268	0.00000782	PlugwisePC.exe	IRP_MJ_READ	VCP0	SUCCESS	Length 17: 05 05 03 03 30 30 30 30 30 31 41 30 30 30 43 31 45 	
269	0.08680181	PlugwisePC.exe	IOCTL_SERIAL_WAIT_ON_MASK	VCP0	SUCCESS		
270	0.00000587	PlugwisePC.exe	IOCTL_SERIAL_GET_COMMSTATUS	VCP0	SUCCESS		
271	0.00000475	PlugwisePC.exe	IOCTL_SERIAL_GET_COMMSTATUS	VCP0	SUCCESS		
272	0.00000726	PlugwisePC.exe	IRP_MJ_READ	VCP0	SUCCESS	Length 6: 43 45 31 0D 0A 83 	
273	0.01689433	PlugwisePC.exe	IOCTL_SERIAL_WAIT_ON_MASK	VCP0	SUCCESS		
274	0.00000587	PlugwisePC.exe	IOCTL_SERIAL_GET_COMMSTATUS	VCP0	SUCCESS		
275	0.00000447	PlugwisePC.exe	IOCTL_SERIAL_GET_COMMSTATUS	VCP0	SUCCESS		
276	0.00000726	PlugwisePC.exe	IRP_MJ_READ	VCP0	SUCCESS	Length 62: 05 05 03 03 30 30 31 33 30 31 41 30 30 30 30 44 36 46 30 30 30 31 41 35 41 33 37 32 30 30 30 38 30 30 33 44 30 30 30 30 37 33 38 30 30 30 30 30 30 30 30 30 30 30 30 43 46 37 42 46 0D 0A 	
277	0.00490677	PlugwisePC.exe	IRP_MJ_WRITE	VCP0	SUCCESS	Length 30: 05 05 03 03 30 30 32 33 30 30 30 44 36 46 30 30 30 32 39 30 38 32 45 44 45 39 34 33 0D 0A 	
278	0.02513839	PlugwisePC.exe	IOCTL_SERIAL_WAIT_ON_MASK	VCP0	SUCCESS		
279	0.00000531	PlugwisePC.exe	IOCTL_SERIAL_GET_COMMSTATUS	VCP0	SUCCESS		
280	0.00000363	PlugwisePC.exe	IOCTL_SERIAL_GET_COMMSTATUS	VCP0	SUCCESS		
281	0.00000670	PlugwisePC.exe	IRP_MJ_READ	VCP0	SUCCESS	Length 6: 05 05 03 03 30 30 	
282	0.00002291	PlugwisePC.exe	IOCTL_SERIAL_WAIT_ON_MASK	VCP0	SUCCESS		
283	0.01877389	PlugwisePC.exe	IOCTL_SERIAL_WAIT_ON_MASK	VCP0	SUCCESS		
284	0.00000559	PlugwisePC.exe	IOCTL_SERIAL_GET_COMMSTATUS	VCP0	SUCCESS		
285	0.00000447	PlugwisePC.exe	IOCTL_SERIAL_GET_COMMSTATUS	VCP0	SUCCESS		
286	0.00000726	PlugwisePC.exe	IRP_MJ_READ	VCP0	SUCCESS	Length 126: 30 30 30 31 41 31 30 30 43 31 34 36 42 30 0D 0A 23 20 41 50 53 52 65 71 75 65 73 74 4E 6F 64 65 49 6E 66 6F 3A 20 53 6F 75 72 63 65 20 4D 41 43 3A 20 30 30 30 44 36 46 30 30 30 31 41 35 39 45 44 43 23 20 41 50 53 52 65 71 75 65 73 74 4E 6F 64 65 49 6E 66 6F 3A 20 44 65 73 74 69 6E 61 74 69 6F 6E 20 4D 41 43 3A 20 0D 0A 30 30 30 44 36 46 30 30 30 32 39 30 38 32 45 44 0D 0A 83 	
287	0.00000670	PlugwisePC.exe	IOCTL_SERIAL_GET_COMMSTATUS	VCP0	SUCCESS		
288	0.01305054	PlugwisePC.exe	IOCTL_SERIAL_WAIT_ON_MASK	VCP0	SUCCESS		
289	0.00000587	PlugwisePC.exe	IOCTL_SERIAL_GET_COMMSTATUS	VCP0	SUCCESS		
290	0.00000475	PlugwisePC.exe	IOCTL_SERIAL_GET_COMMSTATUS	VCP0	SUCCESS		
291	0.00000726	PlugwisePC.exe	IRP_MJ_READ	VCP0	SUCCESS	Length 52: 05 05 03 03 30 30 32 34 30 31 41 31 30 30 30 44 36 46 30 30 30 32 39 30 38 32 45 44 31 31 30 42 30 39 32 31 30 30 30 36 35 30 46 30 30 31 38 35 36 35 33 39 	
292	0.08041106	PlugwisePC.exe	IOCTL_SERIAL_WAIT_ON_MASK	VCP0	SUCCESS		
293	0.00000307	PlugwisePC.exe	IOCTL_SERIAL_GET_COMMSTATUS	VCP0	SUCCESS		
294	0.00000251	PlugwisePC.exe	IOCTL_SERIAL_GET_COMMSTATUS	VCP0	SUCCESS		
295	0.00000391	PlugwisePC.exe	IRP_MJ_READ	VCP0	SUCCESS	Length 24: 30 39 30 30 31 31 30 36 34 45 30 38 34 34 43 32 30 32 34 38 46 39 0D 0A 	
296	0.00146220	PlugwisePC.exe	IRP_MJ_WRITE	VCP0	SUCCESS	Length 30: 05 05 03 03 30 30 31 32 30 30 30 44 36 46 30 30 30 32 39 30 38 32 45 44 46 39 44 33 0D 0A 	
297	0.01539330	PlugwisePC.exe	IOCTL_SERIAL_WAIT_ON_MASK	VCP0	SUCCESS		
298	0.00000587	PlugwisePC.exe	IOCTL_SERIAL_GET_COMMSTATUS	VCP0	SUCCESS		
299	0.00000447	PlugwisePC.exe	IOCTL_SERIAL_GET_COMMSTATUS	VCP0	SUCCESS		
300	0.00000782	PlugwisePC.exe	IRP_MJ_READ	VCP0	SUCCESS	Length 23: 05 05 03 03 30 30 30 30 30 31 41 32 30 30 43 31 41 38 36 32 0D 0A 83 	
301	0.01812381	PlugwisePC.exe	IOCTL_SERIAL_WAIT_ON_MASK	VCP0	SUCCESS		
302	0.00000615	PlugwisePC.exe	IOCTL_SERIAL_GET_COMMSTATUS	VCP0	SUCCESS		
303	0.00000475	PlugwisePC.exe	IOCTL_SERIAL_GET_COMMSTATUS	VCP0	SUCCESS		
304	0.00000754	PlugwisePC.exe	IRP_MJ_READ	VCP0	SUCCESS	Length 6: 05 05 03 03 30 30 	
305	0.00000000	PlugwisePC.exe	IOCTL_SERIAL_WAIT_ON_MASK	VCP0			
306	0.00000615	PlugwisePC.exe	IOCTL_SERIAL_GET_COMMSTATUS	VCP0	SUCCESS		
307	0.00000447	PlugwisePC.exe	IOCTL_SERIAL_GET_COMMSTATUS	VCP0	SUCCESS		
308	0.00000754	PlugwisePC.exe	IRP_MJ_READ	VCP0	SUCCESS	Length 56: 31 33 30 31 41 32 30 30 30 44 36 46 30 30 30 32 39 30 38 32 45 44 30 30 36 39 30 33 34 46 30 30 30 36 39 43 42 36 46 46 46 43 35 31 41 32 30 30 30 37 36 39 30 39 0D 0A 	
