0	0.08095442	PlugwisePC.exe	IRP_MJ_CREATE	VCP0	SUCCESS	Options: Open 	
1	0.00000559	PlugwisePC.exe	IOCTL_SERIAL_GET_PROPERTIES	VCP0	SUCCESS		
2	0.00000363	PlugwisePC.exe	IOCTL_SERIAL_GET_MODEMSTATUS	VCP0	SUCCESS		
3	0.00000279	PlugwisePC.exe	IOCTL_SERIAL_GET_BAUD_RATE	VCP0	SUCCESS		
4	0.00000279	PlugwisePC.exe	IOCTL_SERIAL_GET_LINE_CONTROL	VCP0	SUCCESS		
5	0.00000223	PlugwisePC.exe	IOCTL_SERIAL_GET_CHARS	VCP0	SUCCESS		
6	0.00000251	PlugwisePC.exe	IOCTL_SERIAL_GET_HANDFLOW	VCP0	SUCCESS		
7	0.00000307	PlugwisePC.exe	IOCTL_SERIAL_GET_BAUD_RATE	VCP0	SUCCESS		
8	0.00000251	PlugwisePC.exe	IOCTL_SERIAL_GET_LINE_CONTROL	VCP0	SUCCESS		
9	0.00000223	PlugwisePC.exe	IOCTL_SERIAL_GET_CHARS	VCP0	SUCCESS		
10	0.00000223	PlugwisePC.exe	IOCTL_SERIAL_GET_HANDFLOW	VCP0	SUCCESS		
11	0.00337361	PlugwisePC.exe	IOCTL_SERIAL_SET_BAUD_RATE	VCP0	SUCCESS	Rate: 119200	
12	0.00544706	PlugwisePC.exe	IOCTL_SERIAL_CLR_RTS	VCP0	SUCCESS		
13	0.00384825	PlugwisePC.exe	IOCTL_SERIAL_CLR_DTR	VCP0	SUCCESS		
14	0.00591081	PlugwisePC.exe	IOCTL_SERIAL_SET_LINE_CONTROL	VCP0	SUCCESS	StopBits: 1 Parity: NONE WordLength: 8	
15	0.00004218	PlugwisePC.exe	IOCTL_SERIAL_SET_CHAR	VCP0	SUCCESS	EOF:1a ERR:0 BRK:0 EVT:1a XON:11 XOFF:13	
16	0.00580744	PlugwisePC.exe	IOCTL_SERIAL_SET_HANDFLOW	VCP0	SUCCESS	Shake:0 Replace:0 XonLimit:1024 XoffLimit:1024	
17	0.00000335	PlugwisePC.exe	IOCTL_SERIAL_GET_BAUD_RATE	VCP0	SUCCESS		
18	0.00000251	PlugwisePC.exe	IOCTL_SERIAL_GET_LINE_CONTROL	VCP0	SUCCESS		
19	0.00000223	PlugwisePC.exe	IOCTL_SERIAL_GET_CHARS	VCP0	SUCCESS		
20	0.00000223	PlugwisePC.exe	IOCTL_SERIAL_GET_HANDFLOW	VCP0	SUCCESS		
21	0.00314928	PlugwisePC.exe	IOCTL_SERIAL_SET_BAUD_RATE	VCP0	SUCCESS	Rate: 119200	
22	0.00466651	PlugwisePC.exe	IOCTL_SERIAL_CLR_RTS	VCP0	SUCCESS		
23	0.00595383	PlugwisePC.exe	IOCTL_SERIAL_CLR_DTR	VCP0	SUCCESS		
24	0.00539258	PlugwisePC.exe	IOCTL_SERIAL_SET_LINE_CONTROL	VCP0	SUCCESS	StopBits: 1 Parity: NONE WordLength: 8	
25	0.00000335	PlugwisePC.exe	IOCTL_SERIAL_SET_CHAR	VCP0	SUCCESS	EOF:1a ERR:0 BRK:0 EVT:1a XON:11 XOFF:13	
26	0.00444721	PlugwisePC.exe	IOCTL_SERIAL_SET_HANDFLOW	VCP0	SUCCESS	Shake:0 Replace:0 XonLimit:1024 XoffLimit:1024	
27	0.00584208	PlugwisePC.exe	IOCTL_SERIAL_CLR_DTR	VCP0	SUCCESS		
28	0.00000391	PlugwisePC.exe	IOCTL_SERIAL_SET_TIMEOUTS	VCP0	SUCCESS	RI:-1 RM:-1 RC:-2 WM:0 WC:0	
29	0.00540516	PlugwisePC.exe	IOCTL_SERIAL_SET_WAIT_MASK	VCP0	SUCCESS	Mask: RXCHAR RXFLAG CTS DSR RLSD BRK ERR RING 	
30	0.00569570	PlugwisePC.exe	IOCTL_SERIAL_WAIT_ON_MASK	VCP0	SUCCESS		
31	0.00000698	PlugwisePC.exe	IOCTL_SERIAL_SET_QUEUE_SIZE	VCP0	SUCCESS	InSize: 4096 OutSize: 2048	
32	0.00000335	PlugwisePC.exe	IRP_MJ_FLUSH_BUFFERS	VCP0	SUCCESS		
33	0.00587198	PlugwisePC.exe	IOCTL_SERIAL_SET_WAIT_MASK	VCP0	SUCCESS	Mask: 	
34	0.00566748	PlugwisePC.exe	IOCTL_SERIAL_CLR_DTR	VCP0	SUCCESS		
35	0.00000559	PlugwisePC.exe	IRP_MJ_FLUSH_BUFFERS	VCP0	SUCCESS		
36	0.00000726	PlugwisePC.exe	IOCTL_SERIAL_PURGE	VCP0	SUCCESS	Purge: RXABORT RXCLEAR	
37	0.00000503	PlugwisePC.exe	IOCTL_SERIAL_PURGE	VCP0	SUCCESS	Purge: TXABORT TXCLEAR 	
38	0.00000391	PlugwisePC.exe	IRP_MJ_CLEANUP	VCP0	SUCCESS		
39	0.10708903	PlugwisePC.exe	IRP_MJ_CLOSE	VCP0	SUCCESS		
40	0.08558797	PlugwisePC.exe	IRP_MJ_CREATE	VCP0	SUCCESS	Options: Open 	
41	0.00000838	PlugwisePC.exe	IOCTL_SERIAL_GET_PROPERTIES	VCP0	SUCCESS		
42	0.00000559	PlugwisePC.exe	IOCTL_SERIAL_GET_MODEMSTATUS	VCP0	SUCCESS		
43	0.00000447	PlugwisePC.exe	IOCTL_SERIAL_GET_BAUD_RATE	VCP0	SUCCESS		
44	0.00000475	PlugwisePC.exe	IOCTL_SERIAL_GET_LINE_CONTROL	VCP0	SUCCESS		
45	0.00000419	PlugwisePC.exe	IOCTL_SERIAL_GET_CHARS	VCP0	SUCCESS		
46	0.00000447	PlugwisePC.exe	IOCTL_SERIAL_GET_HANDFLOW	VCP0	SUCCESS		
47	0.00000447	PlugwisePC.exe	IOCTL_SERIAL_GET_BAUD_RATE	VCP0	SUCCESS		
48	0.00000447	PlugwisePC.exe	IOCTL_SERIAL_GET_LINE_CONTROL	VCP0	SUCCESS		
49	0.00000419	PlugwisePC.exe	IOCTL_SERIAL_GET_CHARS	VCP0	SUCCESS		
50	0.00000419	PlugwisePC.exe	IOCTL_SERIAL_GET_HANDFLOW	VCP0	SUCCESS		
51	0.00565323	PlugwisePC.exe	IOCTL_SERIAL_SET_BAUD_RATE	VCP0	SUCCESS	Rate: 115200	
52	0.00399716	PlugwisePC.exe	IOCTL_SERIAL_CLR_RTS	VCP0	SUCCESS		
53	0.00580381	PlugwisePC.exe	IOCTL_SERIAL_CLR_DTR	VCP0	SUCCESS		
54	0.00445615	PlugwisePC.exe	IOCTL_SERIAL_SET_LINE_CONTROL	VCP0	SUCCESS	StopBits: 1 Parity: NONE WordLength: 8	
55	0.00000587	PlugwisePC.exe	IOCTL_SERIAL_SET_CHAR	VCP0	SUCCESS	EOF:1a ERR:0 BRK:0 EVT:1a XON:11 XOFF:13	
56	0.00288444	PlugwisePC.exe	IOCTL_SERIAL_SET_HANDFLOW	VCP0	SUCCESS	Shake:0 Replace:0 XonLimit:1024 XoffLimit:1024	
57	0.00000559	PlugwisePC.exe	IOCTL_SERIAL_GET_BAUD_RATE	VCP0	SUCCESS		
58	0.00000475	PlugwisePC.exe	IOCTL_SERIAL_GET_LINE_CONTROL	VCP0	SUCCESS		
59	0.00000419	PlugwisePC.exe	IOCTL_SERIAL_GET_CHARS	VCP0	SUCCESS		
60	0.00000447	PlugwisePC.exe	IOCTL_SERIAL_GET_HANDFLOW	VCP0	SUCCESS		
61	0.00246009	PlugwisePC.exe	IOCTL_SERIAL_SET_BAUD_RATE	VCP0	SUCCESS	Rate: 115200	
62	0.00422232	PlugwisePC.exe	IOCTL_SERIAL_CLR_RTS	VCP0	SUCCESS		
63	0.00337724	PlugwisePC.exe	IOCTL_SERIAL_CLR_DTR	VCP0	SUCCESS		
64	0.00542834	PlugwisePC.exe	IOCTL_SERIAL_SET_LINE_CONTROL	VCP0	SUCCESS	StopBits: 1 Parity: NONE WordLength: 8	
65	0.00007152	PlugwisePC.exe	IOCTL_SERIAL_SET_CHAR	VCP0	SUCCESS	EOF:1a ERR:0 BRK:0 EVT:1a XON:11 XOFF:13	
66	0.00570100	PlugwisePC.exe	IOCTL_SERIAL_SET_HANDFLOW	VCP0	SUCCESS	Shake:0 Replace:0 XonLimit:1024 XoffLimit:1024	
67	0.00546801	PlugwisePC.exe	IOCTL_SERIAL_CLR_DTR	VCP0	SUCCESS		
68	0.00000615	PlugwisePC.exe	IOCTL_SERIAL_SET_TIMEOUTS	VCP0	SUCCESS	RI:-1 RM:-1 RC:1000 WM:0 WC:0	
69	0.00568396	PlugwisePC.exe	IOCTL_SERIAL_SET_WAIT_MASK	VCP0	SUCCESS	Mask: RXCHAR RXFLAG CTS DSR RLSD BRK ERR RING 	
70	0.12179704	PlugwisePC.exe	IOCTL_SERIAL_WAIT_ON_MASK	VCP0	SUCCESS		
71	0.00000615	PlugwisePC.exe	IOCTL_SERIAL_SET_QUEUE_SIZE	VCP0	SUCCESS	InSize: 4096 OutSize: 2048	
72	0.00316856	PlugwisePC.exe	IRP_MJ_WRITE	VCP0	SUCCESS	Length 14: 05 05 03 03 30 30 30 41 42 34 33 43 0D 0A 	
73	0.00001509	PlugwisePC.exe	IOCTL_SERIAL_WAIT_ON_MASK	VCP0	SUCCESS		
74	0.13303562	PlugwisePC.exe	IOCTL_SERIAL_WAIT_ON_MASK	VCP0	SUCCESS		
75	0.00000503	PlugwisePC.exe	IOCTL_SERIAL_GET_COMMSTATUS	VCP0	SUCCESS		
76	0.00000363	PlugwisePC.exe	IOCTL_SERIAL_GET_COMMSTATUS	VCP0	SUCCESS		
77	0.00000475	PlugwisePC.exe	IRP_MJ_READ	VCP0	SUCCESS	Length 83: 05 05 03 03 30 30 30 30 30 30 45 37 30 30 43 31 33 35 46 35 0D 0A 05 05 03 03 30 30 31 31 30 30 45 37 30 30 30 44 36 46 30 30 30 31 41 35 39 45 44 43 30 31 30 31 46 44 30 44 36 46 30 30 30 31 41 35 41 33 37 32 33 34 46 44 46 46 39 34 31 38 0D 0A 83 	
78	0.00000391	PlugwisePC.exe	IOCTL_SERIAL_GET_COMMSTATUS	VCP0	SUCCESS		
79	0.00316269	PlugwisePC.exe	IRP_MJ_WRITE	VCP0	SUCCESS	Length 30: 05 05 03 03 30 30 32 33 30 30 30 44 36 46 30 30 30 31 41 35 39 45 44 43 33 32 42 32 0D 0A 	
80	0.00002291	PlugwisePC.exe	IOCTL_SERIAL_WAIT_ON_MASK	VCP0	SUCCESS		
81	0.33741383	PlugwisePC.exe	IOCTL_SERIAL_WAIT_ON_MASK	VCP0	SUCCESS		
82	0.00000587	PlugwisePC.exe	IOCTL_SERIAL_GET_COMMSTATUS	VCP0	SUCCESS		
83	0.00000503	PlugwisePC.exe	IOCTL_SERIAL_GET_COMMSTATUS	VCP0	SUCCESS		
84	0.00000726	PlugwisePC.exe	IRP_MJ_READ	VCP0	SUCCESS	Length 99: 05 05 03 03 30 30 30 30 30 30 45 38 30 30 43 31 35 30 30 43 0D 0A 05 05 03 03 30 30 32 34 30 30 45 38 30 30 30 44 36 46 30 30 30 31 41 35 39 45 44 43 30 30 30 30 30 30 30 30 30 30 30 30 30 30 30 30 30 30 38 30 36 35 33 39 30 37 30 30 38 35 31 31 34 45 30 38 34 32 42 42 30 30 37 45 30 35 0D 0A 83 	
85	0.00000670	PlugwisePC.exe	IOCTL_SERIAL_GET_COMMSTATUS	VCP0	SUCCESS		
86	0.00246428	PlugwisePC.exe	IRP_MJ_WRITE	VCP0	SUCCESS	Length 30: 05 05 03 03 30 30 32 33 30 30 30 44 36 46 30 30 30 31 41 35 41 33 37 32 41 43 31 30 0D 0A 	
87	0.00001313	PlugwisePC.exe	IOCTL_SERIAL_WAIT_ON_MASK	VCP0	SUCCESS		
88	0.09243661	PlugwisePC.exe	IOCTL_SERIAL_WAIT_ON_MASK	VCP0	SUCCESS		
89	0.00000335	PlugwisePC.exe	IOCTL_SERIAL_GET_COMMSTATUS	VCP0	SUCCESS		
90	0.00000251	PlugwisePC.exe	IOCTL_SERIAL_GET_COMMSTATUS	VCP0	SUCCESS		
91	0.00000475	PlugwisePC.exe	IRP_MJ_READ	VCP0	SUCCESS	Length 132: 05 05 03 03 30 30 30 30 30 30 45 39 30 30 43 31 46 41 35 44 0D 0A 23 20 41 50 53 52 65 71 75 65 73 74 4E 6F 64 65 49 6E 66 6F 3A 20 53 6F 75 72 63 65 20 4D 41 43 3A 20 30 30 30 44 36 46 30 30 30 31 41 35 39 45 44 43 23 20 41 50 53 52 65 71 75 65 73 74 4E 6F 64 65 49 6E 66 6F 3A 20 44 65 73 74 69 6E 61 74 69 6F 6E 20 4D 41 43 3A 20 0D 0A 30 30 30 44 36 46 30 30 30 31 41 35 41 33 37 32 0D 0A 83 	
92	0.00000363	PlugwisePC.exe	IOCTL_SERIAL_GET_COMMSTATUS	VCP0	SUCCESS		
93	0.00002486	PlugwisePC.exe	IOCTL_SERIAL_WAIT_ON_MASK	VCP0	SUCCESS		
94	0.07964392	PlugwisePC.exe	IOCTL_SERIAL_WAIT_ON_MASK	VCP0	SUCCESS		
95	0.00000587	PlugwisePC.exe	IOCTL_SERIAL_GET_COMMSTATUS	VCP0	SUCCESS		
96	0.00000475	PlugwisePC.exe	IOCTL_SERIAL_GET_COMMSTATUS	VCP0	SUCCESS		
97	0.00000782	PlugwisePC.exe	IRP_MJ_READ	VCP0	SUCCESS	Length 76: 05 05 03 03 30 30 32 34 30 30 45 39 30 30 30 44 36 46 30 30 30 31 41 35 41 33 37 32 31 31 30 42 30 39 31 45 30 30 30 35 39 45 33 38 30 31 38 35 36 35 33 39 30 37 30 30 37 33 32 35 34 45 30 38 34 33 41 39 30 31 33 45 30 41 0D 0A 	
98	0.00000643	PlugwisePC.exe	IOCTL_SERIAL_GET_COMMSTATUS	VCP0	SUCCESS		
99	0.00319063	PlugwisePC.exe	IRP_MJ_WRITE	VCP0	SUCCESS	Length 16: 05 05 03 03 30 30 30 38 30 30 35 30 34 39 0D 0A 	
100	0.04793039	PlugwisePC.exe	IOCTL_SERIAL_WAIT_ON_MASK	VCP0	SUCCESS		
101	0.00000615	PlugwisePC.exe	IOCTL_SERIAL_GET_COMMSTATUS	VCP0	SUCCESS		
102	0.00000894	PlugwisePC.exe	IOCTL_SERIAL_GET_COMMSTATUS	VCP0	SUCCESS		
103	0.00000726	PlugwisePC.exe	IRP_MJ_READ	VCP0	SUCCESS	Length 23: 05 05 03 03 30 30 30 30 30 30 45 41 30 30 43 31 45 35 46 36 0D 0A 83 	
104	0.04973509	PlugwisePC.exe	IOCTL_SERIAL_WAIT_ON_MASK	VCP0	SUCCESS		
105	0.00000643	PlugwisePC.exe	IOCTL_SERIAL_GET_COMMSTATUS	VCP0	SUCCESS		
106	0.00000447	PlugwisePC.exe	IOCTL_SERIAL_GET_COMMSTATUS	VCP0	SUCCESS		
107	0.00000726	PlugwisePC.exe	IRP_MJ_READ	VCP0	SUCCESS	Length 38: 05 05 03 03 30 30 30 30 30 30 45 41 30 30 44 44 30 30 30 44 36 46 30 30 30 31 41 35 41 33 37 32 43 44 41 39 0D 0A 	
108	0.00386334	PlugwisePC.exe	IRP_MJ_WRITE	VCP0	SUCCESS	Length 30: 05 05 03 03 30 30 32 39 30 30 30 44 36 46 30 30 30 31 41 35 41 33 37 32 30 41 43 34 0D 0A 	
109	0.07787750	PlugwisePC.exe	IOCTL_SERIAL_WAIT_ON_MASK	VCP0	SUCCESS		
110	0.00000335	PlugwisePC.exe	IOCTL_SERIAL_GET_COMMSTATUS	VCP0	SUCCESS		
111	0.00000251	PlugwisePC.exe	IOCTL_SERIAL_GET_COMMSTATUS	VCP0	SUCCESS		
112	0.00000391	PlugwisePC.exe	IRP_MJ_READ	VCP0	SUCCESS	Length 23: 05 05 03 03 30 30 30 30 30 30 45 42 30 30 43 31 30 42 32 34 0D 0A 83 	
113	0.05008346	PlugwisePC.exe	IOCTL_SERIAL_WAIT_ON_MASK	VCP0	SUCCESS		
114	0.00000559	PlugwisePC.exe	IOCTL_SERIAL_GET_COMMSTATUS	VCP0	SUCCESS		
115	0.00000475	PlugwisePC.exe	IOCTL_SERIAL_GET_COMMSTATUS	VCP0	SUCCESS		
116	0.00000698	PlugwisePC.exe	IRP_MJ_READ	VCP0	SUCCESS	Length 48: 05 05 03 03 30 30 33 41 30 30 45 42 30 30 30 44 36 46 30 30 30 31 41 35 41 33 37 32 35 37 35 33 31 34 30 34 30 32 31 31 31 37 31 30 41 32 0D 0A 	
117	0.00183236	PlugwisePC.exe	IRP_MJ_WRITE	VCP0	SUCCESS	Length 30: 05 05 03 03 30 30 33 45 30 30 30 44 36 46 30 30 30 31 41 35 41 33 37 32 36 34 36 41 0D 0A 	
118	0.20517608	PlugwisePC.exe	IOCTL_SERIAL_WAIT_ON_MASK	VCP0	SUCCESS		
119	0.00000335	PlugwisePC.exe	IOCTL_SERIAL_GET_COMMSTATUS	VCP0	SUCCESS		
120	0.00000251	PlugwisePC.exe	IOCTL_SERIAL_GET_COMMSTATUS	VCP0	SUCCESS		
121	0.00000391	PlugwisePC.exe	IRP_MJ_READ	VCP0	SUCCESS	Length 23: 05 05 03 03 30 30 30 30 30 30 45 43 30 30 43 31 41 31 37 35 0D 0A 83 	
122	0.01850459	PlugwisePC.exe	IOCTL_SERIAL_WAIT_ON_MASK	VCP0	SUCCESS		
123	0.00000363	PlugwisePC.exe	IOCTL_SERIAL_GET_COMMSTATUS	VCP0	SUCCESS		
124	0.00000251	PlugwisePC.exe	IOCTL_SERIAL_GET_COMMSTATUS	VCP0	SUCCESS		
125	0.00000531	PlugwisePC.exe	IRP_MJ_READ	VCP0	SUCCESS	Length 38: 05 05 03 03 30 30 33 46 30 30 45 43 30 30 30 44 36 46 30 30 30 31 41 35 41 33 37 32 30 45 33 36 30 31 30 34 30 31 	
126	0.25267653	PlugwisePC.exe	IOCTL_SERIAL_WAIT_ON_MASK	VCP0	SUCCESS		
127	0.00000447	PlugwisePC.exe	IOCTL_SERIAL_GET_COMMSTATUS	VCP0	SUCCESS		
128	0.00000251	PlugwisePC.exe	IOCTL_SERIAL_GET_COMMSTATUS	VCP0	SUCCESS		
129	0.00000391	PlugwisePC.exe	IRP_MJ_READ	VCP0	SUCCESS	Length 10: 34 35 37 41 37 36 33 36 0D 0A 	
130	0.00216061	PlugwisePC.exe	IRP_MJ_WRITE	VCP0	SUCCESS	Length 34: 05 05 03 03 30 30 34 30 30 30 30 44 36 46 30 30 30 31 41 35 41 33 37 32 30 30 30 31 33 45 34 36 0D 0A 	
131	0.00000615	PlugwisePC.exe	IOCTL_SERIAL_GET_COMMSTATUS	VCP0	SUCCESS		
132	0.00000251	PlugwisePC.exe	IOCTL_SERIAL_GET_COMMSTATUS	VCP0	SUCCESS		
133	0.00000475	PlugwisePC.exe	IRP_MJ_READ	VCP0	SUCCESS	Length 23: 05 05 03 03 30 30 30 30 30 30 45 44 30 30 43 31 43 36 41 31 0D 0A 83 	
134	0.05034355	PlugwisePC.exe	IOCTL_SERIAL_WAIT_ON_MASK	VCP0	SUCCESS		
135	0.00295596	PlugwisePC.exe	IRP_MJ_WRITE	VCP0	SUCCESS	Length 30: 05 05 03 03 30 30 32 33 30 30 30 44 36 46 30 30 30 31 41 32 30 46 39 37 42 46 35 37 0D 0A 	
136	0.01847637	PlugwisePC.exe	IOCTL_SERIAL_WAIT_ON_MASK	VCP0	SUCCESS		
137	0.00000587	PlugwisePC.exe	IOCTL_SERIAL_GET_COMMSTATUS	VCP0	SUCCESS		
138	0.00000447	PlugwisePC.exe	IOCTL_SERIAL_GET_COMMSTATUS	VCP0	SUCCESS		
139	0.00000726	PlugwisePC.exe	IRP_MJ_READ	VCP0	SUCCESS	Length 45: 05 05 03 03 30 30 30 30 30 30 45 45 30 30 43 31 36 43 46 30 0D 0A 23 20 41 50 53 52 65 71 75 65 73 74 4E 6F 64 65 49 6E 66 6F 3A 20 53 	
140	0.00002263	PlugwisePC.exe	IOCTL_SERIAL_WAIT_ON_MASK	VCP0	SUCCESS		
141	0.03109809	PlugwisePC.exe	IOCTL_SERIAL_WAIT_ON_MASK	VCP0	SUCCESS		
142	0.00000587	PlugwisePC.exe	IOCTL_SERIAL_GET_COMMSTATUS	VCP0	SUCCESS		
143	0.00000447	PlugwisePC.exe	IOCTL_SERIAL_GET_COMMSTATUS	VCP0	SUCCESS		
144	0.00000726	PlugwisePC.exe	IRP_MJ_READ	VCP0	SUCCESS	Length 87: 6F 75 72 63 65 20 4D 41 43 3A 20 30 30 30 44 36 46 30 30 30 31 41 35 39 45 44 43 23 20 41 50 53 52 65 71 75 65 73 74 4E 6F 64 65 49 6E 66 6F 3A 20 44 65 73 74 69 6E 61 74 69 6F 6E 20 4D 41 43 3A 20 0D 0A 30 30 30 44 36 46 30 30 30 31 41 32 30 46 39 37 0D 0A 83 	
145	0.00000670	PlugwisePC.exe	IOCTL_SERIAL_GET_COMMSTATUS	VCP0	SUCCESS		
146	0.01875071	PlugwisePC.exe	IOCTL_SERIAL_WAIT_ON_MASK	VCP0	SUCCESS		
147	0.00000587	PlugwisePC.exe	IOCTL_SERIAL_GET_COMMSTATUS	VCP0	SUCCESS		
148	0.00000503	PlugwisePC.exe	IOCTL_SERIAL_GET_COMMSTATUS	VCP0	SUCCESS		
149	0.00000754	PlugwisePC.exe	IRP_MJ_READ	VCP0	SUCCESS	Length 38: 05 05 03 03 30 30 30 30 30 30 45 44 30 30 45 35 30 30 30 44 36 46 30 30 30 31 41 35 41 33 37 32 43 35 33 30 0D 0A 	
150	0.01303741	PlugwisePC.exe	IOCTL_SERIAL_WAIT_ON_MASK	VCP0	SUCCESS		
151	0.00001145	PlugwisePC.exe	IOCTL_SERIAL_GET_COMMSTATUS	VCP0	SUCCESS		
152	0.00000978	PlugwisePC.exe	IOCTL_SERIAL_GET_COMMSTATUS	VCP0	SUCCESS		
153	0.00001090	PlugwisePC.exe	IRP_MJ_READ	VCP0	SUCCESS	Length 29: 05 05 03 03 30 30 32 34 30 30 45 45 30 30 30 44 36 46 30 30 30 31 41 32 30 46 39 37 31 	
154	0.06369469	PlugwisePC.exe	IOCTL_SERIAL_WAIT_ON_MASK	VCP0	SUCCESS		
155	0.00000643	PlugwisePC.exe	IOCTL_SERIAL_GET_COMMSTATUS	VCP0	SUCCESS		
156	0.00000475	PlugwisePC.exe	IOCTL_SERIAL_GET_COMMSTATUS	VCP0	SUCCESS		
157	0.00000726	PlugwisePC.exe	IRP_MJ_READ	VCP0	SUCCESS	Length 47: 31 30 42 30 39 31 45 30 30 30 35 39 44 46 38 30 31 38 35 36 35 33 39 30 37 30 31 34 30 32 34 34 45 30 38 34 34 43 32 30 32 33 39 36 36 0D 0A 	
158	0.00185470	PlugwisePC.exe	IRP_MJ_WRITE	VCP0	SUCCESS	Length 30: 05 05 03 03 30 30 33 45 30 30 30 44 36 46 30 30 30 31 41 32 30 46 39 37 37 37 32 44 0D 0A 	
159	0.01642890	PlugwisePC.exe	IOCTL_SERIAL_WAIT_ON_MASK	VCP0	SUCCESS		
160	0.00000335	PlugwisePC.exe	IOCTL_SERIAL_GET_COMMSTATUS	VCP0	SUCCESS		
161	0.00000279	PlugwisePC.exe	IOCTL_SERIAL_GET_COMMSTATUS	VCP0	SUCCESS		
162	0.00000447	PlugwisePC.exe	IRP_MJ_READ	VCP0	SUCCESS	Length 22: 05 05 03 03 30 30 30 30 30 30 45 46 30 30 43 31 38 32 32 32 0D 0A 	
163	0.03210157	PlugwisePC.exe	IOCTL_SERIAL_WAIT_ON_MASK	VCP0	SUCCESS		
164	0.00000447	PlugwisePC.exe	IOCTL_SERIAL_GET_COMMSTATUS	VCP0	SUCCESS		
165	0.00000251	PlugwisePC.exe	IOCTL_SERIAL_GET_COMMSTATUS	VCP0	SUCCESS		
166	0.00000419	PlugwisePC.exe	IRP_MJ_READ	VCP0	SUCCESS	Length 1: 83 	
167	0.00477910	PlugwisePC.exe	IRP_MJ_WRITE	VCP0	SUCCESS	Length 32: 05 05 03 03 30 30 35 38 30 30 30 44 36 46 30 30 30 31 41 35 41 33 37 32 30 30 31 33 43 33 0D 0A 	
168	0.11315460	PlugwisePC.exe	IOCTL_SERIAL_WAIT_ON_MASK	VCP0	SUCCESS		
169	0.00000335	PlugwisePC.exe	IOCTL_SERIAL_GET_COMMSTATUS	VCP0	SUCCESS		
170	0.00001592	PlugwisePC.exe	IOCTL_SERIAL_GET_COMMSTATUS	VCP0	SUCCESS		
171	0.00000782	PlugwisePC.exe	IRP_MJ_READ	VCP0	SUCCESS	Length 23: 05 05 03 03 30 30 30 30 30 30 46 30 30 30 43 31 39 43 43 31 0D 0A 83 	
172	0.02365412	PlugwisePC.exe	IOCTL_SERIAL_WAIT_ON_MASK	VCP0	SUCCESS		
173	0.00000754	PlugwisePC.exe	IOCTL_SERIAL_GET_COMMSTATUS	VCP0	SUCCESS		
174	0.00000447	PlugwisePC.exe	IOCTL_SERIAL_GET_COMMSTATUS	VCP0	SUCCESS		
175	0.00000754	PlugwisePC.exe	IRP_MJ_READ	VCP0	SUCCESS	Length 14: 05 05 03 03 30 30 33 46 30 30 45 46 30 30 	
176	0.00002291	PlugwisePC.exe	IOCTL_SERIAL_WAIT_ON_MASK	VCP0	SUCCESS		
177	0.42974875	PlugwisePC.exe	IOCTL_SERIAL_WAIT_ON_MASK	VCP0	SUCCESS		
178	0.00000838	PlugwisePC.exe	IOCTL_SERIAL_GET_COMMSTATUS	VCP0	SUCCESS		
179	0.00000447	PlugwisePC.exe	IOCTL_SERIAL_GET_COMMSTATUS	VCP0	SUCCESS		
180	0.00000698	PlugwisePC.exe	IRP_MJ_READ	VCP0	SUCCESS	Length 72: 30 44 36 46 30 30 30 31 41 32 30 46 39 37 30 45 33 36 30 31 30 34 30 31 34 35 37 41 33 42 37 35 0D 0A 05 05 03 03 30 30 30 30 30 30 46 30 30 30 46 39 30 30 30 44 36 46 30 30 30 31 41 35 41 33 37 32 34 38 30 39 0D 0A 	
181	0.00000894	PlugwisePC.exe	IOCTL_SERIAL_GET_COMMSTATUS	VCP0	SUCCESS		
182	0.00388401	PlugwisePC.exe	IRP_MJ_WRITE	VCP0	SUCCESS	Length 34: 05 05 03 03 30 30 34 30 30 30 30 44 36 46 30 30 30 31 41 32 30 46 39 37 30 30 30 31 32 36 30 30 0D 0A 	
183	0.03182583	PlugwisePC.exe	IOCTL_SERIAL_WAIT_ON_MASK	VCP0	SUCCESS		
184	0.00000615	PlugwisePC.exe	IOCTL_SERIAL_GET_COMMSTATUS	VCP0	SUCCESS		
185	0.00000447	PlugwisePC.exe	IOCTL_SERIAL_GET_COMMSTATUS	VCP0	SUCCESS		
186	0.00000810	PlugwisePC.exe	IRP_MJ_READ	VCP0	SUCCESS	Length 23: 05 05 03 03 30 30 30 30 30 30 46 31 30 30 43 31 33 36 39 30 0D 0A 83 	
187	0.01799782	PlugwisePC.exe	IOCTL_SERIAL_WAIT_ON_MASK	VCP0	SUCCESS		
188	0.00000615	PlugwisePC.exe	IOCTL_SERIAL_GET_COMMSTATUS	VCP0	SUCCESS		
189	0.00000503	PlugwisePC.exe	IOCTL_SERIAL_GET_COMMSTATUS	VCP0	SUCCESS		
190	0.00000866	PlugwisePC.exe	IRP_MJ_READ	VCP0	SUCCESS	Length 13: 05 05 03 03 30 30 30 30 30 30 46 31 30 	
191	0.01349808	PlugwisePC.exe	IOCTL_SERIAL_WAIT_ON_MASK	VCP0	SUCCESS		
192	0.00000894	PlugwisePC.exe	IOCTL_SERIAL_GET_COMMSTATUS	VCP0	SUCCESS		
193	0.00000754	PlugwisePC.exe	IOCTL_SERIAL_GET_COMMSTATUS	VCP0	SUCCESS		
194	0.00000838	PlugwisePC.exe	IRP_MJ_READ	VCP0	SUCCESS	Length 25: 30 45 35 30 30 30 44 36 46 30 30 30 31 41 32 30 46 39 37 34 41 35 32 0D 0A 	
195	0.00215446	PlugwisePC.exe	IRP_MJ_WRITE	VCP0	SUCCESS	Length 30: 05 05 03 03 30 30 31 32 30 30 30 44 36 46 30 30 30 31 41 32 30 46 39 37 41 46 43 37 0D 0A 	
196	0.03449349	PlugwisePC.exe	IOCTL_SERIAL_WAIT_ON_MASK	VCP0	SUCCESS		
197	0.00000363	PlugwisePC.exe	IOCTL_SERIAL_GET_COMMSTATUS	VCP0	SUCCESS		
198	0.00000251	PlugwisePC.exe	IOCTL_SERIAL_GET_COMMSTATUS	VCP0	SUCCESS		
199	0.00000419	PlugwisePC.exe	IRP_MJ_READ	VCP0	SUCCESS	Length 23: 05 05 03 03 30 30 30 30 30 30 46 32 30 30 43 31 44 38 34 32 0D 0A 83 	
200	0.01624089	PlugwisePC.exe	IOCTL_SERIAL_WAIT_ON_MASK	VCP0	SUCCESS		
201	0.00000643	PlugwisePC.exe	IOCTL_SERIAL_GET_COMMSTATUS	VCP0	SUCCESS		
202	0.00000447	PlugwisePC.exe	IOCTL_SERIAL_GET_COMMSTATUS	VCP0	SUCCESS		
203	0.00001034	PlugwisePC.exe	IRP_MJ_READ	VCP0	SUCCESS	Length 51: 05 05 03 03 30 30 31 33 30 30 46 32 30 30 30 44 36 46 30 30 30 31 41 32 30 46 39 37 30 30 30 32 30 30 31 34 30 30 30 30 32 34 35 37 30 30 30 30 30 30 30 	
204	0.00000587	PlugwisePC.exe	IOCTL_SERIAL_GET_COMMSTATUS	VCP0	SUCCESS		
205	0.00000279	PlugwisePC.exe	IOCTL_SERIAL_GET_COMMSTATUS	VCP0	SUCCESS		
206	0.00000447	PlugwisePC.exe	IRP_MJ_READ	VCP0	SUCCESS	Length 11: 30 30 30 30 46 45 44 34 36 0D 0A 	
207	0.03256419	PlugwisePC.exe	IOCTL_SERIAL_WAIT_ON_MASK	VCP0	SUCCESS		
208	0.00316130	PlugwisePC.exe	IRP_MJ_WRITE	VCP0	SUCCESS	Length 30: 05 05 03 03 30 30 32 33 30 30 30 44 36 46 30 30 30 31 41 34 30 30 45 32 30 35 45 42 0D 0A 	
209	0.02638995	PlugwisePC.exe	IOCTL_SERIAL_WAIT_ON_MASK	VCP0	SUCCESS		
210	0.00000335	PlugwisePC.exe	IOCTL_SERIAL_GET_COMMSTATUS	VCP0	SUCCESS		
211	0.00000251	PlugwisePC.exe	IOCTL_SERIAL_GET_COMMSTATUS	VCP0	SUCCESS		
212	0.00000475	PlugwisePC.exe	IRP_MJ_READ	VCP0	SUCCESS	Length 1: 05 	
213	0.00001229	PlugwisePC.exe	IOCTL_SERIAL_WAIT_ON_MASK	VCP0	SUCCESS		
214	0.05455470	PlugwisePC.exe	IOCTL_SERIAL_WAIT_ON_MASK	VCP0	SUCCESS		
215	0.00000307	PlugwisePC.exe	IOCTL_SERIAL_GET_COMMSTATUS	VCP0	SUCCESS		
216	0.00000223	PlugwisePC.exe	IOCTL_SERIAL_GET_COMMSTATUS	VCP0	SUCCESS		
217	0.00000391	PlugwisePC.exe	IRP_MJ_READ	VCP0	SUCCESS	Length 131: 05 03 03 30 30 30 30 30 30 46 33 30 30 43 31 37 32 31 33 0D 0A 23 20 41 50 53 52 65 71 75 65 73 74 4E 6F 64 65 49 6E 66 6F 3A 20 53 6F 75 72 63 65 20 4D 41 43 3A 20 30 30 30 44 36 46 30 30 30 31 41 35 39 45 44 43 23 20 41 50 53 52 65 71 75 65 73 74 4E 6F 64 65 49 6E 66 6F 3A 20 44 65 73 74 69 6E 61 74 69 6F 6E 20 4D 41 43 3A 20 0D 0A 30 30 30 44 36 46 30 30 30 31 41 34 30 30 45 32 0D 0A 83 	
218	0.00000335	PlugwisePC.exe	IOCTL_SERIAL_GET_COMMSTATUS	VCP0	SUCCESS		
219	0.00002347	PlugwisePC.exe	IOCTL_SERIAL_WAIT_ON_MASK	VCP0	SUCCESS		
220	0.07697822	PlugwisePC.exe	IOCTL_SERIAL_WAIT_ON_MASK	VCP0	SUCCESS		
221	0.00000559	PlugwisePC.exe	IOCTL_SERIAL_GET_COMMSTATUS	VCP0	SUCCESS		
222	0.00000475	PlugwisePC.exe	IOCTL_SERIAL_GET_COMMSTATUS	VCP0	SUCCESS		
223	0.00000726	PlugwisePC.exe	IRP_MJ_READ	VCP0	SUCCESS	Length 76: 05 05 03 03 30 30 32 34 30 30 46 33 30 30 30 44 36 46 30 30 30 31 41 34 30 30 45 32 31 31 30 42 30 39 31 45 30 30 30 35 39 45 33 38 30 31 38 35 36 35 33 39 30 37 30 31 34 30 32 34 34 45 30 38 34 34 43 32 30 32 34 38 46 32 0D 0A 	
224	0.00000810	PlugwisePC.exe	IOCTL_SERIAL_GET_COMMSTATUS	VCP0	SUCCESS		
225	0.00368064	PlugwisePC.exe	IRP_MJ_WRITE	VCP0	SUCCESS	Length 30: 05 05 03 03 30 30 32 36 30 30 30 44 36 46 30 30 30 31 41 34 30 30 45 32 35 36 38 31 0D 0A 	
226	0.05902119	PlugwisePC.exe	IOCTL_SERIAL_WAIT_ON_MASK	VCP0	SUCCESS		
227	0.00000335	PlugwisePC.exe	IOCTL_SERIAL_GET_COMMSTATUS	VCP0	SUCCESS		
228	0.00000251	PlugwisePC.exe	IOCTL_SERIAL_GET_COMMSTATUS	VCP0	SUCCESS		
229	0.00000391	PlugwisePC.exe	IRP_MJ_READ	VCP0	SUCCESS	Length 23: 05 05 03 03 30 30 30 30 30 30 46 34 30 30 43 31 31 35 43 37 0D 0A 83 	
230	0.00003632	PlugwisePC.exe	IOCTL_SERIAL_WAIT_ON_MASK	VCP0	SUCCESS		
231	0.03174621	PlugwisePC.exe	IOCTL_SERIAL_WAIT_ON_MASK	VCP0	SUCCESS		
232	0.00000363	PlugwisePC.exe	IOCTL_SERIAL_GET_COMMSTATUS	VCP0	SUCCESS		
233	0.00000251	PlugwisePC.exe	IOCTL_SERIAL_GET_COMMSTATUS	VCP0	SUCCESS		
234	0.00001956	PlugwisePC.exe	IRP_MJ_READ	VCP0	SUCCESS	Length 66: 05 05 03 03 30 30 32 37 30 30 46 34 30 30 30 44 36 46 30 30 30 31 41 34 30 30 45 32 33 46 37 46 31 43 36 31 42 36 30 44 31 36 38 34 33 44 32 38 32 32 43 31 30 30 30 30 30 30 30 30 42 46 37 46 0D 0A 	
235	0.00000363	PlugwisePC.exe	IOCTL_SERIAL_GET_COMMSTATUS	VCP0	SUCCESS		
236	0.00371360	PlugwisePC.exe	IRP_MJ_WRITE	VCP0	SUCCESS	Length 30: 05 05 03 03 30 30 35 46 30 30 30 44 36 46 30 30 30 31 41 34 30 30 45 32 46 43 35 33 0D 0A 	
237	0.04726774	PlugwisePC.exe	IOCTL_SERIAL_WAIT_ON_MASK	VCP0	SUCCESS		
238	0.00000335	PlugwisePC.exe	IOCTL_SERIAL_GET_COMMSTATUS	VCP0	SUCCESS		
239	0.00000251	PlugwisePC.exe	IOCTL_SERIAL_GET_COMMSTATUS	VCP0	SUCCESS		
240	0.00000391	PlugwisePC.exe	IRP_MJ_READ	VCP0	SUCCESS	Length 23: 05 05 03 03 30 30 30 30 30 30 46 35 30 30 43 31 42 46 39 36 0D 0A 83 	
241	0.01605902	PlugwisePC.exe	IOCTL_SERIAL_WAIT_ON_MASK	VCP0	SUCCESS		
242	0.00000335	PlugwisePC.exe	IOCTL_SERIAL_GET_COMMSTATUS	VCP0	SUCCESS		
243	0.00000503	PlugwisePC.exe	IOCTL_SERIAL_GET_COMMSTATUS	VCP0	SUCCESS		
244	0.00000475	PlugwisePC.exe	IRP_MJ_READ	VCP0	SUCCESS	Length 21: 05 05 03 03 30 30 36 30 30 30 46 35 30 30 30 44 36 46 30 30 30 	
245	0.01650796	PlugwisePC.exe	IOCTL_SERIAL_WAIT_ON_MASK	VCP0	SUCCESS		
246	0.00000587	PlugwisePC.exe	IOCTL_SERIAL_GET_COMMSTATUS	VCP0	SUCCESS		
247	0.00000447	PlugwisePC.exe	IOCTL_SERIAL_GET_COMMSTATUS	VCP0	SUCCESS		
248	0.00000726	PlugwisePC.exe	IRP_MJ_READ	VCP0	SUCCESS	Length 29: 31 41 34 30 30 45 32 46 46 46 46 46 46 46 46 46 46 46 46 46 46 46 45 33 45 39 31 0D 0A 	
249	0.00479195	PlugwisePC.exe	IRP_MJ_WRITE	VCP0	SUCCESS	Length 30: 05 05 03 03 30 30 33 45 30 30 30 44 36 46 30 30 30 31 41 34 30 30 45 32 43 44 39 31 0D 0A 	
250	0.17556337	PlugwisePC.exe	IOCTL_SERIAL_WAIT_ON_MASK	VCP0	SUCCESS		
251	0.00000587	PlugwisePC.exe	IOCTL_SERIAL_GET_COMMSTATUS	VCP0	SUCCESS		
252	0.00000475	PlugwisePC.exe	IOCTL_SERIAL_GET_COMMSTATUS	VCP0	SUCCESS		
253	0.00000782	PlugwisePC.exe	IRP_MJ_READ	VCP0	SUCCESS	Length 23: 05 05 03 03 30 30 30 30 30 30 46 36 30 30 43 31 35 31 34 34 0D 0A 83 	
254	0.01548409	PlugwisePC.exe	IOCTL_SERIAL_WAIT_ON_MASK	VCP0	SUCCESS		
255	0.00000587	PlugwisePC.exe	IOCTL_SERIAL_GET_COMMSTATUS	VCP0	SUCCESS		
256	0.00000447	PlugwisePC.exe	IOCTL_SERIAL_GET_COMMSTATUS	VCP0	SUCCESS		
257	0.00000782	PlugwisePC.exe	IRP_MJ_READ	VCP0	SUCCESS	Length 13: 05 05 03 03 30 30 33 46 30 30 46 36 30 	
258	0.22561527	PlugwisePC.exe	IOCTL_SERIAL_WAIT_ON_MASK	VCP0	SUCCESS		
259	0.00000615	PlugwisePC.exe	IOCTL_SERIAL_GET_COMMSTATUS	VCP0	SUCCESS		
260	0.00000475	PlugwisePC.exe	IOCTL_SERIAL_GET_COMMSTATUS	VCP0	SUCCESS		
261	0.00000726	PlugwisePC.exe	IRP_MJ_READ	VCP0	SUCCESS	Length 35: 30 30 44 36 46 30 30 30 31 41 34 30 30 45 32 30 45 33 36 30 33 30 34 30 31 34 35 37 41 42 44 35 35 0D 0A 	
262	0.00331662	PlugwisePC.exe	IRP_MJ_WRITE	VCP0	SUCCESS	Length 34: 05 05 03 03 30 30 34 30 30 30 30 44 36 46 30 30 30 31 41 34 30 30 45 32 30 30 30 31 33 34 45 34 0D 0A 	
263	0.04508618	PlugwisePC.exe	IOCTL_SERIAL_WAIT_ON_MASK	VCP0	SUCCESS		
264	0.00000643	PlugwisePC.exe	IOCTL_SERIAL_GET_COMMSTATUS	VCP0	SUCCESS		
265	0.00000475	PlugwisePC.exe	IOCTL_SERIAL_GET_COMMSTATUS	VCP0	SUCCESS		
266	0.00000838	PlugwisePC.exe	IRP_MJ_READ	VCP0	SUCCESS	Length 23: 05 05 03 03 30 30 30 30 30 30 46 37 30 30 43 31 46 42 31 35 0D 0A 83 	
267	0.01647416	PlugwisePC.exe	IOCTL_SERIAL_WAIT_ON_MASK	VCP0	SUCCESS		
268	0.00000615	PlugwisePC.exe	IOCTL_SERIAL_GET_COMMSTATUS	VCP0	SUCCESS		
269	0.00000475	PlugwisePC.exe	IOCTL_SERIAL_GET_COMMSTATUS	VCP0	SUCCESS		
270	0.00000782	PlugwisePC.exe	IRP_MJ_READ	VCP0	SUCCESS	Length 32: 05 05 03 03 30 30 30 30 30 30 46 37 30 30 45 35 30 30 30 44 36 46 30 30 30 31 41 34 30 30 45 32 	
271	0.01601963	PlugwisePC.exe	IOCTL_SERIAL_WAIT_ON_MASK	VCP0	SUCCESS		
272	0.00000643	PlugwisePC.exe	IOCTL_SERIAL_GET_COMMSTATUS	VCP0	SUCCESS		
273	0.00000475	PlugwisePC.exe	IOCTL_SERIAL_GET_COMMSTATUS	VCP0	SUCCESS		
274	0.00000754	PlugwisePC.exe	IRP_MJ_READ	VCP0	SUCCESS	Length 6: 32 43 39 38 0D 0A 	
275	0.00308978	PlugwisePC.exe	IRP_MJ_WRITE	VCP0	SUCCESS	Length 30: 05 05 03 03 30 30 31 32 30 30 30 44 36 46 30 30 30 31 41 34 30 30 45 32 31 35 37 42 0D 0A 	
276	0.00000782	PlugwisePC.exe	IOCTL_SERIAL_GET_COMMSTATUS	VCP0	SUCCESS		
277	0.00000475	PlugwisePC.exe	IOCTL_SERIAL_GET_COMMSTATUS	VCP0	SUCCESS		
278	0.00000754	PlugwisePC.exe	IRP_MJ_READ	VCP0	SUCCESS	Length 23: 05 05 03 03 30 30 30 30 30 30 46 38 30 30 43 31 39 45 45 43 0D 0A 83 	
279	0.05026030	PlugwisePC.exe	IOCTL_SERIAL_WAIT_ON_MASK	VCP0	SUCCESS		
280	0.01353496	PlugwisePC.exe	IOCTL_SERIAL_WAIT_ON_MASK	VCP0	SUCCESS		
281	0.00001369	PlugwisePC.exe	IOCTL_SERIAL_GET_COMMSTATUS	VCP0	SUCCESS		
282	0.00001117	PlugwisePC.exe	IOCTL_SERIAL_GET_COMMSTATUS	VCP0	SUCCESS		
283	0.00001341	PlugwisePC.exe	IRP_MJ_READ	VCP0	SUCCESS	Length 8: 05 05 03 03 30 30 31 33 	
284	0.01544582	PlugwisePC.exe	IOCTL_SERIAL_WAIT_ON_MASK	VCP0	SUCCESS		
285	0.00000587	PlugwisePC.exe	IOCTL_SERIAL_GET_COMMSTATUS	VCP0	SUCCESS		
286	0.00000447	PlugwisePC.exe	IOCTL_SERIAL_GET_COMMSTATUS	VCP0	SUCCESS		
287	0.00000754	PlugwisePC.exe	IRP_MJ_READ	VCP0	SUCCESS	Length 54: 30 30 46 38 30 30 30 44 36 46 30 30 30 31 41 34 30 30 45 32 30 30 30 30 30 30 30 30 30 30 30 30 30 30 31 41 46 46 46 46 46 46 41 30 30 30 30 36 42 36 42 44 0D 0A 	
288	0.00199914	PlugwisePC.exe	IRP_MJ_WRITE	VCP0	SUCCESS	Length 30: 05 05 03 03 30 30 32 33 30 30 30 44 36 46 30 30 30 31 41 34 30 32 31 46 39 31 30 35 0D 0A 	
289	0.02050261	PlugwisePC.exe	IOCTL_SERIAL_WAIT_ON_MASK	VCP0	SUCCESS		
290	0.00000615	PlugwisePC.exe	IOCTL_SERIAL_GET_COMMSTATUS	VCP0	SUCCESS		
291	0.00000475	PlugwisePC.exe	IOCTL_SERIAL_GET_COMMSTATUS	VCP0	SUCCESS		
292	0.00000726	PlugwisePC.exe	IRP_MJ_READ	VCP0	SUCCESS	Length 39: 05 05 03 03 30 30 30 30 30 30 46 39 30 30 43 31 33 34 42 44 0D 0A 23 20 41 50 53 52 65 71 75 65 73 74 4E 6F 64 65 49 	
293	0.00002291	PlugwisePC.exe	IOCTL_SERIAL_WAIT_ON_MASK	VCP0	SUCCESS		
294	0.01584866	PlugwisePC.exe	IOCTL_SERIAL_WAIT_ON_MASK	VCP0	SUCCESS		
295	0.00000559	PlugwisePC.exe	IOCTL_SERIAL_GET_COMMSTATUS	VCP0	SUCCESS		
296	0.00000447	PlugwisePC.exe	IOCTL_SERIAL_GET_COMMSTATUS	VCP0	SUCCESS		
297	0.00000726	PlugwisePC.exe	IRP_MJ_READ	VCP0	SUCCESS	Length 93: 6E 66 6F 3A 20 53 6F 75 72 63 65 20 4D 41 43 3A 20 30 30 30 44 36 46 30 30 30 31 41 35 39 45 44 43 23 20 41 50 53 52 65 71 75 65 73 74 4E 6F 64 65 49 6E 66 6F 3A 20 44 65 73 74 69 6E 61 74 69 6F 6E 20 4D 41 43 3A 20 0D 0A 30 30 30 44 36 46 30 30 30 31 41 34 30 32 31 46 0D 0A 83 	
298	0.00000670	PlugwisePC.exe	IOCTL_SERIAL_GET_COMMSTATUS	VCP0	SUCCESS		
299	0.01593219	PlugwisePC.exe	IOCTL_SERIAL_WAIT_ON_MASK	VCP0	SUCCESS		
300	0.00000615	PlugwisePC.exe	IOCTL_SERIAL_GET_COMMSTATUS	VCP0	SUCCESS		
301	0.00000447	PlugwisePC.exe	IOCTL_SERIAL_GET_COMMSTATUS	VCP0	SUCCESS		
302	0.00000754	PlugwisePC.exe	IRP_MJ_READ	VCP0	SUCCESS	Length 31: 05 05 03 03 30 30 32 34 30 30 46 39 30 30 30 44 36 46 30 30 30 31 41 34 30 32 31 46 31 31 30 	
303	0.06358993	PlugwisePC.exe	IOCTL_SERIAL_WAIT_ON_MASK	VCP0	SUCCESS		
304	0.00000615	PlugwisePC.exe	IOCTL_SERIAL_GET_COMMSTATUS	VCP0	SUCCESS		
305	0.00000475	PlugwisePC.exe	IOCTL_SERIAL_GET_COMMSTATUS	VCP0	SUCCESS		
306	0.00000810	PlugwisePC.exe	IRP_MJ_READ	VCP0	SUCCESS	Length 45: 42 30 39 31 45 30 30 30 37 30 43 34 30 30 31 38 35 36 35 33 39 30 37 30 31 34 30 32 34 34 45 30 38 34 34 43 32 30 32 39 43 33 37 0D 0A 	
307	0.00293501	PlugwisePC.exe	IRP_MJ_WRITE	VCP0	SUCCESS	Length 30: 05 05 03 03 30 30 33 45 30 30 30 44 36 46 30 30 30 31 41 34 30 32 31 46 35 39 37 46 0D 0A 	
308	0.01631381	PlugwisePC.exe	IOCTL_SERIAL_WAIT_ON_MASK	VCP0	SUCCESS		
309	0.00000587	PlugwisePC.exe	IOCTL_SERIAL_GET_COMMSTATUS	VCP0	SUCCESS		
310	0.00000447	PlugwisePC.exe	IOCTL_SERIAL_GET_COMMSTATUS	VCP0	SUCCESS		
311	0.00003241	PlugwisePC.exe	IRP_MJ_READ	VCP0	SUCCESS	Length 22: 05 05 03 03 30 30 30 30 30 30 46 41 30 30 43 31 32 42 31 36 0D 0A 	
312	0.14359926	PlugwisePC.exe	IOCTL_SERIAL_WAIT_ON_MASK	VCP0	SUCCESS		
313	0.00000615	PlugwisePC.exe	IOCTL_SERIAL_GET_COMMSTATUS	VCP0	SUCCESS		
314	0.00000447	PlugwisePC.exe	IOCTL_SERIAL_GET_COMMSTATUS	VCP0	SUCCESS		
315	0.00000726	PlugwisePC.exe	IRP_MJ_READ	VCP0	SUCCESS	Length 1: 83 	
316	0.20759705	PlugwisePC.exe	IOCTL_SERIAL_WAIT_ON_MASK	VCP0	SUCCESS		
317	0.00000615	PlugwisePC.exe	IOCTL_SERIAL_GET_COMMSTATUS	VCP0	SUCCESS		
318	0.00000447	PlugwisePC.exe	IOCTL_SERIAL_GET_COMMSTATUS	VCP0	SUCCESS		
319	0.00000754	PlugwisePC.exe	IRP_MJ_READ	VCP0	SUCCESS	Length 48: 05 05 03 03 30 30 33 46 30 30 46 41 30 30 30 44 36 46 30 30 30 31 41 34 30 32 31 46 30 45 33 36 30 33 30 34 30 31 34 35 37 41 33 37 30 35 0D 0A 	
320	0.00259726	PlugwisePC.exe	IRP_MJ_WRITE	VCP0	SUCCESS	Length 34: 05 05 03 03 30 30 34 30 30 30 30 44 36 46 30 30 30 31 41 34 30 32 31 46 30 30 30 31 38 33 42 41 0D 0A 	
321	0.03381324	PlugwisePC.exe	IOCTL_SERIAL_WAIT_ON_MASK	VCP0	SUCCESS		
322	0.00000726	PlugwisePC.exe	IOCTL_SERIAL_GET_COMMSTATUS	VCP0	SUCCESS		
323	0.00000447	PlugwisePC.exe	IOCTL_SERIAL_GET_COMMSTATUS	VCP0	SUCCESS		
324	0.00000810	PlugwisePC.exe	IRP_MJ_READ	VCP0	SUCCESS	Length 23: 05 05 03 03 30 30 30 30 30 30 46 42 30 30 43 31 43 35 43 34 0D 0A 83 	
325	0.01608836	PlugwisePC.exe	IOCTL_SERIAL_WAIT_ON_MASK	VCP0	SUCCESS		
326	0.00000643	PlugwisePC.exe	IOCTL_SERIAL_GET_COMMSTATUS	VCP0	SUCCESS		
327	0.00000447	PlugwisePC.exe	IOCTL_SERIAL_GET_COMMSTATUS	VCP0	SUCCESS		
328	0.00000726	PlugwisePC.exe	IRP_MJ_READ	VCP0	SUCCESS	Length 38: 05 05 03 03 30 30 30 30 30 30 46 42 30 30 45 35 30 30 30 44 36 46 30 30 30 31 41 34 30 32 31 46 39 32 33 42 0D 0A 	
329	0.00259949	PlugwisePC.exe	IRP_MJ_WRITE	VCP0	SUCCESS	Length 30: 05 05 03 03 30 30 31 32 30 30 30 44 36 46 30 30 30 31 41 34 30 32 31 46 38 31 39 35 0D 0A 	
330	0.04255597	PlugwisePC.exe	IOCTL_SERIAL_WAIT_ON_MASK	VCP0	SUCCESS		
331	0.00000587	PlugwisePC.exe	IOCTL_SERIAL_GET_COMMSTATUS	VCP0	SUCCESS		
332	0.00000447	PlugwisePC.exe	IOCTL_SERIAL_GET_COMMSTATUS	VCP0	SUCCESS		
333	0.00000754	PlugwisePC.exe	IRP_MJ_READ	VCP0	SUCCESS	Length 23: 05 05 03 03 30 30 30 30 30 30 46 43 30 30 43 31 36 46 39 35 0D 0A 83 	
334	0.04475932	PlugwisePC.exe	IOCTL_SERIAL_WAIT_ON_MASK	VCP0	SUCCESS		
335	0.00000615	PlugwisePC.exe	IOCTL_SERIAL_GET_COMMSTATUS	VCP0	SUCCESS		
336	0.00000475	PlugwisePC.exe	IOCTL_SERIAL_GET_COMMSTATUS	VCP0	SUCCESS		
337	0.00000726	PlugwisePC.exe	IRP_MJ_READ	VCP0	SUCCESS	Length 62: 05 05 03 03 30 30 31 33 30 30 46 43 30 30 30 44 36 46 30 30 30 31 41 34 30 32 31 46 30 30 30 31 30 30 30 41 30 30 30 30 31 32 35 35 30 30 30 30 30 30 30 30 30 30 30 31 39 38 35 39 0D 0A 	
338	0.00285539	PlugwisePC.exe	IRP_MJ_WRITE	VCP0	SUCCESS	Length 30: 05 05 03 03 30 30 32 33 30 30 30 44 36 46 30 30 30 31 41 34 30 32 32 33 45 41 36 34 0D 0A 	
339	0.00000782	PlugwisePC.exe	IOCTL_SERIAL_GET_COMMSTATUS	VCP0	SUCCESS		
340	0.00000447	PlugwisePC.exe	IOCTL_SERIAL_GET_COMMSTATUS	VCP0	SUCCESS		
341	0.00000726	PlugwisePC.exe	IRP_MJ_READ	VCP0	SUCCESS	Length 132: 05 05 03 03 30 30 30 30 30 30 46 44 30 30 43 31 30 38 34 31 0D 0A 23 20 41 50 53 52 65 71 75 65 73 74 4E 6F 64 65 49 6E 66 6F 3A 20 53 6F 75 72 63 65 20 4D 41 43 3A 20 30 30 30 44 36 46 30 30 30 31 41 35 39 45 44 43 23 20 41 50 53 52 65 71 75 65 73 74 4E 6F 64 65 49 6E 66 6F 3A 20 44 65 73 74 69 6E 61 74 69 6F 6E 20 4D 41 43 3A 20 0D 0A 30 30 30 44 36 46 30 30 30 31 41 34 30 32 32 33 0D 0A 83 	
342	0.00002095	PlugwisePC.exe	IOCTL_SERIAL_WAIT_ON_MASK	VCP0	SUCCESS		
343	0.01581709	PlugwisePC.exe	IOCTL_SERIAL_WAIT_ON_MASK	VCP0	SUCCESS		
344	0.00000615	PlugwisePC.exe	IOCTL_SERIAL_GET_COMMSTATUS	VCP0	SUCCESS		
345	0.01750753	PlugwisePC.exe	IOCTL_SERIAL_WAIT_ON_MASK	VCP0	SUCCESS		
346	0.00000643	PlugwisePC.exe	IOCTL_SERIAL_GET_COMMSTATUS	VCP0	SUCCESS		
347	0.00000503	PlugwisePC.exe	IOCTL_SERIAL_GET_COMMSTATUS	VCP0	SUCCESS		
348	0.00000754	PlugwisePC.exe	IRP_MJ_READ	VCP0	SUCCESS	Length 49: 05 05 03 03 30 30 32 34 30 30 46 44 30 30 30 44 36 46 30 30 30 31 41 34 30 32 32 33 31 31 30 42 30 39 31 45 30 30 30 37 30 46 33 30 30 31 38 35 36 	
349	0.07938244	PlugwisePC.exe	IOCTL_SERIAL_WAIT_ON_MASK	VCP0	SUCCESS		
350	0.00000615	PlugwisePC.exe	IOCTL_SERIAL_GET_COMMSTATUS	VCP0	SUCCESS		
351	0.00000447	PlugwisePC.exe	IOCTL_SERIAL_GET_COMMSTATUS	VCP0	SUCCESS		
352	0.00000726	PlugwisePC.exe	IRP_MJ_READ	VCP0	SUCCESS	Length 27: 35 33 39 30 37 30 31 34 30 32 34 34 45 30 38 34 34 43 32 30 32 41 34 32 34 0D 0A 	
353	0.00299787	PlugwisePC.exe	IRP_MJ_WRITE	VCP0	SUCCESS	Length 30: 05 05 03 03 30 30 33 45 30 30 30 44 36 46 30 30 30 31 41 34 30 32 32 33 32 32 31 45 0D 0A 	
354	0.01426243	PlugwisePC.exe	IOCTL_SERIAL_WAIT_ON_MASK	VCP0	SUCCESS		
355	0.00000447	PlugwisePC.exe	IOCTL_SERIAL_GET_COMMSTATUS	VCP0	SUCCESS		
356	0.00000251	PlugwisePC.exe	IOCTL_SERIAL_GET_COMMSTATUS	VCP0	SUCCESS		
357	0.00000475	PlugwisePC.exe	IRP_MJ_READ	VCP0	SUCCESS	Length 22: 05 05 03 03 30 30 30 30 30 30 46 45 30 30 43 31 41 32 31 30 0D 0A 	
358	0.14414374	PlugwisePC.exe	IOCTL_SERIAL_WAIT_ON_MASK	VCP0	SUCCESS		
359	0.00000335	PlugwisePC.exe	IOCTL_SERIAL_GET_COMMSTATUS	VCP0	SUCCESS		
360	0.00000251	PlugwisePC.exe	IOCTL_SERIAL_GET_COMMSTATUS	VCP0	SUCCESS		
361	0.00000419	PlugwisePC.exe	IRP_MJ_READ	VCP0	SUCCESS	Length 1: 83 	
362	0.22318172	PlugwisePC.exe	IOCTL_SERIAL_WAIT_ON_MASK	VCP0	SUCCESS		
363	0.00000363	PlugwisePC.exe	IOCTL_SERIAL_GET_COMMSTATUS	VCP0	SUCCESS		
364	0.00000251	PlugwisePC.exe	IOCTL_SERIAL_GET_COMMSTATUS	VCP0	SUCCESS		
365	0.00000447	PlugwisePC.exe	IRP_MJ_READ	VCP0	SUCCESS	Length 48: 05 05 03 03 30 30 33 46 30 30 46 45 30 30 30 44 36 46 30 30 30 31 41 34 30 32 32 33 30 45 33 36 30 34 30 34 30 31 34 35 37 41 42 41 44 43 0D 0A 	
366	0.00282578	PlugwisePC.exe	IRP_MJ_WRITE	VCP0	SUCCESS	Length 34: 05 05 03 03 30 30 34 30 30 30 30 44 36 46 30 30 30 31 41 34 30 32 32 33 30 30 30 31 37 33 38 42 0D 0A 	
367	0.03419569	PlugwisePC.exe	IOCTL_SERIAL_WAIT_ON_MASK	VCP0	SUCCESS		
368	0.00000363	PlugwisePC.exe	IOCTL_SERIAL_GET_COMMSTATUS	VCP0	SUCCESS		
369	0.00000251	PlugwisePC.exe	IOCTL_SERIAL_GET_COMMSTATUS	VCP0	SUCCESS		
370	0.00000475	PlugwisePC.exe	IRP_MJ_READ	VCP0	SUCCESS	Length 23: 05 05 03 03 30 30 30 30 30 30 46 46 30 30 43 31 34 43 43 32 0D 0A 83 	
371	0.01379337	PlugwisePC.exe	IOCTL_SERIAL_WAIT_ON_MASK	VCP0	SUCCESS		
372	0.00000335	PlugwisePC.exe	IOCTL_SERIAL_GET_COMMSTATUS	VCP0	SUCCESS		
373	0.00000279	PlugwisePC.exe	IOCTL_SERIAL_GET_COMMSTATUS	VCP0	SUCCESS		
374	0.00000447	PlugwisePC.exe	IRP_MJ_READ	VCP0	SUCCESS	Length 38: 05 05 03 03 30 30 30 30 30 30 46 46 30 30 45 35 30 30 30 44 36 46 30 30 30 31 41 34 30 32 32 33 38 45 45 31 0D 0A 	
375	0.00392201	PlugwisePC.exe	IRP_MJ_WRITE	VCP0	SUCCESS	Length 30: 05 05 03 03 30 30 31 32 30 30 30 44 36 46 30 30 30 31 41 34 30 32 32 33 46 41 46 34 0D 0A 	
376	0.04099376	PlugwisePC.exe	IOCTL_SERIAL_WAIT_ON_MASK	VCP0	SUCCESS		
377	0.00000726	PlugwisePC.exe	IOCTL_SERIAL_GET_COMMSTATUS	VCP0	SUCCESS		
378	0.00000475	PlugwisePC.exe	IOCTL_SERIAL_GET_COMMSTATUS	VCP0	SUCCESS		
379	0.00029305	PlugwisePC.exe	IRP_MJ_READ	VCP0	SUCCESS	Length 23: 05 05 03 03 30 30 30 30 30 31 30 30 30 30 43 31 45 43 44 44 0D 0A 83 	
380	0.04484453	PlugwisePC.exe	IOCTL_SERIAL_WAIT_ON_MASK	VCP0	SUCCESS		
381	0.00001676	PlugwisePC.exe	IOCTL_SERIAL_GET_COMMSTATUS	VCP0	SUCCESS		
382	0.00000475	PlugwisePC.exe	IOCTL_SERIAL_GET_COMMSTATUS	VCP0	SUCCESS		
383	0.00000726	PlugwisePC.exe	IRP_MJ_READ	VCP0	SUCCESS	Length 62: 05 05 03 03 30 30 31 33 30 31 30 30 30 30 30 44 36 46 30 30 30 31 41 34 30 32 32 33 30 30 34 33 30 32 30 44 30 30 30 33 41 30 36 36 30 30 30 30 30 30 30 30 30 30 30 44 41 34 45 37 0D 0A 	
384	0.00184632	PlugwisePC.exe	IRP_MJ_WRITE	VCP0	SUCCESS	Length 30: 05 05 03 03 30 30 32 33 30 30 30 44 36 46 30 30 30 31 41 34 30 32 32 41 42 34 42 31 0D 0A 	
385	0.00002319	PlugwisePC.exe	IOCTL_SERIAL_WAIT_ON_MASK	VCP0	SUCCESS		
386	0.04840476	PlugwisePC.exe	IOCTL_SERIAL_WAIT_ON_MASK	VCP0	SUCCESS		
387	0.00000531	PlugwisePC.exe	IOCTL_SERIAL_GET_COMMSTATUS	VCP0	SUCCESS		
388	0.00000447	PlugwisePC.exe	IOCTL_SERIAL_GET_COMMSTATUS	VCP0	SUCCESS		
389	0.00000754	PlugwisePC.exe	IRP_MJ_READ	VCP0	SUCCESS	Length 132: 05 05 03 03 30 30 30 30 30 31 30 31 30 30 43 31 34 36 38 43 0D 0A 23 20 41 50 53 52 65 71 75 65 73 74 4E 6F 64 65 49 6E 66 6F 3A 20 53 6F 75 72 63 65 20 4D 41 43 3A 20 30 30 30 44 36 46 30 30 30 31 41 35 39 45 44 43 23 20 41 50 53 52 65 71 75 65 73 74 4E 6F 64 65 49 6E 66 6F 3A 20 44 65 73 74 69 6E 61 74 69 6F 6E 20 4D 41 43 3A 20 0D 0A 30 30 30 44 36 46 30 30 30 31 41 34 30 32 32 41 0D 0A 83 	
390	0.00000643	PlugwisePC.exe	IOCTL_SERIAL_GET_COMMSTATUS	VCP0	SUCCESS		
391	0.02283028	PlugwisePC.exe	IOCTL_SERIAL_WAIT_ON_MASK	VCP0	SUCCESS		
392	0.00000615	PlugwisePC.exe	IOCTL_SERIAL_GET_COMMSTATUS	VCP0	SUCCESS		
393	0.00000447	PlugwisePC.exe	IOCTL_SERIAL_GET_COMMSTATUS	VCP0	SUCCESS		
394	0.00000726	PlugwisePC.exe	IRP_MJ_READ	VCP0	SUCCESS	Length 12: 05 05 03 03 30 30 32 34 30 31 30 31 	
395	0.00002458	PlugwisePC.exe	IOCTL_SERIAL_WAIT_ON_MASK	VCP0	SUCCESS		
396	0.07714863	PlugwisePC.exe	IOCTL_SERIAL_WAIT_ON_MASK	VCP0	SUCCESS		
397	0.00000698	PlugwisePC.exe	IOCTL_SERIAL_GET_COMMSTATUS	VCP0	SUCCESS		
398	0.00000447	PlugwisePC.exe	IOCTL_SERIAL_GET_COMMSTATUS	VCP0	SUCCESS		
399	0.00000810	PlugwisePC.exe	IRP_MJ_READ	VCP0	SUCCESS	Length 64: 30 30 30 44 36 46 30 30 30 31 41 34 30 32 32 41 31 31 30 42 30 39 31 45 30 30 30 35 39 44 31 30 30 31 38 35 36 35 33 39 30 37 30 31 34 30 32 34 34 45 30 38 34 34 43 32 30 32 43 38 44 31 0D 0A 	
400	0.00000698	PlugwisePC.exe	IOCTL_SERIAL_GET_COMMSTATUS	VCP0	SUCCESS		
401	0.00137448	PlugwisePC.exe	IRP_MJ_WRITE	VCP0	SUCCESS	Length 30: 05 05 03 03 30 30 33 45 30 30 30 44 36 46 30 30 30 31 41 34 30 32 32 41 37 43 43 42 0D 0A 	
402	0.17579525	PlugwisePC.exe	IOCTL_SERIAL_WAIT_ON_MASK	VCP0	SUCCESS		
403	0.00000587	PlugwisePC.exe	IOCTL_SERIAL_GET_COMMSTATUS	VCP0	SUCCESS		
404	0.00000475	PlugwisePC.exe	IOCTL_SERIAL_GET_COMMSTATUS	VCP0	SUCCESS		
405	0.00000726	PlugwisePC.exe	IRP_MJ_READ	VCP0	SUCCESS	Length 23: 05 05 03 03 30 30 30 30 30 31 30 32 30 30 43 31 41 38 35 45 0D 0A 83 	
406	0.01596208	PlugwisePC.exe	IOCTL_SERIAL_WAIT_ON_MASK	VCP0	SUCCESS		
407	0.00004889	PlugwisePC.exe	IOCTL_SERIAL_GET_COMMSTATUS	VCP0	SUCCESS		
408	0.00000503	PlugwisePC.exe	IOCTL_SERIAL_GET_COMMSTATUS	VCP0	SUCCESS		
409	0.00000726	PlugwisePC.exe	IRP_MJ_READ	VCP0	SUCCESS	Length 6: 05 05 03 03 30 30 	
410	0.00000810	PlugwisePC.exe	IOCTL_SERIAL_GET_COMMSTATUS	VCP0	SUCCESS		
411	0.00000475	PlugwisePC.exe	IOCTL_SERIAL_GET_COMMSTATUS	VCP0	SUCCESS		
412	0.00000754	PlugwisePC.exe	IRP_MJ_READ	VCP0	SUCCESS	Length 42: 33 46 30 31 30 32 30 30 30 44 36 46 30 30 30 31 41 34 30 32 32 41 30 45 33 36 30 35 30 34 30 31 34 35 37 41 37 31 39 34 0D 0A 	
413	0.22569265	PlugwisePC.exe	IOCTL_SERIAL_WAIT_ON_MASK	VCP0	SUCCESS		
414	0.00347335	PlugwisePC.exe	IRP_MJ_WRITE	VCP0	SUCCESS	Length 34: 05 05 03 03 30 30 34 30 30 30 30 44 36 46 30 30 30 31 41 34 30 32 32 41 30 30 30 31 32 41 38 45 0D 0A 	
415	0.06127986	PlugwisePC.exe	IOCTL_SERIAL_WAIT_ON_MASK	VCP0	SUCCESS		
416	0.00000670	PlugwisePC.exe	IOCTL_SERIAL_GET_COMMSTATUS	VCP0	SUCCESS		
417	0.00000447	PlugwisePC.exe	IOCTL_SERIAL_GET_COMMSTATUS	VCP0	SUCCESS		
418	0.00000838	PlugwisePC.exe	IRP_MJ_READ	VCP0	SUCCESS	Length 23: 05 05 03 03 30 30 30 30 30 31 30 33 30 30 43 31 30 32 30 46 0D 0A 83 	
419	0.01585648	PlugwisePC.exe	IOCTL_SERIAL_WAIT_ON_MASK	VCP0	SUCCESS		
420	0.00000615	PlugwisePC.exe	IOCTL_SERIAL_GET_COMMSTATUS	VCP0	SUCCESS		
421	0.00000475	PlugwisePC.exe	IOCTL_SERIAL_GET_COMMSTATUS	VCP0	SUCCESS		
422	0.00000726	PlugwisePC.exe	IRP_MJ_READ	VCP0	SUCCESS	Length 38: 05 05 03 03 30 30 30 30 30 31 30 33 30 30 45 35 30 30 30 44 36 46 30 30 30 31 41 34 30 32 32 41 45 31 33 32 0D 0A 	
423	0.00181280	PlugwisePC.exe	IRP_MJ_WRITE	VCP0	SUCCESS	Length 30: 05 05 03 03 30 30 31 32 30 30 30 44 36 46 30 30 30 31 41 34 30 32 32 41 41 34 32 31 0D 0A 	
424	0.06803015	PlugwisePC.exe	IOCTL_SERIAL_WAIT_ON_MASK	VCP0	SUCCESS		
425	0.00000615	PlugwisePC.exe	IOCTL_SERIAL_GET_COMMSTATUS	VCP0	SUCCESS		
426	0.00000447	PlugwisePC.exe	IOCTL_SERIAL_GET_COMMSTATUS	VCP0	SUCCESS		
427	0.00000726	PlugwisePC.exe	IRP_MJ_READ	VCP0	SUCCESS	Length 23: 05 05 03 03 30 30 30 30 30 31 30 34 30 30 43 31 36 35 44 42 0D 0A 83 	
428	0.01856381	PlugwisePC.exe	IOCTL_SERIAL_WAIT_ON_MASK	VCP0	SUCCESS		
429	0.00000587	PlugwisePC.exe	IOCTL_SERIAL_GET_COMMSTATUS	VCP0	SUCCESS		
430	0.00000447	PlugwisePC.exe	IOCTL_SERIAL_GET_COMMSTATUS	VCP0	SUCCESS		
431	0.00000754	PlugwisePC.exe	IRP_MJ_READ	VCP0	SUCCESS	Length 62: 05 05 03 03 30 30 31 33 30 31 30 34 30 30 30 44 36 46 30 30 30 31 41 34 30 32 32 41 30 30 30 30 30 30 30 34 30 30 30 30 30 37 45 30 30 30 30 30 30 30 30 30 30 30 30 31 42 32 44 38 0D 0A 	
432	0.00400135	PlugwisePC.exe	IRP_MJ_WRITE	VCP0	SUCCESS	Length 30: 05 05 03 03 30 30 32 33 30 30 30 44 36 46 30 30 30 31 41 34 30 34 41 35 36 35 30 38 0D 0A 	
433	0.01900130	PlugwisePC.exe	IOCTL_SERIAL_WAIT_ON_MASK	VCP0	SUCCESS		
434	0.00000587	PlugwisePC.exe	IOCTL_SERIAL_GET_COMMSTATUS	VCP0	SUCCESS		
435	0.00000447	PlugwisePC.exe	IOCTL_SERIAL_GET_COMMSTATUS	VCP0	SUCCESS		
436	0.00000698	PlugwisePC.exe	IRP_MJ_READ	VCP0	SUCCESS	Length 25: 05 05 03 03 30 30 30 30 30 31 30 35 30 30 43 31 43 46 38 41 0D 0A 23 20 41 	
437	0.00002263	PlugwisePC.exe	IOCTL_SERIAL_WAIT_ON_MASK	VCP0	SUCCESS		
438	0.01568216	PlugwisePC.exe	IOCTL_SERIAL_WAIT_ON_MASK	VCP0	SUCCESS		
439	0.00000559	PlugwisePC.exe	IOCTL_SERIAL_GET_COMMSTATUS	VCP0	SUCCESS		
440	0.00000475	PlugwisePC.exe	IOCTL_SERIAL_GET_COMMSTATUS	VCP0	SUCCESS		
441	0.00003911	PlugwisePC.exe	IRP_MJ_READ	VCP0	SUCCESS	Length 107: 50 53 52 65 71 75 65 73 74 4E 6F 64 65 49 6E 66 6F 3A 20 53 6F 75 72 63 65 20 4D 41 43 3A 20 30 30 30 44 36 46 30 30 30 31 41 35 39 45 44 43 23 20 41 50 53 52 65 71 75 65 73 74 4E 6F 64 65 49 6E 66 6F 3A 20 44 65 73 74 69 6E 61 74 69 6F 6E 20 4D 41 43 3A 20 0D 0A 30 30 30 44 36 46 30 30 30 31 41 34 30 34 41 35 0D 0A 83 	
442	0.00000698	PlugwisePC.exe	IOCTL_SERIAL_GET_COMMSTATUS	VCP0	SUCCESS		
443	0.02295627	PlugwisePC.exe	IOCTL_SERIAL_WAIT_ON_MASK	VCP0	SUCCESS		
444	0.00000559	PlugwisePC.exe	IOCTL_SERIAL_GET_COMMSTATUS	VCP0	SUCCESS		
445	0.00000475	PlugwisePC.exe	IOCTL_SERIAL_GET_COMMSTATUS	VCP0	SUCCESS		
446	0.00000754	PlugwisePC.exe	IRP_MJ_READ	VCP0	SUCCESS	Length 3: 05 05 03 	
447	0.00002291	PlugwisePC.exe	IOCTL_SERIAL_WAIT_ON_MASK	VCP0	SUCCESS		
448	0.07752326	PlugwisePC.exe	IOCTL_SERIAL_WAIT_ON_MASK	VCP0	SUCCESS		
449	0.00000810	PlugwisePC.exe	IOCTL_SERIAL_GET_COMMSTATUS	VCP0	SUCCESS		
450	0.00000475	PlugwisePC.exe	IOCTL_SERIAL_GET_COMMSTATUS	VCP0	SUCCESS		
451	0.00000726	PlugwisePC.exe	IRP_MJ_READ	VCP0	SUCCESS	Length 73: 03 30 30 32 34 30 31 30 35 30 30 30 44 36 46 30 30 30 31 41 34 30 34 41 35 31 31 30 42 30 39 31 45 30 30 30 34 44 46 34 30 30 31 38 35 36 35 33 39 30 37 30 31 34 30 32 34 34 45 30 38 34 34 43 32 30 32 35 43 44 41 0D 0A 	
452	0.00000643	PlugwisePC.exe	IOCTL_SERIAL_GET_COMMSTATUS	VCP0	SUCCESS		
453	0.00180190	PlugwisePC.exe	IRP_MJ_WRITE	VCP0	SUCCESS	Length 30: 05 05 03 03 30 30 33 45 30 30 30 44 36 46 30 30 30 31 41 34 30 34 41 35 41 44 37 32 0D 0A 	
454	0.16141241	PlugwisePC.exe	IOCTL_SERIAL_WAIT_ON_MASK	VCP0	SUCCESS		
455	0.00000615	PlugwisePC.exe	IOCTL_SERIAL_GET_COMMSTATUS	VCP0	SUCCESS		
456	0.00000447	PlugwisePC.exe	IOCTL_SERIAL_GET_COMMSTATUS	VCP0	SUCCESS		
457	0.00000754	PlugwisePC.exe	IRP_MJ_READ	VCP0	SUCCESS	Length 23: 05 05 03 03 30 30 30 30 30 31 30 36 30 30 43 31 32 31 35 38 0D 0A 83 	
458	0.22133260	PlugwisePC.exe	IOCTL_SERIAL_WAIT_ON_MASK	VCP0	SUCCESS		
459	0.00000363	PlugwisePC.exe	IOCTL_SERIAL_GET_COMMSTATUS	VCP0	SUCCESS		
460	0.00000251	PlugwisePC.exe	IOCTL_SERIAL_GET_COMMSTATUS	VCP0	SUCCESS		
461	0.00000447	PlugwisePC.exe	IRP_MJ_READ	VCP0	SUCCESS	Length 48: 05 05 03 03 30 30 33 46 30 31 30 36 30 30 30 44 36 46 30 30 30 31 41 34 30 34 41 35 30 45 33 36 30 35 30 34 30 31 34 35 37 41 36 38 36 30 0D 0A 	
462	0.00240813	PlugwisePC.exe	IRP_MJ_WRITE	VCP0	SUCCESS	Length 34: 05 05 03 03 30 30 34 30 30 30 30 44 36 46 30 30 30 31 41 34 30 34 41 35 30 30 30 31 39 34 35 37 0D 0A 	
463	0.03408981	PlugwisePC.exe	IOCTL_SERIAL_WAIT_ON_MASK	VCP0	SUCCESS		
464	0.00000531	PlugwisePC.exe	IOCTL_SERIAL_GET_COMMSTATUS	VCP0	SUCCESS		
465	0.00000391	PlugwisePC.exe	IOCTL_SERIAL_GET_COMMSTATUS	VCP0	SUCCESS		
466	0.00000726	PlugwisePC.exe	IRP_MJ_READ	VCP0	SUCCESS	Length 23: 05 05 03 03 30 30 30 30 30 31 30 37 30 30 43 31 38 42 30 39 0D 0A 83 	
467	0.01355396	PlugwisePC.exe	IOCTL_SERIAL_WAIT_ON_MASK	VCP0	SUCCESS		
468	0.00000587	PlugwisePC.exe	IOCTL_SERIAL_GET_COMMSTATUS	VCP0	SUCCESS		
469	0.00000475	PlugwisePC.exe	IOCTL_SERIAL_GET_COMMSTATUS	VCP0	SUCCESS		
470	0.00000726	PlugwisePC.exe	IRP_MJ_READ	VCP0	SUCCESS	Length 38: 05 05 03 03 30 30 30 30 30 31 30 37 30 30 45 35 30 30 30 44 36 46 30 30 30 31 41 34 30 34 41 35 35 37 33 30 0D 0A 	
471	0.00427708	PlugwisePC.exe	IRP_MJ_WRITE	VCP0	SUCCESS	Length 30: 05 05 03 03 30 30 31 32 30 30 30 44 36 46 30 30 30 31 41 34 30 34 41 35 37 35 39 38 0D 0A 	
472	0.01631604	PlugwisePC.exe	IOCTL_SERIAL_WAIT_ON_MASK	VCP0	SUCCESS		
473	0.00000587	PlugwisePC.exe	IOCTL_SERIAL_GET_COMMSTATUS	VCP0	SUCCESS		
474	0.00000475	PlugwisePC.exe	IOCTL_SERIAL_GET_COMMSTATUS	VCP0	SUCCESS		
475	0.00000726	PlugwisePC.exe	IRP_MJ_READ	VCP0	SUCCESS	Length 8: 05 05 03 03 30 30 30 30 	
476	0.01540978	PlugwisePC.exe	IOCTL_SERIAL_WAIT_ON_MASK	VCP0	SUCCESS		
477	0.00000587	PlugwisePC.exe	IOCTL_SERIAL_GET_COMMSTATUS	VCP0	SUCCESS		
478	0.00000475	PlugwisePC.exe	IOCTL_SERIAL_GET_COMMSTATUS	VCP0	SUCCESS		
479	0.00000754	PlugwisePC.exe	IRP_MJ_READ	VCP0	SUCCESS	Length 15: 30 31 30 38 30 30 43 31 45 45 46 30 0D 0A 83 	
480	0.01877585	PlugwisePC.exe	IOCTL_SERIAL_WAIT_ON_MASK	VCP0	SUCCESS		
481	0.00000726	PlugwisePC.exe	IOCTL_SERIAL_GET_COMMSTATUS	VCP0	SUCCESS		
482	0.00000447	PlugwisePC.exe	IOCTL_SERIAL_GET_COMMSTATUS	VCP0	SUCCESS		
483	0.00000726	PlugwisePC.exe	IRP_MJ_READ	VCP0	SUCCESS	Length 28: 05 05 03 03 30 30 31 33 30 31 30 38 30 30 30 44 36 46 30 30 30 31 41 34 30 34 41 35 	
484	0.00000782	PlugwisePC.exe	IOCTL_SERIAL_GET_COMMSTATUS	VCP0	SUCCESS		
485	0.00000475	PlugwisePC.exe	IOCTL_SERIAL_GET_COMMSTATUS	VCP0	SUCCESS		
486	0.00000726	PlugwisePC.exe	IRP_MJ_READ	VCP0	SUCCESS	Length 34: 46 46 46 46 46 46 46 46 30 30 30 30 30 30 30 30 46 46 46 42 35 31 45 39 30 30 30 35 44 41 31 41 0D 0A 	
487	0.04642685	PlugwisePC.exe	IOCTL_SERIAL_WAIT_ON_MASK	VCP0	SUCCESS		
488	0.00326271	PlugwisePC.exe	IRP_MJ_WRITE	VCP0	SUCCESS	Length 30: 05 05 03 03 30 30 32 33 30 30 30 44 36 46 30 30 30 31 41 34 30 35 33 31 37 43 38 37 0D 0A 	
489	0.00002291	PlugwisePC.exe	IOCTL_SERIAL_WAIT_ON_MASK	VCP0	SUCCESS		
490	0.07331435	PlugwisePC.exe	IOCTL_SERIAL_WAIT_ON_MASK	VCP0	SUCCESS		
491	0.00000615	PlugwisePC.exe	IOCTL_SERIAL_GET_COMMSTATUS	VCP0	SUCCESS		
492	0.00000475	PlugwisePC.exe	IOCTL_SERIAL_GET_COMMSTATUS	VCP0	SUCCESS		
493	0.00000754	PlugwisePC.exe	IRP_MJ_READ	VCP0	SUCCESS	Length 132: 05 05 03 03 30 30 30 30 30 31 30 39 30 30 43 31 34 34 41 31 0D 0A 23 20 41 50 53 52 65 71 75 65 73 74 4E 6F 64 65 49 6E 66 6F 3A 20 53 6F 75 72 63 65 20 4D 41 43 3A 20 30 30 30 44 36 46 30 30 30 31 41 35 39 45 44 43 23 20 41 50 53 52 65 71 75 65 73 74 4E 6F 64 65 49 6E 66 6F 3A 20 44 65 73 74 69 6E 61 74 69 6F 6E 20 4D 41 43 3A 20 0D 0A 30 30 30 44 36 46 30 30 30 31 41 34 30 35 33 31 0D 0A 83 	
494	0.00000615	PlugwisePC.exe	IOCTL_SERIAL_GET_COMMSTATUS	VCP0	SUCCESS		
495	0.00002542	PlugwisePC.exe	IOCTL_SERIAL_WAIT_ON_MASK	VCP0	SUCCESS		
496	0.08126871	PlugwisePC.exe	IOCTL_SERIAL_WAIT_ON_MASK	VCP0	SUCCESS		
497	0.00000587	PlugwisePC.exe	IOCTL_SERIAL_GET_COMMSTATUS	VCP0	SUCCESS		
498	0.00000475	PlugwisePC.exe	IOCTL_SERIAL_GET_COMMSTATUS	VCP0	SUCCESS		
499	0.00000810	PlugwisePC.exe	IRP_MJ_READ	VCP0	SUCCESS	Length 76: 05 05 03 03 30 30 32 34 30 31 30 39 30 30 30 44 36 46 30 30 30 31 41 34 30 35 33 31 31 31 30 42 30 39 31 45 30 30 30 35 39 45 33 38 30 31 38 35 36 35 33 39 30 37 30 31 34 30 32 34 34 45 30 38 34 34 43 32 30 32 42 32 34 44 0D 0A 	
500	0.00001034	PlugwisePC.exe	IOCTL_SERIAL_GET_COMMSTATUS	VCP0	SUCCESS		
501	0.00169575	PlugwisePC.exe	IRP_MJ_WRITE	VCP0	SUCCESS	Length 30: 05 05 03 03 30 30 33 45 30 30 30 44 36 46 30 30 30 31 41 34 30 35 33 31 42 34 46 44 0D 0A 	
502	0.18842367	PlugwisePC.exe	IOCTL_SERIAL_WAIT_ON_MASK	VCP0	SUCCESS		
503	0.00000335	PlugwisePC.exe	IOCTL_SERIAL_GET_COMMSTATUS	VCP0	SUCCESS		
504	0.00000223	PlugwisePC.exe	IOCTL_SERIAL_GET_COMMSTATUS	VCP0	SUCCESS		
505	0.00000391	PlugwisePC.exe	IRP_MJ_READ	VCP0	SUCCESS	Length 23: 05 05 03 03 30 30 30 30 30 31 30 41 30 30 43 31 35 42 30 41 0D 0A 83 	
506	0.22417905	PlugwisePC.exe	IOCTL_SERIAL_WAIT_ON_MASK	VCP0	SUCCESS		
507	0.00000587	PlugwisePC.exe	IOCTL_SERIAL_GET_COMMSTATUS	VCP0	SUCCESS		
508	0.00000447	PlugwisePC.exe	IOCTL_SERIAL_GET_COMMSTATUS	VCP0	SUCCESS		
509	0.00000754	PlugwisePC.exe	IRP_MJ_READ	VCP0	SUCCESS	Length 48: 05 05 03 03 30 30 33 46 30 31 30 41 30 30 30 44 36 46 30 30 30 31 41 34 30 35 33 31 30 45 33 36 30 36 30 34 30 31 34 35 37 41 43 37 37 45 0D 0A 	
510	0.00243271	PlugwisePC.exe	IRP_MJ_WRITE	VCP0	SUCCESS	Length 34: 05 05 03 03 30 30 34 30 30 30 30 44 36 46 30 30 30 31 41 34 30 35 33 31 30 30 30 31 36 42 45 43 0D 0A 	
511	0.06329575	PlugwisePC.exe	IOCTL_SERIAL_WAIT_ON_MASK	VCP0	SUCCESS		
512	0.00000615	PlugwisePC.exe	IOCTL_SERIAL_GET_COMMSTATUS	VCP0	SUCCESS		
513	0.00000447	PlugwisePC.exe	IOCTL_SERIAL_GET_COMMSTATUS	VCP0	SUCCESS		
514	0.00000754	PlugwisePC.exe	IRP_MJ_READ	VCP0	SUCCESS	Length 23: 05 05 03 03 30 30 30 30 30 31 30 42 30 30 43 31 42 35 44 38 0D 0A 83 	
515	0.01756564	PlugwisePC.exe	IOCTL_SERIAL_WAIT_ON_MASK	VCP0	SUCCESS		
516	0.00000587	PlugwisePC.exe	IOCTL_SERIAL_GET_COMMSTATUS	VCP0	SUCCESS		
517	0.00000475	PlugwisePC.exe	IOCTL_SERIAL_GET_COMMSTATUS	VCP0	SUCCESS		
518	0.00000754	PlugwisePC.exe	IRP_MJ_READ	VCP0	SUCCESS	Length 38: 05 05 03 03 30 30 30 30 30 31 30 42 30 30 45 35 30 30 30 44 36 46 30 30 30 31 41 34 30 35 33 31 36 34 46 32 0D 0A 	
519	0.00161305	PlugwisePC.exe	IRP_MJ_WRITE	VCP0	SUCCESS	Length 30: 05 05 03 03 30 30 31 32 30 30 30 44 36 46 30 30 30 31 41 34 30 35 33 31 36 43 31 37 0D 0A 	
520	0.07832755	PlugwisePC.exe	IOCTL_SERIAL_WAIT_ON_MASK	VCP0	SUCCESS		
521	0.00000615	PlugwisePC.exe	IOCTL_SERIAL_GET_COMMSTATUS	VCP0	SUCCESS		
522	0.00000447	PlugwisePC.exe	IOCTL_SERIAL_GET_COMMSTATUS	VCP0	SUCCESS		
523	0.00000754	PlugwisePC.exe	IRP_MJ_READ	VCP0	SUCCESS	Length 23: 05 05 03 03 30 30 30 30 30 31 30 43 30 30 43 31 31 46 38 39 0D 0A 83 	
524	0.01786987	PlugwisePC.exe	IOCTL_SERIAL_WAIT_ON_MASK	VCP0	SUCCESS		
525	0.00000810	PlugwisePC.exe	IOCTL_SERIAL_GET_COMMSTATUS	VCP0	SUCCESS		
526	0.00000475	PlugwisePC.exe	IOCTL_SERIAL_GET_COMMSTATUS	VCP0	SUCCESS		
527	0.00000782	PlugwisePC.exe	IRP_MJ_READ	VCP0	SUCCESS	Length 54: 05 05 03 03 30 30 31 33 30 31 30 43 30 30 30 44 36 46 30 30 30 31 41 34 30 35 33 31 30 30 30 30 46 46 46 46 30 30 30 30 36 31 31 42 46 46 46 42 39 39 39 32 30 30 	
528	0.04770718	PlugwisePC.exe	IOCTL_SERIAL_WAIT_ON_MASK	VCP0	SUCCESS		
529	0.00000587	PlugwisePC.exe	IOCTL_SERIAL_GET_COMMSTATUS	VCP0	SUCCESS		
530	0.00000475	PlugwisePC.exe	IOCTL_SERIAL_GET_COMMSTATUS	VCP0	SUCCESS		
531	0.00000726	PlugwisePC.exe	IRP_MJ_READ	VCP0	SUCCESS	Length 8: 30 43 38 43 45 41 0D 0A 	
532	0.00306855	PlugwisePC.exe	IRP_MJ_WRITE	VCP0	SUCCESS	Length 30: 05 05 03 03 30 30 32 33 30 30 30 44 36 46 30 30 30 31 41 34 30 35 36 39 30 32 37 41 0D 0A 	
533	0.00002319	PlugwisePC.exe	IOCTL_SERIAL_WAIT_ON_MASK	VCP0	SUCCESS		
534	0.09701903	PlugwisePC.exe	IOCTL_SERIAL_WAIT_ON_MASK	VCP0	SUCCESS		
535	0.00000615	PlugwisePC.exe	IOCTL_SERIAL_GET_COMMSTATUS	VCP0	SUCCESS		
536	0.00000447	PlugwisePC.exe	IOCTL_SERIAL_GET_COMMSTATUS	VCP0	SUCCESS		
537	0.00000726	PlugwisePC.exe	IRP_MJ_READ	VCP0	SUCCESS	Length 132: 05 05 03 03 30 30 30 30 30 31 30 44 30 30 43 31 37 38 35 44 0D 0A 23 20 41 50 53 52 65 71 75 65 73 74 4E 6F 64 65 49 6E 66 6F 3A 20 53 6F 75 72 63 65 20 4D 41 43 3A 20 30 30 30 44 36 46 30 30 30 31 41 35 39 45 44 43 23 20 41 50 53 52 65 71 75 65 73 74 4E 6F 64 65 49 6E 66 6F 3A 20 44 65 73 74 69 6E 61 74 69 6F 6E 20 4D 41 43 3A 20 0D 0A 30 30 30 44 36 46 30 30 30 31 41 34 30 35 36 39 0D 0A 83 	
538	0.00000643	PlugwisePC.exe	IOCTL_SERIAL_GET_COMMSTATUS	VCP0	SUCCESS		
539	0.00002291	PlugwisePC.exe	IOCTL_SERIAL_WAIT_ON_MASK	VCP0	SUCCESS		
540	0.06442774	PlugwisePC.exe	IOCTL_SERIAL_WAIT_ON_MASK	VCP0	SUCCESS		
541	0.00000559	PlugwisePC.exe	IOCTL_SERIAL_GET_COMMSTATUS	VCP0	SUCCESS		
542	0.00000447	PlugwisePC.exe	IOCTL_SERIAL_GET_COMMSTATUS	VCP0	SUCCESS		
543	0.00000726	PlugwisePC.exe	IRP_MJ_READ	VCP0	SUCCESS	Length 76: 05 05 03 03 30 30 32 34 30 31 30 44 30 30 30 44 36 46 30 30 30 31 41 34 30 35 36 39 31 31 30 42 30 39 31 45 30 30 30 35 39 45 33 30 30 31 38 35 36 35 33 39 30 37 30 31 34 30 32 34 34 45 30 38 34 34 43 32 30 32 42 30 31 36 0D 0A 	
544	0.00000643	PlugwisePC.exe	IOCTL_SERIAL_GET_COMMSTATUS	VCP0	SUCCESS		
545	0.00137168	PlugwisePC.exe	IRP_MJ_WRITE	VCP0	SUCCESS	Length 30: 05 05 03 03 30 30 32 36 30 30 30 44 36 46 30 30 30 31 41 34 30 35 36 39 35 31 31 30 0D 0A 	
546	0.10868365	PlugwisePC.exe	IOCTL_SERIAL_WAIT_ON_MASK	VCP0	SUCCESS		
547	0.00000587	PlugwisePC.exe	IOCTL_SERIAL_GET_COMMSTATUS	VCP0	SUCCESS		
548	0.00000447	PlugwisePC.exe	IOCTL_SERIAL_GET_COMMSTATUS	VCP0	SUCCESS		
549	0.00000782	PlugwisePC.exe	IRP_MJ_READ	VCP0	SUCCESS	Length 23: 05 05 03 03 30 30 30 30 30 31 30 45 30 30 43 31 44 32 30 43 0D 0A 83 	
550	0.00002486	PlugwisePC.exe	IOCTL_SERIAL_WAIT_ON_MASK	VCP0	SUCCESS		
551	0.00000643	PlugwisePC.exe	IOCTL_SERIAL_GET_COMMSTATUS	VCP0	SUCCESS		
552	0.00000559	PlugwisePC.exe	IOCTL_SERIAL_GET_COMMSTATUS	VCP0	SUCCESS		
553	0.00000866	PlugwisePC.exe	IRP_MJ_READ	VCP0	SUCCESS	Length 66: 05 05 03 03 30 30 32 37 30 31 30 45 30 30 30 44 36 46 30 30 30 31 41 34 30 35 36 39 33 46 37 46 33 30 44 42 42 35 42 42 33 33 34 44 33 44 39 42 43 41 33 37 30 30 30 30 30 30 30 30 43 41 31 35 0D 0A 	
554	0.08259877	PlugwisePC.exe	IOCTL_SERIAL_WAIT_ON_MASK	VCP0	SUCCESS		
555	0.00021371	PlugwisePC.exe	IOCTL_SERIAL_GET_COMMSTATUS	VCP0	SUCCESS		
556	0.00215893	PlugwisePC.exe	IRP_MJ_WRITE	VCP0	SUCCESS	Length 30: 05 05 03 03 30 30 35 46 30 30 30 44 36 46 30 30 30 31 41 34 30 35 36 39 46 42 43 32 0D 0A 	
557	0.00000531	PlugwisePC.exe	IOCTL_SERIAL_GET_COMMSTATUS	VCP0	SUCCESS		
558	0.00000251	PlugwisePC.exe	IOCTL_SERIAL_GET_COMMSTATUS	VCP0	SUCCESS		
559	0.00000503	PlugwisePC.exe	IRP_MJ_READ	VCP0	SUCCESS	Length 23: 05 05 03 03 30 30 30 30 30 31 30 46 30 30 43 31 33 43 44 45 0D 0A 83 	
560	0.08006297	PlugwisePC.exe	IOCTL_SERIAL_WAIT_ON_MASK	VCP0	SUCCESS		
561	0.00000643	PlugwisePC.exe	IOCTL_SERIAL_GET_COMMSTATUS	VCP0	SUCCESS		
562	0.00000251	PlugwisePC.exe	IOCTL_SERIAL_GET_COMMSTATUS	VCP0	SUCCESS		
563	0.00000503	PlugwisePC.exe	IRP_MJ_READ	VCP0	SUCCESS	Length 47: 05 05 03 03 30 30 36 30 30 31 30 46 30 30 30 44 36 46 30 30 30 31 41 34 30 35 36 39 46 46 46 46 46 46 46 46 46 46 46 46 46 46 46 45 35 35 42 	
564	0.01555673	PlugwisePC.exe	IOCTL_SERIAL_WAIT_ON_MASK	VCP0	SUCCESS		
565	0.00000587	PlugwisePC.exe	IOCTL_SERIAL_GET_COMMSTATUS	VCP0	SUCCESS		
566	0.00000251	PlugwisePC.exe	IOCTL_SERIAL_GET_COMMSTATUS	VCP0	SUCCESS		
567	0.00000447	PlugwisePC.exe	IRP_MJ_READ	VCP0	SUCCESS	Length 3: 30 0D 0A 	
568	0.01595678	PlugwisePC.exe	IOCTL_SERIAL_WAIT_ON_MASK	VCP0	SUCCESS		
569	0.00213798	PlugwisePC.exe	IRP_MJ_WRITE	VCP0	SUCCESS	Length 30: 05 05 03 03 30 30 33 45 30 30 30 44 36 46 30 30 30 31 41 34 30 35 36 39 43 41 30 30 0D 0A 	
570	0.00000643	PlugwisePC.exe	IOCTL_SERIAL_GET_COMMSTATUS	VCP0	SUCCESS		
571	0.00000251	PlugwisePC.exe	IOCTL_SERIAL_GET_COMMSTATUS	VCP0	SUCCESS		
572	0.00000503	PlugwisePC.exe	IRP_MJ_READ	VCP0	SUCCESS	Length 23: 05 05 03 03 30 30 30 30 30 31 31 30 30 30 43 31 41 39 37 44 0D 0A 83 	
573	0.21732958	PlugwisePC.exe	IOCTL_SERIAL_WAIT_ON_MASK	VCP0	SUCCESS		
574	0.00000615	PlugwisePC.exe	IOCTL_SERIAL_GET_COMMSTATUS	VCP0	SUCCESS		
575	0.00000251	PlugwisePC.exe	IOCTL_SERIAL_GET_COMMSTATUS	VCP0	SUCCESS		
576	0.00000531	PlugwisePC.exe	IRP_MJ_READ	VCP0	SUCCESS	Length 48: 05 05 03 03 30 30 33 46 30 31 31 30 30 30 30 44 36 46 30 30 30 31 41 34 30 35 36 39 30 45 33 36 30 37 30 34 30 31 34 35 37 41 43 45 36 38 0D 0A 	
577	0.20747078	PlugwisePC.exe	IOCTL_SERIAL_WAIT_ON_MASK	VCP0	SUCCESS		
578	0.00346105	PlugwisePC.exe	IRP_MJ_WRITE	VCP0	SUCCESS	Length 34: 05 05 03 03 30 30 34 30 30 30 30 44 36 46 30 30 30 31 41 34 30 35 36 39 30 30 30 31 32 41 43 30 0D 0A 	
579	0.09523445	PlugwisePC.exe	IOCTL_SERIAL_WAIT_ON_MASK	VCP0	SUCCESS		
580	0.00000419	PlugwisePC.exe	IOCTL_SERIAL_GET_COMMSTATUS	VCP0	SUCCESS		
581	0.00000279	PlugwisePC.exe	IOCTL_SERIAL_GET_COMMSTATUS	VCP0	SUCCESS		
582	0.00000503	PlugwisePC.exe	IRP_MJ_READ	VCP0	SUCCESS	Length 23: 05 05 03 03 30 30 30 30 30 31 31 31 30 30 43 31 30 33 32 43 0D 0A 83 	
583	0.01598164	PlugwisePC.exe	IOCTL_SERIAL_WAIT_ON_MASK	VCP0	SUCCESS		
584	0.00000587	PlugwisePC.exe	IOCTL_SERIAL_GET_COMMSTATUS	VCP0	SUCCESS		
585	0.00000475	PlugwisePC.exe	IOCTL_SERIAL_GET_COMMSTATUS	VCP0	SUCCESS		
586	0.00000754	PlugwisePC.exe	IRP_MJ_READ	VCP0	SUCCESS	Length 38: 05 05 03 03 30 30 30 30 30 31 31 31 30 30 45 35 30 30 30 44 36 46 30 30 30 31 41 34 30 35 36 39 38 31 45 43 0D 0A 	
587	0.00239667	PlugwisePC.exe	IRP_MJ_WRITE	VCP0	SUCCESS	Length 30: 05 05 03 03 30 30 31 32 30 30 30 44 36 46 30 30 30 31 41 34 30 35 36 39 31 32 45 41 0D 0A 	
588	0.12122854	PlugwisePC.exe	IOCTL_SERIAL_WAIT_ON_MASK	VCP0	SUCCESS		
589	0.00000615	PlugwisePC.exe	IOCTL_SERIAL_GET_COMMSTATUS	VCP0	SUCCESS		
590	0.00000447	PlugwisePC.exe	IOCTL_SERIAL_GET_COMMSTATUS	VCP0	SUCCESS		
591	0.00000754	PlugwisePC.exe	IRP_MJ_READ	VCP0	SUCCESS	Length 23: 05 05 03 03 30 30 30 30 30 31 31 32 30 30 43 31 45 44 46 45 0D 0A 83 	
592	0.03515670	PlugwisePC.exe	IOCTL_SERIAL_WAIT_ON_MASK	VCP0	SUCCESS		
593	0.00000643	PlugwisePC.exe	IOCTL_SERIAL_GET_COMMSTATUS	VCP0	SUCCESS		
594	0.00000447	PlugwisePC.exe	IOCTL_SERIAL_GET_COMMSTATUS	VCP0	SUCCESS		
595	0.00000754	PlugwisePC.exe	IRP_MJ_READ	VCP0	SUCCESS	Length 62: 05 05 03 03 30 30 31 33 30 31 31 32 30 30 30 44 36 46 30 30 30 31 41 34 30 35 36 39 30 30 30 30 30 30 30 32 30 30 30 30 42 31 36 41 46 46 46 46 46 46 46 37 30 30 30 36 37 44 31 30 0D 0A 	
596	0.00191896	PlugwisePC.exe	IRP_MJ_WRITE	VCP0	SUCCESS	Length 30: 05 05 03 03 30 30 32 33 30 30 30 44 36 46 30 30 30 32 39 30 38 32 45 44 45 39 34 33 0D 0A 	
597	0.00002319	PlugwisePC.exe	IOCTL_SERIAL_WAIT_ON_MASK	VCP0	SUCCESS		
598	0.01499772	PlugwisePC.exe	IOCTL_SERIAL_WAIT_ON_MASK	VCP0	SUCCESS		
599	0.00000587	PlugwisePC.exe	IOCTL_SERIAL_GET_COMMSTATUS	VCP0	SUCCESS		
600	0.00000475	PlugwisePC.exe	IOCTL_SERIAL_GET_COMMSTATUS	VCP0	SUCCESS		
601	0.00000754	PlugwisePC.exe	IRP_MJ_READ	VCP0	SUCCESS	Length 132: 05 05 03 03 30 30 30 30 30 31 31 33 30 30 43 31 34 37 41 46 0D 0A 23 20 41 50 53 52 65 71 75 65 73 74 4E 6F 64 65 49 6E 66 6F 3A 20 53 6F 75 72 63 65 20 4D 41 43 3A 20 30 30 30 44 36 46 30 30 30 31 41 35 39 45 44 43 23 20 41 50 53 52 65 71 75 65 73 74 4E 6F 64 65 49 6E 66 6F 3A 20 44 65 73 74 69 6E 61 74 69 6F 6E 20 4D 41 43 3A 20 0D 0A 30 30 30 44 36 46 30 30 30 32 39 30 38 32 45 44 0D 0A 83 	
602	0.00000670	PlugwisePC.exe	IOCTL_SERIAL_GET_COMMSTATUS	VCP0	SUCCESS		
603	0.01892866	PlugwisePC.exe	IOCTL_SERIAL_WAIT_ON_MASK	VCP0	SUCCESS		
604	0.00000587	PlugwisePC.exe	IOCTL_SERIAL_GET_COMMSTATUS	VCP0	SUCCESS		
605	0.00000447	PlugwisePC.exe	IOCTL_SERIAL_GET_COMMSTATUS	VCP0	SUCCESS		
606	0.00000726	PlugwisePC.exe	IRP_MJ_READ	VCP0	SUCCESS	Length 50: 05 05 03 03 30 30 32 34 30 31 31 33 30 30 30 44 36 46 30 30 30 32 39 30 38 32 45 44 31 31 30 42 30 39 31 45 30 30 30 36 35 30 46 30 30 31 38 35 36 35 	
607	0.09285370	PlugwisePC.exe	IOCTL_SERIAL_WAIT_ON_MASK	VCP0	SUCCESS		
608	0.00000643	PlugwisePC.exe	IOCTL_SERIAL_GET_COMMSTATUS	VCP0	SUCCESS		
609	0.00000475	PlugwisePC.exe	IOCTL_SERIAL_GET_COMMSTATUS	VCP0	SUCCESS		
610	0.00000726	PlugwisePC.exe	IRP_MJ_READ	VCP0	SUCCESS	Length 26: 33 39 30 39 30 30 31 31 30 36 34 45 30 38 34 34 43 32 30 32 38 37 37 31 0D 0A 	
611	0.00372645	PlugwisePC.exe	IRP_MJ_WRITE	VCP0	SUCCESS	Length 30: 05 05 03 03 30 30 33 45 30 30 30 44 36 46 30 30 30 32 39 30 38 32 45 44 32 31 33 39 0D 0A 	
612	0.15929790	PlugwisePC.exe	IOCTL_SERIAL_WAIT_ON_MASK	VCP0	SUCCESS		
613	0.00000391	PlugwisePC.exe	IOCTL_SERIAL_GET_COMMSTATUS	VCP0	SUCCESS		
614	0.00000251	PlugwisePC.exe	IOCTL_SERIAL_GET_COMMSTATUS	VCP0	SUCCESS		
615	0.00000503	PlugwisePC.exe	IRP_MJ_READ	VCP0	SUCCESS	Length 23: 05 05 03 03 30 30 30 30 30 31 31 34 30 30 43 31 32 30 37 42 0D 0A 83 	
616	0.22394187	PlugwisePC.exe	IOCTL_SERIAL_WAIT_ON_MASK	VCP0	SUCCESS		
617	0.00000615	PlugwisePC.exe	IOCTL_SERIAL_GET_COMMSTATUS	VCP0	SUCCESS		
618	0.00000447	PlugwisePC.exe	IOCTL_SERIAL_GET_COMMSTATUS	VCP0	SUCCESS		
619	0.00000810	PlugwisePC.exe	IRP_MJ_READ	VCP0	SUCCESS	Length 48: 05 05 03 03 30 30 33 46 30 31 31 34 30 30 30 44 36 46 30 30 30 32 39 30 38 32 45 44 30 45 33 36 30 38 30 34 30 31 34 35 37 41 42 43 46 39 0D 0A 	
620	0.00253217	PlugwisePC.exe	IRP_MJ_WRITE	VCP0	SUCCESS	Length 34: 05 05 03 03 30 30 34 30 30 30 30 44 36 46 30 30 30 32 39 30 38 32 45 44 30 30 30 31 45 42 30 31 0D 0A 	
621	0.01523182	PlugwisePC.exe	IOCTL_SERIAL_WAIT_ON_MASK	VCP0	SUCCESS		
622	0.00000643	PlugwisePC.exe	IOCTL_SERIAL_GET_COMMSTATUS	VCP0	SUCCESS		
623	0.00000447	PlugwisePC.exe	IOCTL_SERIAL_GET_COMMSTATUS	VCP0	SUCCESS		
624	0.00000726	PlugwisePC.exe	IRP_MJ_READ	VCP0	SUCCESS	Length 23: 05 05 03 03 30 30 30 30 30 31 31 35 30 30 43 31 38 41 32 41 0D 0A 83 	
625	0.01914070	PlugwisePC.exe	IOCTL_SERIAL_WAIT_ON_MASK	VCP0	SUCCESS		
626	0.00000587	PlugwisePC.exe	IOCTL_SERIAL_GET_COMMSTATUS	VCP0	SUCCESS		
627	0.00000447	PlugwisePC.exe	IOCTL_SERIAL_GET_COMMSTATUS	VCP0	SUCCESS		
628	0.00000726	PlugwisePC.exe	IRP_MJ_READ	VCP0	SUCCESS	Length 19: 05 05 03 03 30 30 30 30 30 31 31 35 30 30 45 35 30 30 30 	
629	0.01380036	PlugwisePC.exe	IOCTL_SERIAL_WAIT_ON_MASK	VCP0	SUCCESS		
630	0.00000587	PlugwisePC.exe	IOCTL_SERIAL_GET_COMMSTATUS	VCP0	SUCCESS		
631	0.00000475	PlugwisePC.exe	IOCTL_SERIAL_GET_COMMSTATUS	VCP0	SUCCESS		
632	0.00000698	PlugwisePC.exe	IRP_MJ_READ	VCP0	SUCCESS	Length 19: 44 36 46 30 30 30 32 39 30 38 32 45 44 30 44 36 45 0D 0A 	
633	0.00420417	PlugwisePC.exe	IRP_MJ_WRITE	VCP0	SUCCESS	Length 30: 05 05 03 03 30 30 31 32 30 30 30 44 36 46 30 30 30 32 39 30 38 32 45 44 46 39 44 33 0D 0A 	
634	0.01644762	PlugwisePC.exe	IOCTL_SERIAL_WAIT_ON_MASK	VCP0	SUCCESS		
635	0.00000615	PlugwisePC.exe	IOCTL_SERIAL_GET_COMMSTATUS	VCP0	SUCCESS		
636	0.00000475	PlugwisePC.exe	IOCTL_SERIAL_GET_COMMSTATUS	VCP0	SUCCESS		
637	0.00000726	PlugwisePC.exe	IRP_MJ_READ	VCP0	SUCCESS	Length 22: 05 05 03 03 30 30 30 30 30 31 31 36 30 30 43 31 36 34 46 38 0D 0A 	
638	0.01468539	PlugwisePC.exe	IOCTL_SERIAL_WAIT_ON_MASK	VCP0	SUCCESS		
639	0.00000587	PlugwisePC.exe	IOCTL_SERIAL_GET_COMMSTATUS	VCP0	SUCCESS		
640	0.00003576	PlugwisePC.exe	IOCTL_SERIAL_GET_COMMSTATUS	VCP0	SUCCESS		
641	0.00000782	PlugwisePC.exe	IRP_MJ_READ	VCP0	SUCCESS	Length 1: 83 	
642	0.01553996	PlugwisePC.exe	IOCTL_SERIAL_WAIT_ON_MASK	VCP0	SUCCESS		
643	53.66935574	PlugwisePC.exe	IOCTL_SERIAL_WAIT_ON_MASK	VCP0	SUCCESS		
644	0.00000531	PlugwisePC.exe	IOCTL_SERIAL_GET_COMMSTATUS	VCP0	SUCCESS		
645	0.00000307	PlugwisePC.exe	IOCTL_SERIAL_GET_COMMSTATUS	VCP0	SUCCESS		
646	0.00000447	PlugwisePC.exe	IRP_MJ_READ	VCP0	SUCCESS	Length 62: 05 05 03 03 30 30 31 33 30 31 31 36 30 30 30 44 36 46 30 30 30 32 39 30 38 32 45 44 30 30 36 43 30 33 35 45 30 30 30 36 34 35 35 43 46 46 46 43 35 31 41 32 30 30 30 38 43 31 46 36 0D 0A 	
647	0.00000531	PlugwisePC.exe	IOCTL_SERIAL_GET_COMMSTATUS	VCP0	SUCCESS		
648	0.00196310	PlugwisePC.exe	IRP_MJ_WRITE	VCP0	SUCCESS	Length 30: 05 05 03 03 30 30 32 33 30 30 30 44 36 46 30 30 30 31 41 35 39 45 44 43 33 32 42 32 0D 0A 	
649	0.00002682	PlugwisePC.exe	IOCTL_SERIAL_WAIT_ON_MASK	VCP0	SUCCESS		
650	0.00000698	PlugwisePC.exe	IOCTL_SERIAL_GET_COMMSTATUS	VCP0	SUCCESS		
651	0.00000447	PlugwisePC.exe	IOCTL_SERIAL_GET_COMMSTATUS	VCP0	SUCCESS		
652	0.00000810	PlugwisePC.exe	IRP_MJ_READ	VCP0	SUCCESS	Length 99: 05 05 03 03 30 30 30 30 30 31 31 37 30 30 43 31 43 45 41 39 0D 0A 05 05 03 03 30 30 32 34 30 31 31 37 30 30 30 44 36 46 30 30 30 31 41 35 39 45 44 43 30 30 30 30 30 30 30 30 30 30 30 30 30 30 30 30 30 30 38 30 36 35 33 39 30 37 30 30 38 35 31 31 34 45 30 38 34 32 42 42 30 30 43 32 41 36 0D 0A 83 	
653	0.07937210	PlugwisePC.exe	IOCTL_SERIAL_WAIT_ON_MASK	VCP0	SUCCESS		
654	0.00039279	PlugwisePC.exe	IOCTL_SERIAL_GET_COMMSTATUS	VCP0	SUCCESS		
655	0.00342613	PlugwisePC.exe	IRP_MJ_WRITE	VCP0	SUCCESS	Length 30: 05 05 03 03 30 30 32 33 30 30 30 44 36 46 30 30 30 31 41 32 30 46 39 37 42 46 35 37 0D 0A 	
656	0.02086997	PlugwisePC.exe	IOCTL_SERIAL_WAIT_ON_MASK	VCP0	SUCCESS		
657	0.00000643	PlugwisePC.exe	IOCTL_SERIAL_GET_COMMSTATUS	VCP0	SUCCESS		
658	0.00000475	PlugwisePC.exe	IOCTL_SERIAL_GET_COMMSTATUS	VCP0	SUCCESS		
659	0.00000726	PlugwisePC.exe	IRP_MJ_READ	VCP0	SUCCESS	Length 50: 05 05 03 03 30 30 30 30 30 31 31 38 30 30 43 31 41 42 35 30 0D 0A 23 20 41 50 53 52 65 71 75 65 73 74 4E 6F 64 65 49 6E 66 6F 3A 20 53 6F 75 72 63 65 	
660	0.00005476	PlugwisePC.exe	IOCTL_SERIAL_WAIT_ON_MASK	VCP0	SUCCESS		
661	0.01496335	PlugwisePC.exe	IOCTL_SERIAL_WAIT_ON_MASK	VCP0	SUCCESS		
662	0.00000615	PlugwisePC.exe	IOCTL_SERIAL_GET_COMMSTATUS	VCP0	SUCCESS		
663	0.00000447	PlugwisePC.exe	IOCTL_SERIAL_GET_COMMSTATUS	VCP0	SUCCESS		
664	0.00000726	PlugwisePC.exe	IRP_MJ_READ	VCP0	SUCCESS	Length 82: 20 4D 41 43 3A 20 30 30 30 44 36 46 30 30 30 31 41 35 39 45 44 43 23 20 41 50 53 52 65 71 75 65 73 74 4E 6F 64 65 49 6E 66 6F 3A 20 44 65 73 74 69 6E 61 74 69 6F 6E 20 4D 41 43 3A 20 0D 0A 30 30 30 44 36 46 30 30 30 31 41 32 30 46 39 37 0D 0A 83 	
665	0.00000670	PlugwisePC.exe	IOCTL_SERIAL_GET_COMMSTATUS	VCP0	SUCCESS		
666	0.01600650	PlugwisePC.exe	IOCTL_SERIAL_WAIT_ON_MASK	VCP0	SUCCESS		
667	0.00000643	PlugwisePC.exe	IOCTL_SERIAL_GET_COMMSTATUS	VCP0	SUCCESS		
668	0.00000475	PlugwisePC.exe	IOCTL_SERIAL_GET_COMMSTATUS	VCP0	SUCCESS		
669	0.00000754	PlugwisePC.exe	IRP_MJ_READ	VCP0	SUCCESS	Length 48: 05 05 03 03 30 30 32 34 30 31 31 38 30 30 30 44 36 46 30 30 30 31 41 32 30 46 39 37 31 31 30 42 30 39 31 46 30 30 30 35 39 44 46 38 30 31 38 35 	
670	0.07970818	PlugwisePC.exe	IOCTL_SERIAL_WAIT_ON_MASK	VCP0	SUCCESS		
671	0.00000670	PlugwisePC.exe	IOCTL_SERIAL_GET_COMMSTATUS	VCP0	SUCCESS		
672	0.00000475	PlugwisePC.exe	IOCTL_SERIAL_GET_COMMSTATUS	VCP0	SUCCESS		
673	0.00000726	PlugwisePC.exe	IRP_MJ_READ	VCP0	SUCCESS	Length 28: 36 35 33 39 30 37 30 31 34 30 32 34 34 45 30 38 34 34 43 32 30 32 39 39 31 33 0D 0A 	
674	0.00500511	PlugwisePC.exe	IRP_MJ_WRITE	VCP0	SUCCESS	Length 30: 05 05 03 03 30 30 31 32 30 30 30 44 36 46 30 30 30 31 41 32 30 46 39 37 41 46 43 37 0D 0A 	
675	0.04495599	PlugwisePC.exe	IOCTL_SERIAL_WAIT_ON_MASK	VCP0	SUCCESS		
676	0.00000587	PlugwisePC.exe	IOCTL_SERIAL_GET_COMMSTATUS	VCP0	SUCCESS		
677	0.00000475	PlugwisePC.exe	IOCTL_SERIAL_GET_COMMSTATUS	VCP0	SUCCESS		
678	0.00000726	PlugwisePC.exe	IRP_MJ_READ	VCP0	SUCCESS	Length 23: 05 05 03 03 30 30 30 30 30 31 31 39 30 30 43 31 30 31 30 31 0D 0A 83 	
679	0.04653077	PlugwisePC.exe	IOCTL_SERIAL_WAIT_ON_MASK	VCP0	SUCCESS		
680	0.00000643	PlugwisePC.exe	IOCTL_SERIAL_GET_COMMSTATUS	VCP0	SUCCESS		
681	0.00000475	PlugwisePC.exe	IOCTL_SERIAL_GET_COMMSTATUS	VCP0	SUCCESS		
682	0.00000754	PlugwisePC.exe	IRP_MJ_READ	VCP0	SUCCESS	Length 62: 05 05 03 03 30 30 31 33 30 31 31 39 30 30 30 44 36 46 30 30 30 31 41 32 30 46 39 37 30 30 30 32 30 30 31 34 30 30 30 30 32 34 46 30 30 30 30 30 30 30 30 30 30 30 30 46 31 38 39 38 0D 0A 	
683	0.00245981	PlugwisePC.exe	IRP_MJ_WRITE	VCP0	SUCCESS	Length 30: 05 05 03 03 30 30 32 33 30 30 30 44 36 46 30 30 30 31 41 35 41 33 37 32 41 43 31 30 0D 0A 	
684	0.00002291	PlugwisePC.exe	IOCTL_SERIAL_WAIT_ON_MASK	VCP0	SUCCESS		
685	0.09036288	PlugwisePC.exe	IOCTL_SERIAL_WAIT_ON_MASK	VCP0	SUCCESS		
686	0.00000615	PlugwisePC.exe	IOCTL_SERIAL_GET_COMMSTATUS	VCP0	SUCCESS		
687	0.00000475	PlugwisePC.exe	IOCTL_SERIAL_GET_COMMSTATUS	VCP0	SUCCESS		
688	0.00000726	PlugwisePC.exe	IRP_MJ_READ	VCP0	SUCCESS	Length 132: 05 05 03 03 30 30 30 30 30 31 31 41 30 30 43 31 31 45 41 41 0D 0A 23 20 41 50 53 52 65 71 75 65 73 74 4E 6F 64 65 49 6E 66 6F 3A 20 53 6F 75 72 63 65 20 4D 41 43 3A 20 30 30 30 44 36 46 30 30 30 31 41 35 39 45 44 43 23 20 41 50 53 52 65 71 75 65 73 74 4E 6F 64 65 49 6E 66 6F 3A 20 44 65 73 74 69 6E 61 74 69 6F 6E 20 4D 41 43 3A 20 0D 0A 30 30 30 44 36 46 30 30 30 31 41 35 41 33 37 32 0D 0A 83 	
689	0.00000698	PlugwisePC.exe	IOCTL_SERIAL_GET_COMMSTATUS	VCP0	SUCCESS		
690	0.00002291	PlugwisePC.exe	IOCTL_SERIAL_WAIT_ON_MASK	VCP0	SUCCESS		
691	0.06335777	PlugwisePC.exe	IOCTL_SERIAL_WAIT_ON_MASK	VCP0	SUCCESS		
692	0.00000615	PlugwisePC.exe	IOCTL_SERIAL_GET_COMMSTATUS	VCP0	SUCCESS		
693	0.00000475	PlugwisePC.exe	IOCTL_SERIAL_GET_COMMSTATUS	VCP0	SUCCESS		
694	0.00000726	PlugwisePC.exe	IRP_MJ_READ	VCP0	SUCCESS	Length 76: 05 05 03 03 30 30 32 34 30 31 31 41 30 30 30 44 36 46 30 30 30 31 41 35 41 33 37 32 31 31 30 42 30 39 31 46 30 30 30 35 39 45 33 38 30 31 38 35 36 35 33 39 30 37 30 30 37 33 32 35 34 45 30 38 34 33 41 39 30 31 38 45 31 42 0D 0A 	
695	0.00000643	PlugwisePC.exe	IOCTL_SERIAL_GET_COMMSTATUS	VCP0	SUCCESS		
696	0.00446286	PlugwisePC.exe	IRP_MJ_WRITE	VCP0	SUCCESS	Length 30: 05 05 03 03 30 30 31 32 30 30 30 44 36 46 30 30 30 31 41 35 41 33 37 32 42 43 38 30 0D 0A 	
697	0.09551018	PlugwisePC.exe	IOCTL_SERIAL_WAIT_ON_MASK	VCP0	SUCCESS		
698	0.00000419	PlugwisePC.exe	IOCTL_SERIAL_GET_COMMSTATUS	VCP0	SUCCESS		
699	0.00000279	PlugwisePC.exe	IOCTL_SERIAL_GET_COMMSTATUS	VCP0	SUCCESS		
700	0.00000559	PlugwisePC.exe	IRP_MJ_READ	VCP0	SUCCESS	Length 23: 05 05 03 03 30 30 30 30 30 31 31 42 30 30 43 31 46 30 37 38 0D 0A 83 	
701	4.45833758	PlugwisePC.exe	IOCTL_SERIAL_WAIT_ON_MASK	VCP0	SUCCESS		
702	0.00000643	PlugwisePC.exe	IOCTL_SERIAL_GET_COMMSTATUS	VCP0	SUCCESS		
703	0.00000447	PlugwisePC.exe	IOCTL_SERIAL_GET_COMMSTATUS	VCP0	SUCCESS		
704	0.00000754	PlugwisePC.exe	IRP_MJ_READ	VCP0	SUCCESS	Length 62: 05 05 03 03 30 30 31 33 30 31 31 42 30 30 30 44 36 46 30 30 30 31 41 35 41 33 37 32 30 30 30 37 30 30 33 44 30 30 30 30 36 45 43 46 30 30 30 30 30 30 30 30 30 30 30 41 44 37 31 33 0D 0A 	
705	0.00363286	PlugwisePC.exe	IRP_MJ_WRITE	VCP0	SUCCESS	Length 30: 05 05 03 03 30 30 32 33 30 30 30 44 36 46 30 30 30 31 41 34 30 30 45 32 30 35 45 42 0D 0A 	
706	0.00002458	PlugwisePC.exe	IOCTL_SERIAL_WAIT_ON_MASK	VCP0	SUCCESS		
707	0.02906096	PlugwisePC.exe	IOCTL_SERIAL_WAIT_ON_MASK	VCP0	SUCCESS		
708	0.00000698	PlugwisePC.exe	IOCTL_SERIAL_GET_COMMSTATUS	VCP0	SUCCESS		
709	0.00000447	PlugwisePC.exe	IOCTL_SERIAL_GET_COMMSTATUS	VCP0	SUCCESS		
710	0.00000838	PlugwisePC.exe	IRP_MJ_READ	VCP0	SUCCESS	Length 132: 05 05 03 03 30 30 30 30 30 31 31 43 30 30 43 31 35 41 32 39 0D 0A 23 20 41 50 53 52 65 71 75 65 73 74 4E 6F 64 65 49 6E 66 6F 3A 20 53 6F 75 72 63 65 20 4D 41 43 3A 20 30 30 30 44 36 46 30 30 30 31 41 35 39 45 44 43 23 20 41 50 53 52 65 71 75 65 73 74 4E 6F 64 65 49 6E 66 6F 3A 20 44 65 73 74 69 6E 61 74 69 6F 6E 20 4D 41 43 3A 20 0D 0A 30 30 30 44 36 46 30 30 30 31 41 34 30 30 45 32 0D 0A 83 	
711	0.00000670	PlugwisePC.exe	IOCTL_SERIAL_GET_COMMSTATUS	VCP0	SUCCESS		
712	0.02391198	PlugwisePC.exe	IOCTL_SERIAL_WAIT_ON_MASK	VCP0	SUCCESS		
713	0.00000643	PlugwisePC.exe	IOCTL_SERIAL_GET_COMMSTATUS	VCP0	SUCCESS		
714	0.00000475	PlugwisePC.exe	IOCTL_SERIAL_GET_COMMSTATUS	VCP0	SUCCESS		
715	0.00000754	PlugwisePC.exe	IRP_MJ_READ	VCP0	SUCCESS	Length 4: 05 05 03 03 	
716	0.00002291	PlugwisePC.exe	IOCTL_SERIAL_WAIT_ON_MASK	VCP0	SUCCESS		
717	0.06351282	PlugwisePC.exe	IOCTL_SERIAL_WAIT_ON_MASK	VCP0	SUCCESS		
718	0.00000559	PlugwisePC.exe	IOCTL_SERIAL_GET_COMMSTATUS	VCP0	SUCCESS		
719	0.00000447	PlugwisePC.exe	IOCTL_SERIAL_GET_COMMSTATUS	VCP0	SUCCESS		
720	0.00000726	PlugwisePC.exe	IRP_MJ_READ	VCP0	SUCCESS	Length 72: 30 30 32 34 30 31 31 43 30 30 30 44 36 46 30 30 30 31 41 34 30 30 45 32 31 31 30 42 30 39 31 46 30 30 30 35 39 45 33 38 30 31 38 35 36 35 33 39 30 37 30 31 34 30 32 34 34 45 30 38 34 34 43 32 30 32 35 46 34 36 0D 0A 	
721	0.00000698	PlugwisePC.exe	IOCTL_SERIAL_GET_COMMSTATUS	VCP0	SUCCESS		
722	0.00342334	PlugwisePC.exe	IRP_MJ_WRITE	VCP0	SUCCESS	Length 30: 05 05 03 03 30 30 31 32 30 30 30 44 36 46 30 30 30 31 41 34 30 30 45 32 31 35 37 42 0D 0A 	
723	0.06268031	PlugwisePC.exe	IOCTL_SERIAL_WAIT_ON_MASK	VCP0	SUCCESS		
724	0.00000670	PlugwisePC.exe	IOCTL_SERIAL_GET_COMMSTATUS	VCP0	SUCCESS		
725	0.00000447	PlugwisePC.exe	IOCTL_SERIAL_GET_COMMSTATUS	VCP0	SUCCESS		
726	0.00000754	PlugwisePC.exe	IRP_MJ_READ	VCP0	SUCCESS	Length 23: 05 05 03 03 30 30 30 30 30 31 31 44 30 30 43 31 33 44 46 44 0D 0A 83 	
727	0.01365313	PlugwisePC.exe	IOCTL_SERIAL_WAIT_ON_MASK	VCP0	SUCCESS		
728	0.00000615	PlugwisePC.exe	IOCTL_SERIAL_GET_COMMSTATUS	VCP0	SUCCESS		
729	0.00000503	PlugwisePC.exe	IOCTL_SERIAL_GET_COMMSTATUS	VCP0	SUCCESS		
730	0.00000726	PlugwisePC.exe	IRP_MJ_READ	VCP0	SUCCESS	Length 62: 05 05 03 03 30 30 31 33 30 31 31 44 30 30 30 44 36 46 30 30 30 31 41 34 30 30 45 32 30 30 30 30 30 30 30 30 30 30 30 30 30 30 31 41 46 46 46 46 46 46 41 30 30 30 30 33 45 32 46 31 0D 0A 	
731	0.00366611	PlugwisePC.exe	IRP_MJ_WRITE	VCP0	SUCCESS	Length 30: 05 05 03 03 30 30 32 33 30 30 30 44 36 46 30 30 30 31 41 34 30 32 31 46 39 31 30 35 0D 0A 	
732	0.02373039	PlugwisePC.exe	IOCTL_SERIAL_WAIT_ON_MASK	VCP0	SUCCESS		
733	0.00000670	PlugwisePC.exe	IOCTL_SERIAL_GET_COMMSTATUS	VCP0	SUCCESS		
734	0.00000447	PlugwisePC.exe	IOCTL_SERIAL_GET_COMMSTATUS	VCP0	SUCCESS		
735	0.00000726	PlugwisePC.exe	IRP_MJ_READ	VCP0	SUCCESS	Length 26: 05 05 03 03 30 30 30 30 30 31 31 45 30 30 43 31 39 37 41 43 0D 0A 23 20 41 50 	
736	0.00002263	PlugwisePC.exe	IOCTL_SERIAL_WAIT_ON_MASK	VCP0	SUCCESS		
737	0.01305948	PlugwisePC.exe	IOCTL_SERIAL_WAIT_ON_MASK	VCP0	SUCCESS		
738	0.00000615	PlugwisePC.exe	IOCTL_SERIAL_GET_COMMSTATUS	VCP0	SUCCESS		
739	0.00000475	PlugwisePC.exe	IOCTL_SERIAL_GET_COMMSTATUS	VCP0	SUCCESS		
740	0.00000754	PlugwisePC.exe	IRP_MJ_READ	VCP0	SUCCESS	Length 106: 53 52 65 71 75 65 73 74 4E 6F 64 65 49 6E 66 6F 3A 20 53 6F 75 72 63 65 20 4D 41 43 3A 20 30 30 30 44 36 46 30 30 30 31 41 35 39 45 44 43 23 20 41 50 53 52 65 71 75 65 73 74 4E 6F 64 65 49 6E 66 6F 3A 20 44 65 73 74 69 6E 61 74 69 6F 6E 20 4D 41 43 3A 20 0D 0A 30 30 30 44 36 46 30 30 30 31 41 34 30 32 31 46 0D 0A 83 	
741	0.00000670	PlugwisePC.exe	IOCTL_SERIAL_GET_COMMSTATUS	VCP0	SUCCESS		
742	0.01596153	PlugwisePC.exe	IOCTL_SERIAL_WAIT_ON_MASK	VCP0	SUCCESS		
743	0.00000587	PlugwisePC.exe	IOCTL_SERIAL_GET_COMMSTATUS	VCP0	SUCCESS		
744	0.00000503	PlugwisePC.exe	IOCTL_SERIAL_GET_COMMSTATUS	VCP0	SUCCESS		
745	0.00000726	PlugwisePC.exe	IRP_MJ_READ	VCP0	SUCCESS	Length 30: 05 05 03 03 30 30 32 34 30 31 31 45 30 30 30 44 36 46 30 30 30 31 41 34 30 32 31 46 31 31 	
746	0.07857395	PlugwisePC.exe	IOCTL_SERIAL_WAIT_ON_MASK	VCP0	SUCCESS		
747	0.00000670	PlugwisePC.exe	IOCTL_SERIAL_GET_COMMSTATUS	VCP0	SUCCESS		
748	0.00000475	PlugwisePC.exe	IOCTL_SERIAL_GET_COMMSTATUS	VCP0	SUCCESS		
749	0.00000698	PlugwisePC.exe	IRP_MJ_READ	VCP0	SUCCESS	Length 46: 30 42 30 39 31 46 30 30 30 37 30 43 34 30 30 31 38 35 36 35 33 39 30 37 30 31 34 30 32 34 34 45 30 38 34 34 43 32 30 32 34 34 45 43 0D 0A 	
750	0.00325963	PlugwisePC.exe	IRP_MJ_WRITE	VCP0	SUCCESS	Length 30: 05 05 03 03 30 30 31 32 30 30 30 44 36 46 30 30 30 31 41 34 30 32 31 46 38 31 39 35 0D 0A 	
751	0.01644315	PlugwisePC.exe	IOCTL_SERIAL_WAIT_ON_MASK	VCP0	SUCCESS		
752	0.00000643	PlugwisePC.exe	IOCTL_SERIAL_GET_COMMSTATUS	VCP0	SUCCESS		
753	0.00000531	PlugwisePC.exe	IOCTL_SERIAL_GET_COMMSTATUS	VCP0	SUCCESS		
754	0.00000754	PlugwisePC.exe	IRP_MJ_READ	VCP0	SUCCESS	Length 23: 05 05 03 03 30 30 30 30 30 31 31 46 30 30 43 31 37 39 37 45 0D 0A 83 	
755	0.01854062	PlugwisePC.exe	IOCTL_SERIAL_WAIT_ON_MASK	VCP0	SUCCESS		
756	0.00000643	PlugwisePC.exe	IOCTL_SERIAL_GET_COMMSTATUS	VCP0	SUCCESS		
757	0.00000447	PlugwisePC.exe	IOCTL_SERIAL_GET_COMMSTATUS	VCP0	SUCCESS		
758	0.00000754	PlugwisePC.exe	IRP_MJ_READ	VCP0	SUCCESS	Length 61: 05 05 03 03 30 30 31 33 30 31 31 46 30 30 30 44 36 46 30 30 30 31 41 34 30 32 31 46 30 30 30 31 30 30 30 41 30 30 30 30 31 32 41 37 30 30 30 30 30 30 30 30 30 30 30 36 33 34 46 45 0D 	
759	0.01270832	PlugwisePC.exe	IOCTL_SERIAL_WAIT_ON_MASK	VCP0	SUCCESS		
760	0.00000670	PlugwisePC.exe	IOCTL_SERIAL_GET_COMMSTATUS	VCP0	SUCCESS		
761	0.00000447	PlugwisePC.exe	IOCTL_SERIAL_GET_COMMSTATUS	VCP0	SUCCESS		
762	0.00000754	PlugwisePC.exe	IRP_MJ_READ	VCP0	SUCCESS	Length 1: 0A 	
763	0.00411421	PlugwisePC.exe	IRP_MJ_WRITE	VCP0	SUCCESS	Length 30: 05 05 03 03 30 30 32 33 30 30 30 44 36 46 30 30 30 31 41 34 30 32 32 33 45 41 36 34 0D 0A 	
764	0.02073867	PlugwisePC.exe	IOCTL_SERIAL_WAIT_ON_MASK	VCP0	SUCCESS		
765	0.00000643	PlugwisePC.exe	IOCTL_SERIAL_GET_COMMSTATUS	VCP0	SUCCESS		
766	0.00000447	PlugwisePC.exe	IOCTL_SERIAL_GET_COMMSTATUS	VCP0	SUCCESS		
767	0.00000754	PlugwisePC.exe	IRP_MJ_READ	VCP0	SUCCESS	Length 23: 05 05 03 03 30 30 30 30 30 31 32 30 30 30 43 31 36 37 39 44 0D 0A 23 	
768	0.00001648	PlugwisePC.exe	IOCTL_SERIAL_WAIT_ON_MASK	VCP0	SUCCESS		
769	0.00037938	PlugwisePC.exe	IOCTL_SERIAL_WAIT_ON_MASK	VCP0	SUCCESS		
770	0.00000363	PlugwisePC.exe	IOCTL_SERIAL_GET_COMMSTATUS	VCP0	SUCCESS		
771	0.00000251	PlugwisePC.exe	IOCTL_SERIAL_GET_COMMSTATUS	VCP0	SUCCESS		
772	0.00002458	PlugwisePC.exe	IRP_MJ_READ	VCP0	SUCCESS	Length 133: 20 41 50 53 52 65 71 75 65 73 74 4E 6F 64 65 49 6E 66 6F 3A 20 53 6F 75 72 63 65 20 4D 41 43 3A 20 30 30 30 44 36 46 30 30 30 31 41 35 39 45 44 43 23 20 41 50 53 52 65 71 75 65 73 74 4E 6F 64 65 49 6E 66 6F 3A 20 44 65 73 74 69 6E 61 74 69 6F 6E 20 4D 41 43 3A 20 0D 0A 30 30 30 44 36 46 30 30 30 31 41 34 30 32 32 33 0D 0A 83 05 05 03 03 30 30 32 34 30 31 32 30 30 30 30 44 36 46 30 30 30 31 41 34 	
773	0.08021383	PlugwisePC.exe	IOCTL_SERIAL_WAIT_ON_MASK	VCP0	SUCCESS		
774	0.00000363	PlugwisePC.exe	IOCTL_SERIAL_GET_COMMSTATUS	VCP0	SUCCESS		
775	0.00000251	PlugwisePC.exe	IOCTL_SERIAL_GET_COMMSTATUS	VCP0	SUCCESS		
776	0.00000419	PlugwisePC.exe	IRP_MJ_READ	VCP0	SUCCESS	Length 52: 30 32 32 33 31 31 30 42 30 39 31 46 30 30 30 37 30 46 33 30 30 31 38 35 36 35 33 39 30 37 30 31 34 30 32 34 34 45 30 38 34 34 43 32 30 32 44 42 35 41 0D 0A 	
777	0.00000447	PlugwisePC.exe	IOCTL_SERIAL_GET_COMMSTATUS	VCP0	SUCCESS		
778	0.00256569	PlugwisePC.exe	IRP_MJ_WRITE	VCP0	SUCCESS	Length 30: 05 05 03 03 30 30 31 32 30 30 30 44 36 46 30 30 30 31 41 34 30 32 32 33 46 41 46 34 0D 0A 	
779	0.04185113	PlugwisePC.exe	IOCTL_SERIAL_WAIT_ON_MASK	VCP0	SUCCESS		
780	0.00000670	PlugwisePC.exe	IOCTL_SERIAL_GET_COMMSTATUS	VCP0	SUCCESS		
781	0.00001564	PlugwisePC.exe	IOCTL_SERIAL_GET_COMMSTATUS	VCP0	SUCCESS		
782	0.00000475	PlugwisePC.exe	IRP_MJ_READ	VCP0	SUCCESS	Length 23: 05 05 03 03 30 30 30 30 30 31 32 31 30 30 43 31 43 44 43 43 0D 0A 83 	
783	0.01567210	PlugwisePC.exe	IOCTL_SERIAL_WAIT_ON_MASK	VCP0	SUCCESS		
784	0.00000670	PlugwisePC.exe	IOCTL_SERIAL_GET_COMMSTATUS	VCP0	SUCCESS		
785	0.00000447	PlugwisePC.exe	IOCTL_SERIAL_GET_COMMSTATUS	VCP0	SUCCESS		
786	0.00000754	PlugwisePC.exe	IRP_MJ_READ	VCP0	SUCCESS	Length 62: 05 05 03 03 30 30 31 33 30 31 32 31 30 30 30 44 36 46 30 30 30 31 41 34 30 32 32 33 30 30 34 31 30 32 30 33 30 30 30 33 41 46 45 37 30 30 30 30 30 30 30 30 30 30 30 34 43 32 44 33 0D 0A 	
787	0.00254278	PlugwisePC.exe	IRP_MJ_WRITE	VCP0	SUCCESS	Length 30: 05 05 03 03 30 30 32 33 30 30 30 44 36 46 30 30 30 31 41 34 30 32 32 41 42 34 42 31 0D 0A 	
788	0.02094680	PlugwisePC.exe	IOCTL_SERIAL_WAIT_ON_MASK	VCP0	SUCCESS		
789	0.00000643	PlugwisePC.exe	IOCTL_SERIAL_GET_COMMSTATUS	VCP0	SUCCESS		
790	0.00000475	PlugwisePC.exe	IOCTL_SERIAL_GET_COMMSTATUS	VCP0	SUCCESS		
791	0.00000726	PlugwisePC.exe	IRP_MJ_READ	VCP0	SUCCESS	Length 53: 05 05 03 03 30 30 30 30 30 31 32 32 30 30 43 31 32 33 31 45 0D 0A 23 20 41 50 53 52 65 71 75 65 73 74 4E 6F 64 65 49 6E 66 6F 3A 20 53 6F 75 72 63 65 20 4D 41 	
792	0.00002319	PlugwisePC.exe	IOCTL_SERIAL_WAIT_ON_MASK	VCP0	SUCCESS		
793	0.06125834	PlugwisePC.exe	IOCTL_SERIAL_WAIT_ON_MASK	VCP0	SUCCESS		
794	0.00000559	PlugwisePC.exe	IOCTL_SERIAL_GET_COMMSTATUS	VCP0	SUCCESS		
795	0.00000475	PlugwisePC.exe	IOCTL_SERIAL_GET_COMMSTATUS	VCP0	SUCCESS		
796	0.00000726	PlugwisePC.exe	IRP_MJ_READ	VCP0	SUCCESS	Length 79: 43 3A 20 30 30 30 44 36 46 30 30 30 31 41 35 39 45 44 43 23 20 41 50 53 52 65 71 75 65 73 74 4E 6F 64 65 49 6E 66 6F 3A 20 44 65 73 74 69 6E 61 74 69 6F 6E 20 4D 41 43 3A 20 0D 0A 30 30 30 44 36 46 30 30 30 31 41 34 30 32 32 41 0D 0A 83 	
797	0.00000670	PlugwisePC.exe	IOCTL_SERIAL_GET_COMMSTATUS	VCP0	SUCCESS		
798	0.00004302	PlugwisePC.exe	IOCTL_SERIAL_WAIT_ON_MASK	VCP0	SUCCESS		
799	0.06358741	PlugwisePC.exe	IOCTL_SERIAL_WAIT_ON_MASK	VCP0	SUCCESS		
800	0.00002263	PlugwisePC.exe	IOCTL_SERIAL_GET_COMMSTATUS	VCP0	SUCCESS		
801	0.00001928	PlugwisePC.exe	IOCTL_SERIAL_GET_COMMSTATUS	VCP0	SUCCESS		
802	0.00002039	PlugwisePC.exe	IRP_MJ_READ	VCP0	SUCCESS	Length 76: 05 05 03 03 30 30 32 34 30 31 32 32 30 30 30 44 36 46 30 30 30 31 41 34 30 32 32 41 31 31 30 42 30 39 31 46 30 30 30 35 39 44 31 30 30 31 38 35 36 35 33 39 30 37 30 31 34 30 32 34 34 45 30 38 34 34 43 32 30 32 46 38 46 32 0D 0A 	
803	0.00001816	PlugwisePC.exe	IOCTL_SERIAL_GET_COMMSTATUS	VCP0	SUCCESS		
804	0.00340295	PlugwisePC.exe	IRP_MJ_WRITE	VCP0	SUCCESS	Length 30: 05 05 03 03 30 30 31 32 30 30 30 44 36 46 30 30 30 31 41 34 30 32 32 41 41 34 32 31 0D 0A 	
805	0.04834385	PlugwisePC.exe	IOCTL_SERIAL_WAIT_ON_MASK	VCP0	SUCCESS		
806	0.00000643	PlugwisePC.exe	IOCTL_SERIAL_GET_COMMSTATUS	VCP0	SUCCESS		
807	0.00000447	PlugwisePC.exe	IOCTL_SERIAL_GET_COMMSTATUS	VCP0	SUCCESS		
808	0.00000754	PlugwisePC.exe	IRP_MJ_READ	VCP0	SUCCESS	Length 23: 05 05 03 03 30 30 30 30 30 31 32 33 30 30 43 31 38 39 34 46 0D 0A 83 	
809	0.01514718	PlugwisePC.exe	IOCTL_SERIAL_WAIT_ON_MASK	VCP0	SUCCESS		
810	0.00000643	PlugwisePC.exe	IOCTL_SERIAL_GET_COMMSTATUS	VCP0	SUCCESS		
811	0.00000447	PlugwisePC.exe	IOCTL_SERIAL_GET_COMMSTATUS	VCP0	SUCCESS		
812	0.00000754	PlugwisePC.exe	IRP_MJ_READ	VCP0	SUCCESS	Length 28: 05 05 03 03 30 30 31 33 30 31 32 33 30 30 30 44 36 46 30 30 30 31 41 34 30 32 32 41 	
813	0.04538873	PlugwisePC.exe	IOCTL_SERIAL_WAIT_ON_MASK	VCP0	SUCCESS		
814	0.00000531	PlugwisePC.exe	IOCTL_SERIAL_GET_COMMSTATUS	VCP0	SUCCESS		
815	0.00000391	PlugwisePC.exe	IOCTL_SERIAL_GET_COMMSTATUS	VCP0	SUCCESS		
816	0.00000643	PlugwisePC.exe	IRP_MJ_READ	VCP0	SUCCESS	Length 34: 30 30 30 31 30 30 30 34 30 30 30 30 30 38 30 31 30 30 30 30 30 30 30 30 30 30 30 35 31 36 36 32 0D 0A 	
817	0.00365130	PlugwisePC.exe	IRP_MJ_WRITE	VCP0	SUCCESS	Length 30: 05 05 03 03 30 30 32 33 30 30 30 44 36 46 30 30 30 31 41 34 30 34 41 35 36 35 30 38 0D 0A 	
818	0.00002514	PlugwisePC.exe	IOCTL_SERIAL_WAIT_ON_MASK	VCP0	SUCCESS		
819	0.01751480	PlugwisePC.exe	IOCTL_SERIAL_WAIT_ON_MASK	VCP0	SUCCESS		
820	0.00003492	PlugwisePC.exe	IOCTL_SERIAL_GET_COMMSTATUS	VCP0	SUCCESS		
821	0.00000475	PlugwisePC.exe	IOCTL_SERIAL_GET_COMMSTATUS	VCP0	SUCCESS		
822	0.00000866	PlugwisePC.exe	IRP_MJ_READ	VCP0	SUCCESS	Length 132: 05 05 03 03 30 30 30 30 30 31 32 34 30 30 43 31 45 45 39 42 0D 0A 23 20 41 50 53 52 65 71 75 65 73 74 4E 6F 64 65 49 6E 66 6F 3A 20 53 6F 75 72 63 65 20 4D 41 43 3A 20 30 30 30 44 36 46 30 30 30 31 41 35 39 45 44 43 23 20 41 50 53 52 65 71 75 65 73 74 4E 6F 64 65 49 6E 66 6F 3A 20 44 65 73 74 69 6E 61 74 69 6F 6E 20 4D 41 43 3A 20 0D 0A 30 30 30 44 36 46 30 30 30 31 41 34 30 34 41 35 0D 0A 83 	
823	0.00000754	PlugwisePC.exe	IOCTL_SERIAL_GET_COMMSTATUS	VCP0	SUCCESS		
824	0.01698288	PlugwisePC.exe	IOCTL_SERIAL_WAIT_ON_MASK	VCP0	SUCCESS		
825	0.00000615	PlugwisePC.exe	IOCTL_SERIAL_GET_COMMSTATUS	VCP0	SUCCESS		
826	0.00000475	PlugwisePC.exe	IOCTL_SERIAL_GET_COMMSTATUS	VCP0	SUCCESS		
827	0.00000726	PlugwisePC.exe	IRP_MJ_READ	VCP0	SUCCESS	Length 21: 05 05 03 03 30 30 32 34 30 31 32 34 30 30 30 44 36 46 30 30 30 	
828	0.09491653	PlugwisePC.exe	IOCTL_SERIAL_WAIT_ON_MASK	VCP0	SUCCESS		
829	0.00000754	PlugwisePC.exe	IOCTL_SERIAL_GET_COMMSTATUS	VCP0	SUCCESS		
830	0.00000475	PlugwisePC.exe	IOCTL_SERIAL_GET_COMMSTATUS	VCP0	SUCCESS		
831	0.00000726	PlugwisePC.exe	IRP_MJ_READ	VCP0	SUCCESS	Length 55: 31 41 34 30 34 41 35 31 31 30 42 30 39 31 46 30 30 30 34 44 46 34 30 30 31 38 35 36 35 33 39 30 37 30 31 34 30 32 34 34 45 30 38 34 34 43 32 30 32 33 36 36 34 0D 0A 	
832	0.00394352	PlugwisePC.exe	IRP_MJ_WRITE	VCP0	SUCCESS	Length 30: 05 05 03 03 30 30 31 32 30 30 30 44 36 46 30 30 30 31 41 34 30 34 41 35 37 35 39 38 0D 0A 	
833	0.03773776	PlugwisePC.exe	IOCTL_SERIAL_WAIT_ON_MASK	VCP0	SUCCESS		
834	0.00000391	PlugwisePC.exe	IOCTL_SERIAL_GET_COMMSTATUS	VCP0	SUCCESS		
835	0.00000251	PlugwisePC.exe	IOCTL_SERIAL_GET_COMMSTATUS	VCP0	SUCCESS		
836	0.00000475	PlugwisePC.exe	IRP_MJ_READ	VCP0	SUCCESS	Length 23: 05 05 03 03 30 30 30 30 30 31 32 35 30 30 43 31 34 34 43 41 0D 0A 83 	
837	0.01704015	PlugwisePC.exe	IOCTL_SERIAL_WAIT_ON_MASK	VCP0	SUCCESS		
838	0.00000307	PlugwisePC.exe	IOCTL_SERIAL_GET_COMMSTATUS	VCP0	SUCCESS		
839	0.00000251	PlugwisePC.exe	IOCTL_SERIAL_GET_COMMSTATUS	VCP0	SUCCESS		
840	0.00000419	PlugwisePC.exe	IRP_MJ_READ	VCP0	SUCCESS	Length 62: 05 05 03 03 30 30 31 33 30 31 32 35 30 30 30 44 36 46 30 30 30 31 41 34 30 34 41 35 30 30 30 30 30 30 30 30 30 30 30 30 30 30 30 30 46 46 46 42 35 31 45 38 30 30 30 44 46 37 36 33 0D 0A 	
841	0.00365661	PlugwisePC.exe	IRP_MJ_WRITE	VCP0	SUCCESS	Length 30: 05 05 03 03 30 30 32 33 30 30 30 44 36 46 30 30 30 31 41 34 30 35 33 31 37 43 38 37 0D 0A 	
842	0.01898956	PlugwisePC.exe	IOCTL_SERIAL_WAIT_ON_MASK	VCP0	SUCCESS		
843	0.00004163	PlugwisePC.exe	IOCTL_SERIAL_GET_COMMSTATUS	VCP0	SUCCESS		
844	0.00000251	PlugwisePC.exe	IOCTL_SERIAL_GET_COMMSTATUS	VCP0	SUCCESS		
845	0.00000419	PlugwisePC.exe	IRP_MJ_READ	VCP0	SUCCESS	Length 24: 05 05 03 03 30 30 30 30 30 31 32 36 30 30 43 31 41 41 31 38 0D 0A 23 20 	
846	0.00001257	PlugwisePC.exe	IOCTL_SERIAL_WAIT_ON_MASK	VCP0	SUCCESS		
847	0.04971414	PlugwisePC.exe	IOCTL_SERIAL_WAIT_ON_MASK	VCP0	SUCCESS		
848	0.00000335	PlugwisePC.exe	IOCTL_SERIAL_GET_COMMSTATUS	VCP0	SUCCESS		
849	0.00000251	PlugwisePC.exe	IOCTL_SERIAL_GET_COMMSTATUS	VCP0	SUCCESS		
850	0.00000391	PlugwisePC.exe	IRP_MJ_READ	VCP0	SUCCESS	Length 108: 41 50 53 52 65 71 75 65 73 74 4E 6F 64 65 49 6E 66 6F 3A 20 53 6F 75 72 63 65 20 4D 41 43 3A 20 30 30 30 44 36 46 30 30 30 31 41 35 39 45 44 43 23 20 41 50 53 52 65 71 75 65 73 74 4E 6F 64 65 49 6E 66 6F 3A 20 44 65 73 74 69 6E 61 74 69 6F 6E 20 4D 41 43 3A 20 0D 0A 30 30 30 44 36 46 30 30 30 31 41 34 30 35 33 31 0D 0A 83 	
851	0.00000363	PlugwisePC.exe	IOCTL_SERIAL_GET_COMMSTATUS	VCP0	SUCCESS		
852	0.01484099	PlugwisePC.exe	IOCTL_SERIAL_WAIT_ON_MASK	VCP0	SUCCESS		
853	0.00000643	PlugwisePC.exe	IOCTL_SERIAL_GET_COMMSTATUS	VCP0	SUCCESS		
854	0.00000475	PlugwisePC.exe	IOCTL_SERIAL_GET_COMMSTATUS	VCP0	SUCCESS		
855	0.00000782	PlugwisePC.exe	IRP_MJ_READ	VCP0	SUCCESS	Length 18: 05 05 03 03 30 30 32 34 30 31 32 36 30 30 30 44 36 46 	
856	0.08167770	PlugwisePC.exe	IOCTL_SERIAL_WAIT_ON_MASK	VCP0	SUCCESS		
857	0.00000643	PlugwisePC.exe	IOCTL_SERIAL_GET_COMMSTATUS	VCP0	SUCCESS		
858	0.00000475	PlugwisePC.exe	IOCTL_SERIAL_GET_COMMSTATUS	VCP0	SUCCESS		
859	0.00000698	PlugwisePC.exe	IRP_MJ_READ	VCP0	SUCCESS	Length 58: 30 30 30 31 41 34 30 35 33 31 31 31 30 42 30 39 31 46 30 30 30 35 39 45 33 38 30 31 38 35 36 35 33 39 30 37 30 31 34 30 32 34 34 45 30 38 34 34 43 32 30 32 34 44 30 31 0D 0A 	
860	0.00406448	PlugwisePC.exe	IRP_MJ_WRITE	VCP0	SUCCESS	Length 30: 05 05 03 03 30 30 31 32 30 30 30 44 36 46 30 30 30 31 41 34 30 35 33 31 36 43 31 37 0D 0A 	
861	0.07079531	PlugwisePC.exe	IOCTL_SERIAL_WAIT_ON_MASK	VCP0	SUCCESS		
862	0.00000587	PlugwisePC.exe	IOCTL_SERIAL_GET_COMMSTATUS	VCP0	SUCCESS		
863	0.00000447	PlugwisePC.exe	IOCTL_SERIAL_GET_COMMSTATUS	VCP0	SUCCESS		
864	0.00000754	PlugwisePC.exe	IRP_MJ_READ	VCP0	SUCCESS	Length 23: 05 05 03 03 30 30 30 30 30 31 32 37 30 30 43 31 30 30 34 39 0D 0A 83 	
865	0.01834367	PlugwisePC.exe	IOCTL_SERIAL_WAIT_ON_MASK	VCP0	SUCCESS		
866	0.00000615	PlugwisePC.exe	IOCTL_SERIAL_GET_COMMSTATUS	VCP0	SUCCESS		
867	0.00000447	PlugwisePC.exe	IOCTL_SERIAL_GET_COMMSTATUS	VCP0	SUCCESS		
868	0.00000726	PlugwisePC.exe	IRP_MJ_READ	VCP0	SUCCESS	Length 62: 05 05 03 03 30 30 31 33 30 31 32 37 30 30 30 44 36 46 30 30 30 31 41 34 30 35 33 31 30 30 30 30 30 30 30 30 30 30 30 30 36 31 31 42 46 46 46 42 39 39 39 31 30 30 30 32 36 31 46 46 0D 0A 	
869	0.00268526	PlugwisePC.exe	IRP_MJ_WRITE	VCP0	SUCCESS	Length 30: 05 05 03 03 30 30 32 33 30 30 30 44 36 46 30 30 30 31 41 34 30 35 36 39 30 32 37 41 0D 0A 	
870	0.01834116	PlugwisePC.exe	IOCTL_SERIAL_WAIT_ON_MASK	VCP0	SUCCESS		
871	0.00000643	PlugwisePC.exe	IOCTL_SERIAL_GET_COMMSTATUS	VCP0	SUCCESS		
872	0.00000475	PlugwisePC.exe	IOCTL_SERIAL_GET_COMMSTATUS	VCP0	SUCCESS		
873	0.00000754	PlugwisePC.exe	IRP_MJ_READ	VCP0	SUCCESS	Length 47: 05 05 03 03 30 30 30 30 30 31 32 38 30 30 43 31 36 35 42 30 0D 0A 23 20 41 50 53 52 65 71 75 65 73 74 4E 6F 64 65 49 6E 66 6F 3A 20 53 6F 75 	
874	0.00002291	PlugwisePC.exe	IOCTL_SERIAL_WAIT_ON_MASK	VCP0	SUCCESS		
875	0.12040413	PlugwisePC.exe	IOCTL_SERIAL_WAIT_ON_MASK	VCP0	SUCCESS		
876	0.00000615	PlugwisePC.exe	IOCTL_SERIAL_GET_COMMSTATUS	VCP0	SUCCESS		
877	0.00000475	PlugwisePC.exe	IOCTL_SERIAL_GET_COMMSTATUS	VCP0	SUCCESS		
878	0.00000754	PlugwisePC.exe	IRP_MJ_READ	VCP0	SUCCESS	Length 85: 72 63 65 20 4D 41 43 3A 20 30 30 30 44 36 46 30 30 30 31 41 35 39 45 44 43 23 20 41 50 53 52 65 71 75 65 73 74 4E 6F 64 65 49 6E 66 6F 3A 20 44 65 73 74 69 6E 61 74 69 6F 6E 20 4D 41 43 3A 20 0D 0A 30 30 30 44 36 46 30 30 30 31 41 34 30 35 36 39 0D 0A 83 	
879	0.00000698	PlugwisePC.exe	IOCTL_SERIAL_GET_COMMSTATUS	VCP0	SUCCESS		
880	0.00002542	PlugwisePC.exe	IOCTL_SERIAL_WAIT_ON_MASK	VCP0	SUCCESS		
881	0.00000587	PlugwisePC.exe	IOCTL_SERIAL_GET_COMMSTATUS	VCP0	SUCCESS		
882	0.00000279	PlugwisePC.exe	IOCTL_SERIAL_GET_COMMSTATUS	VCP0	SUCCESS		
883	0.00000531	PlugwisePC.exe	IRP_MJ_READ	VCP0	SUCCESS	Length 76: 05 05 03 03 30 30 32 34 30 31 32 38 30 30 30 44 36 46 30 30 30 31 41 34 30 35 36 39 31 31 30 42 30 39 31 46 30 30 30 35 39 45 33 30 30 31 38 35 36 35 33 39 30 37 30 31 34 30 32 34 34 45 30 38 34 34 43 32 30 32 35 46 38 44 0D 0A 	
884	0.07676255	PlugwisePC.exe	IOCTL_SERIAL_WAIT_ON_MASK	VCP0	SUCCESS		
885	0.00000475	PlugwisePC.exe	IOCTL_SERIAL_GET_COMMSTATUS	VCP0	SUCCESS		
886	0.00336635	PlugwisePC.exe	IRP_MJ_WRITE	VCP0	SUCCESS	Length 30: 05 05 03 03 30 30 31 32 30 30 30 44 36 46 30 30 30 31 41 34 30 35 36 39 31 32 45 41 0D 0A 	
887	0.10480131	PlugwisePC.exe	IOCTL_SERIAL_WAIT_ON_MASK	VCP0	SUCCESS		
888	0.00003967	PlugwisePC.exe	IOCTL_SERIAL_GET_COMMSTATUS	VCP0	SUCCESS		
889	0.00000475	PlugwisePC.exe	IOCTL_SERIAL_GET_COMMSTATUS	VCP0	SUCCESS		
890	0.00000782	PlugwisePC.exe	IRP_MJ_READ	VCP0	SUCCESS	Length 23: 05 05 03 03 30 30 30 30 30 31 32 39 30 30 43 31 43 46 45 31 0D 0A 83 	
891	0.01532485	PlugwisePC.exe	IOCTL_SERIAL_WAIT_ON_MASK	VCP0	SUCCESS		
892	0.00000670	PlugwisePC.exe	IOCTL_SERIAL_GET_COMMSTATUS	VCP0	SUCCESS		
893	0.00000475	PlugwisePC.exe	IOCTL_SERIAL_GET_COMMSTATUS	VCP0	SUCCESS		
894	0.00000754	PlugwisePC.exe	IRP_MJ_READ	VCP0	SUCCESS	Length 62: 05 05 03 03 30 30 31 33 30 31 32 39 30 30 30 44 36 46 30 30 30 31 41 34 30 35 36 39 30 30 30 30 30 30 30 32 30 30 30 30 42 31 37 41 46 46 46 46 46 46 46 37 30 30 30 45 30 43 33 35 0D 0A 	
895	0.00400693	PlugwisePC.exe	IRP_MJ_WRITE	VCP0	SUCCESS	Length 30: 05 05 03 03 30 30 32 33 30 30 30 44 36 46 30 30 30 32 39 30 38 32 45 44 45 39 34 33 0D 0A 	
896	0.02100099	PlugwisePC.exe	IOCTL_SERIAL_WAIT_ON_MASK	VCP0	SUCCESS		
897	0.00000726	PlugwisePC.exe	IOCTL_SERIAL_GET_COMMSTATUS	VCP0	SUCCESS		
898	0.00000447	PlugwisePC.exe	IOCTL_SERIAL_GET_COMMSTATUS	VCP0	SUCCESS		
899	0.00000726	PlugwisePC.exe	IRP_MJ_READ	VCP0	SUCCESS	Length 52: 05 05 03 03 30 30 30 30 30 31 32 41 30 30 43 31 44 30 34 41 0D 0A 23 20 41 50 53 52 65 71 75 65 73 74 4E 6F 64 65 49 6E 66 6F 3A 20 53 6F 75 72 63 65 20 4D 	
900	0.00002263	PlugwisePC.exe	IOCTL_SERIAL_WAIT_ON_MASK	VCP0	SUCCESS		
901	0.01577547	PlugwisePC.exe	IOCTL_SERIAL_WAIT_ON_MASK	VCP0	SUCCESS		
902	0.00000670	PlugwisePC.exe	IOCTL_SERIAL_GET_COMMSTATUS	VCP0	SUCCESS		
903	0.00000475	PlugwisePC.exe	IOCTL_SERIAL_GET_COMMSTATUS	VCP0	SUCCESS		
904	0.00000754	PlugwisePC.exe	IRP_MJ_READ	VCP0	SUCCESS	Length 80: 41 43 3A 20 30 30 30 44 36 46 30 30 30 31 41 35 39 45 44 43 23 20 41 50 53 52 65 71 75 65 73 74 4E 6F 64 65 49 6E 66 6F 3A 20 44 65 73 74 69 6E 61 74 69 6F 6E 20 4D 41 43 3A 20 0D 0A 30 30 30 44 36 46 30 30 30 32 39 30 38 32 45 44 0D 0A 83 	
905	0.00003827	PlugwisePC.exe	IOCTL_SERIAL_GET_COMMSTATUS	VCP0	SUCCESS		
906	0.01590230	PlugwisePC.exe	IOCTL_SERIAL_WAIT_ON_MASK	VCP0	SUCCESS		
907	0.00000000	PlugwisePC.exe	IOCTL_SERIAL_GET_COMMSTATUS	VCP0	SUCCESS		
908	0.00000000	PlugwisePC.exe	IOCTL_SERIAL_GET_COMMSTATUS	VCP0	SUCCESS		
909	0.00000754	PlugwisePC.exe	IRP_MJ_READ	VCP0	SUCCESS	Length 39: 05 05 03 03 30 30 32 34 30 31 32 41 30 30 30 44 36 46 30 30 30 32 39 30 38 32 45 44 31 31 30 42 30 39 31 46 30 30 30 	
910	0.06320300	PlugwisePC.exe	IOCTL_SERIAL_WAIT_ON_MASK	VCP0	SUCCESS		
911	0.00000670	PlugwisePC.exe	IOCTL_SERIAL_GET_COMMSTATUS	VCP0	SUCCESS		
912	0.00000475	PlugwisePC.exe	IOCTL_SERIAL_GET_COMMSTATUS	VCP0	SUCCESS		
913	0.00000726	PlugwisePC.exe	IRP_MJ_READ	VCP0	SUCCESS	Length 37: 36 35 30 46 30 30 31 38 35 36 35 33 39 30 39 30 30 31 31 30 36 34 45 30 38 34 34 43 32 30 32 34 36 35 37 0D 0A 	
914	0.00354039	PlugwisePC.exe	IRP_MJ_WRITE	VCP0	SUCCESS	Length 30: 05 05 03 03 30 30 31 32 30 30 30 44 36 46 30 30 30 32 39 30 38 32 45 44 46 39 44 33 0D 0A 	
915	0.01605595	PlugwisePC.exe	IOCTL_SERIAL_WAIT_ON_MASK	VCP0	SUCCESS		
916	0.00000643	PlugwisePC.exe	IOCTL_SERIAL_GET_COMMSTATUS	VCP0	SUCCESS		
917	0.00000447	PlugwisePC.exe	IOCTL_SERIAL_GET_COMMSTATUS	VCP0	SUCCESS		
918	0.00000726	PlugwisePC.exe	IRP_MJ_READ	VCP0	SUCCESS	Length 16: 05 05 03 03 30 30 30 30 30 31 32 42 30 30 43 31 	
919	0.03299134	PlugwisePC.exe	IOCTL_SERIAL_WAIT_ON_MASK	VCP0	SUCCESS		
920	0.00002263	PlugwisePC.exe	IOCTL_SERIAL_GET_COMMSTATUS	VCP0	SUCCESS		
921	0.00001928	PlugwisePC.exe	IOCTL_SERIAL_GET_COMMSTATUS	VCP0	SUCCESS		
922	0.00002039	PlugwisePC.exe	IRP_MJ_READ	VCP0	SUCCESS	Length 7: 33 45 39 38 0D 0A 83 	
923	0.00000000	PlugwisePC.exe	IOCTL_SERIAL_WAIT_ON_MASK	VCP0			
924	0.00000698	PlugwisePC.exe	IOCTL_SERIAL_GET_COMMSTATUS	VCP0	SUCCESS		
925	0.00000447	PlugwisePC.exe	IOCTL_SERIAL_GET_COMMSTATUS	VCP0	SUCCESS		
926	0.00000894	PlugwisePC.exe	IRP_MJ_READ	VCP0	SUCCESS	Length 62: 05 05 03 03 30 30 31 33 30 31 32 42 30 30 30 44 36 46 30 30 30 32 39 30 38 32 45 44 30 30 36 41 30 33 35 42 30 30 30 36 35 45 33 34 46 46 46 43 35 31 41 32 30 30 30 39 45 31 39 41 0D 0A 	
